ERROR - 2021-11-29 11:30:09 --> Table 'labdb.t_usuarios' doesn't exist
CRITICAL - 2021-11-29 11:30:09 --> Table 'labdb.t_usuarios' doesn't exist
#0 /home/emerling/Proyectos/glab/system/Database/MySQLi/Connection.php(292): mysqli->query()
#1 /home/emerling/Proyectos/glab/system/Database/BaseConnection.php(670): CodeIgniter\Database\MySQLi\Connection->execute()
#2 /home/emerling/Proyectos/glab/system/Database/BaseConnection.php(598): CodeIgniter\Database\BaseConnection->simpleQuery()
#3 /home/emerling/Proyectos/glab/system/Database/BaseBuilder.php(1443): CodeIgniter\Database\BaseConnection->query()
#4 /home/emerling/Proyectos/glab/system/Validation/Rules.php(116): CodeIgniter\Database\BaseBuilder->get()
#5 /home/emerling/Proyectos/glab/system/Validation/Validation.php(277): CodeIgniter\Validation\Rules->is_not_unique()
#6 /home/emerling/Proyectos/glab/system/Validation/Validation.php(151): CodeIgniter\Validation\Validation->processRules()
#7 /home/emerling/Proyectos/glab/system/Controller.php(160): CodeIgniter\Validation\Validation->run()
#8 /home/emerling/Proyectos/glab/app/Controllers/Auth.php(90): CodeIgniter\Controller->validate()
#9 /home/emerling/Proyectos/glab/system/CodeIgniter.php(824): App\Controllers\Auth->check()
#10 /home/emerling/Proyectos/glab/system/CodeIgniter.php(410): CodeIgniter\CodeIgniter->runController()
#11 /home/emerling/Proyectos/glab/system/CodeIgniter.php(318): CodeIgniter\CodeIgniter->handleRequest()
#12 /home/emerling/Proyectos/glab/public/index.php(37): CodeIgniter\CodeIgniter->run()
#13 /home/emerling/Proyectos/glab/system/Commands/Server/rewrite.php(43): require_once('/home/emerling/...')
#14 {main}
ERROR - 2021-11-29 11:35:33 --> Table 'labdb.t_usuarios' doesn't exist
CRITICAL - 2021-11-29 11:35:33 --> Table 'labdb.t_usuarios' doesn't exist
#0 /home/emerling/Proyectos/glab/system/Database/MySQLi/Connection.php(292): mysqli->query()
#1 /home/emerling/Proyectos/glab/system/Database/BaseConnection.php(670): CodeIgniter\Database\MySQLi\Connection->execute()
#2 /home/emerling/Proyectos/glab/system/Database/BaseConnection.php(598): CodeIgniter\Database\BaseConnection->simpleQuery()
#3 /home/emerling/Proyectos/glab/system/Database/BaseBuilder.php(1443): CodeIgniter\Database\BaseConnection->query()
#4 /home/emerling/Proyectos/glab/system/Validation/Rules.php(116): CodeIgniter\Database\BaseBuilder->get()
#5 /home/emerling/Proyectos/glab/system/Validation/Validation.php(277): CodeIgniter\Validation\Rules->is_not_unique()
#6 /home/emerling/Proyectos/glab/system/Validation/Validation.php(151): CodeIgniter\Validation\Validation->processRules()
#7 /home/emerling/Proyectos/glab/system/Controller.php(160): CodeIgniter\Validation\Validation->run()
#8 /home/emerling/Proyectos/glab/app/Controllers/Auth.php(90): CodeIgniter\Controller->validate()
#9 /home/emerling/Proyectos/glab/system/CodeIgniter.php(824): App\Controllers\Auth->check()
#10 /home/emerling/Proyectos/glab/system/CodeIgniter.php(410): CodeIgniter\CodeIgniter->runController()
#11 /home/emerling/Proyectos/glab/system/CodeIgniter.php(318): CodeIgniter\CodeIgniter->handleRequest()
#12 /home/emerling/Proyectos/glab/public/index.php(37): CodeIgniter\CodeIgniter->run()
#13 /home/emerling/Proyectos/glab/system/Commands/Server/rewrite.php(43): require_once('/home/emerling/...')
#14 {main}
ERROR - 2021-11-29 11:35:42 --> Table 'labdb.t_usuarios' doesn't exist
CRITICAL - 2021-11-29 11:35:42 --> Table 'labdb.t_usuarios' doesn't exist
#0 /home/emerling/Proyectos/glab/system/Database/MySQLi/Connection.php(292): mysqli->query()
#1 /home/emerling/Proyectos/glab/system/Database/BaseConnection.php(670): CodeIgniter\Database\MySQLi\Connection->execute()
#2 /home/emerling/Proyectos/glab/system/Database/BaseConnection.php(598): CodeIgniter\Database\BaseConnection->simpleQuery()
#3 /home/emerling/Proyectos/glab/system/Database/BaseBuilder.php(1443): CodeIgniter\Database\BaseConnection->query()
#4 /home/emerling/Proyectos/glab/system/Validation/Rules.php(116): CodeIgniter\Database\BaseBuilder->get()
#5 /home/emerling/Proyectos/glab/system/Validation/Validation.php(277): CodeIgniter\Validation\Rules->is_not_unique()
#6 /home/emerling/Proyectos/glab/system/Validation/Validation.php(151): CodeIgniter\Validation\Validation->processRules()
#7 /home/emerling/Proyectos/glab/system/Controller.php(160): CodeIgniter\Validation\Validation->run()
#8 /home/emerling/Proyectos/glab/app/Controllers/Auth.php(90): CodeIgniter\Controller->validate()
#9 /home/emerling/Proyectos/glab/system/CodeIgniter.php(824): App\Controllers\Auth->check()
#10 /home/emerling/Proyectos/glab/system/CodeIgniter.php(410): CodeIgniter\CodeIgniter->runController()
#11 /home/emerling/Proyectos/glab/system/CodeIgniter.php(318): CodeIgniter\CodeIgniter->handleRequest()
#12 /home/emerling/Proyectos/glab/public/index.php(37): CodeIgniter\CodeIgniter->run()
#13 /home/emerling/Proyectos/glab/system/Commands/Server/rewrite.php(43): require_once('/home/emerling/...')
#14 {main}
CRITICAL - 2021-11-29 15:06:23 --> Argument 2 passed to CodeIgniter\Validation\Rules::is_unique() must be of the type string, null given, called in /home/emerling/Proyectos/glab/system/Validation/Validation.php on line 277
#0 /home/emerling/Proyectos/glab/system/Validation/Validation.php(277): CodeIgniter\Validation\Rules->is_unique()
#1 /home/emerling/Proyectos/glab/system/Validation/Validation.php(151): CodeIgniter\Validation\Validation->processRules()
#2 /home/emerling/Proyectos/glab/system/Controller.php(160): CodeIgniter\Validation\Validation->run()
#3 /home/emerling/Proyectos/glab/app/Controllers/Auth.php(34): CodeIgniter\Controller->validate()
#4 /home/emerling/Proyectos/glab/system/CodeIgniter.php(824): App\Controllers\Auth->save()
#5 /home/emerling/Proyectos/glab/system/CodeIgniter.php(410): CodeIgniter\CodeIgniter->runController()
#6 /home/emerling/Proyectos/glab/system/CodeIgniter.php(318): CodeIgniter\CodeIgniter->handleRequest()
#7 /home/emerling/Proyectos/glab/public/index.php(37): CodeIgniter\CodeIgniter->run()
#8 /home/emerling/Proyectos/glab/system/Commands/Server/rewrite.php(43): require_once('/home/emerling/...')
#9 {main}
CRITICAL - 2021-11-29 15:18:52 --> requiredis_unique is not a valid rule.
#0 /home/emerling/Proyectos/glab/system/Validation/Validation.php(285): CodeIgniter\Validation\Exceptions\ValidationException::forRuleNotFound()
#1 /home/emerling/Proyectos/glab/system/Validation/Validation.php(151): CodeIgniter\Validation\Validation->processRules()
#2 /home/emerling/Proyectos/glab/system/Controller.php(160): CodeIgniter\Validation\Validation->run()
#3 /home/emerling/Proyectos/glab/app/Controllers/Auth.php(34): CodeIgniter\Controller->validate()
#4 /home/emerling/Proyectos/glab/system/CodeIgniter.php(824): App\Controllers\Auth->save()
#5 /home/emerling/Proyectos/glab/system/CodeIgniter.php(410): CodeIgniter\CodeIgniter->runController()
#6 /home/emerling/Proyectos/glab/system/CodeIgniter.php(318): CodeIgniter\CodeIgniter->handleRequest()
#7 /home/emerling/Proyectos/glab/public/index.php(37): CodeIgniter\CodeIgniter->run()
#8 /home/emerling/Proyectos/glab/system/Commands/Server/rewrite.php(43): require_once('/home/emerling/...')
#9 {main}
ERROR - 2021-11-29 15:19:44 --> Unknown column 'ususario' in 'where clause'
CRITICAL - 2021-11-29 15:19:44 --> Unknown column 'ususario' in 'where clause'
#0 /home/emerling/Proyectos/glab/system/Database/MySQLi/Connection.php(292): mysqli->query()
#1 /home/emerling/Proyectos/glab/system/Database/BaseConnection.php(670): CodeIgniter\Database\MySQLi\Connection->execute()
#2 /home/emerling/Proyectos/glab/system/Database/BaseConnection.php(598): CodeIgniter\Database\BaseConnection->simpleQuery()
#3 /home/emerling/Proyectos/glab/system/Database/BaseBuilder.php(1443): CodeIgniter\Database\BaseConnection->query()
#4 /home/emerling/Proyectos/glab/system/Validation/Rules.php(161): CodeIgniter\Database\BaseBuilder->get()
#5 /home/emerling/Proyectos/glab/system/Validation/Validation.php(277): CodeIgniter\Validation\Rules->is_unique()
#6 /home/emerling/Proyectos/glab/system/Validation/Validation.php(151): CodeIgniter\Validation\Validation->processRules()
#7 /home/emerling/Proyectos/glab/system/Controller.php(160): CodeIgniter\Validation\Validation->run()
#8 /home/emerling/Proyectos/glab/app/Controllers/Auth.php(34): CodeIgniter\Controller->validate()
#9 /home/emerling/Proyectos/glab/system/CodeIgniter.php(824): App\Controllers\Auth->save()
#10 /home/emerling/Proyectos/glab/system/CodeIgniter.php(410): CodeIgniter\CodeIgniter->runController()
#11 /home/emerling/Proyectos/glab/system/CodeIgniter.php(318): CodeIgniter\CodeIgniter->handleRequest()
#12 /home/emerling/Proyectos/glab/public/index.php(37): CodeIgniter\CodeIgniter->run()
#13 /home/emerling/Proyectos/glab/system/Commands/Server/rewrite.php(43): require_once('/home/emerling/...')
#14 {main}
CRITICAL - 2021-11-29 15:41:58 --> Undefined index: usuario
#0 /home/emerling/Proyectos/glab/app/Views/dashboard/index.php(26): CodeIgniter\Debug\Exceptions->errorHandler()
#1 /home/emerling/Proyectos/glab/system/View/View.php(214): include('/home/emerling/...')
#2 /home/emerling/Proyectos/glab/system/View/View.php(217): CodeIgniter\View\View->CodeIgniter\View\{closure}()
#3 /home/emerling/Proyectos/glab/system/Common.php(1097): CodeIgniter\View\View->render()
#4 /home/emerling/Proyectos/glab/app/Controllers/Dashboard.php(16): view()
#5 /home/emerling/Proyectos/glab/system/CodeIgniter.php(824): App\Controllers\Dashboard->index()
#6 /home/emerling/Proyectos/glab/system/CodeIgniter.php(410): CodeIgniter\CodeIgniter->runController()
#7 /home/emerling/Proyectos/glab/system/CodeIgniter.php(318): CodeIgniter\CodeIgniter->handleRequest()
#8 /home/emerling/Proyectos/glab/public/index.php(37): CodeIgniter\CodeIgniter->run()
#9 /home/emerling/Proyectos/glab/system/Commands/Server/rewrite.php(43): require_once('/home/emerling/...')
#10 {main}
CRITICAL - 2021-11-29 16:03:15 --> Class 'App\Filters\AuthCheckfilter' not found
#0 /home/emerling/Proyectos/glab/system/CodeIgniter.php(384): CodeIgniter\Filters\Filters->run()
#1 /home/emerling/Proyectos/glab/system/CodeIgniter.php(318): CodeIgniter\CodeIgniter->handleRequest()
#2 /home/emerling/Proyectos/glab/public/index.php(37): CodeIgniter\CodeIgniter->run()
#3 /home/emerling/Proyectos/glab/system/Commands/Server/rewrite.php(43): require_once('/home/emerling/...')
#4 {main}
CRITICAL - 2021-11-29 16:04:55 --> Class 'Config\AuthCheckfilter' not found
#0 /home/emerling/Proyectos/glab/system/CodeIgniter.php(384): CodeIgniter\Filters\Filters->run()
#1 /home/emerling/Proyectos/glab/system/CodeIgniter.php(318): CodeIgniter\CodeIgniter->handleRequest()
#2 /home/emerling/Proyectos/glab/public/index.php(37): CodeIgniter\CodeIgniter->run()
#3 /home/emerling/Proyectos/glab/system/Commands/Server/rewrite.php(43): require_once('/home/emerling/...')
#4 {main}
CRITICAL - 2021-11-29 16:06:51 --> Class 'App\Filters\AuthCheckfilter' not found
#0 /home/emerling/Proyectos/glab/system/CodeIgniter.php(384): CodeIgniter\Filters\Filters->run()
#1 /home/emerling/Proyectos/glab/system/CodeIgniter.php(318): CodeIgniter\CodeIgniter->handleRequest()
#2 /home/emerling/Proyectos/glab/public/index.php(37): CodeIgniter\CodeIgniter->run()
#3 /home/emerling/Proyectos/glab/system/Commands/Server/rewrite.php(43): require_once('/home/emerling/...')
#4 {main}
CRITICAL - 2021-11-29 16:07:12 --> Class 'Config\App\Filters\AuthCheckfilter' not found
#0 /home/emerling/Proyectos/glab/system/CodeIgniter.php(384): CodeIgniter\Filters\Filters->run()
#1 /home/emerling/Proyectos/glab/system/CodeIgniter.php(318): CodeIgniter\CodeIgniter->handleRequest()
#2 /home/emerling/Proyectos/glab/public/index.php(37): CodeIgniter\CodeIgniter->run()
#3 /home/emerling/Proyectos/glab/system/Commands/Server/rewrite.php(43): require_once('/home/emerling/...')
#4 {main}
CRITICAL - 2021-11-29 16:08:18 --> Class '\App\Filters\AuthCheckfilter::class' not found
#0 /home/emerling/Proyectos/glab/system/CodeIgniter.php(384): CodeIgniter\Filters\Filters->run()
#1 /home/emerling/Proyectos/glab/system/CodeIgniter.php(318): CodeIgniter\CodeIgniter->handleRequest()
#2 /home/emerling/Proyectos/glab/public/index.php(37): CodeIgniter\CodeIgniter->run()
#3 /home/emerling/Proyectos/glab/system/Commands/Server/rewrite.php(43): require_once('/home/emerling/...')
#4 {main}
CRITICAL - 2021-11-29 16:12:33 --> Class 'App\Filters\AuthCheckfilter' not found
#0 /home/emerling/Proyectos/glab/system/CodeIgniter.php(384): CodeIgniter\Filters\Filters->run()
#1 /home/emerling/Proyectos/glab/system/CodeIgniter.php(318): CodeIgniter\CodeIgniter->handleRequest()
#2 /home/emerling/Proyectos/glab/public/index.php(37): CodeIgniter\CodeIgniter->run()
#3 /home/emerling/Proyectos/glab/system/Commands/Server/rewrite.php(43): require_once('/home/emerling/...')
#4 {main}
CRITICAL - 2021-11-29 16:13:41 --> Class 'App\Filters\AuthCheckfilter' not found
#0 /home/emerling/Proyectos/glab/system/CodeIgniter.php(384): CodeIgniter\Filters\Filters->run()
#1 /home/emerling/Proyectos/glab/system/CodeIgniter.php(318): CodeIgniter\CodeIgniter->handleRequest()
#2 /home/emerling/Proyectos/glab/public/index.php(37): CodeIgniter\CodeIgniter->run()
#3 /home/emerling/Proyectos/glab/system/Commands/Server/rewrite.php(43): require_once('/home/emerling/...')
#4 {main}
CRITICAL - 2021-11-29 16:18:01 --> Class 'Config\AuthCheckfilter' not found
#0 /home/emerling/Proyectos/glab/system/CodeIgniter.php(384): CodeIgniter\Filters\Filters->run()
#1 /home/emerling/Proyectos/glab/system/CodeIgniter.php(318): CodeIgniter\CodeIgniter->handleRequest()
#2 /home/emerling/Proyectos/glab/public/index.php(37): CodeIgniter\CodeIgniter->run()
#3 /home/emerling/Proyectos/glab/system/Commands/Server/rewrite.php(43): require_once('/home/emerling/...')
#4 {main}
CRITICAL - 2021-11-29 16:19:04 --> Class 'app\Filters\AuthCheckfilter' not found
#0 /home/emerling/Proyectos/glab/system/CodeIgniter.php(384): CodeIgniter\Filters\Filters->run()
#1 /home/emerling/Proyectos/glab/system/CodeIgniter.php(318): CodeIgniter\CodeIgniter->handleRequest()
#2 /home/emerling/Proyectos/glab/public/index.php(37): CodeIgniter\CodeIgniter->run()
#3 /home/emerling/Proyectos/glab/system/Commands/Server/rewrite.php(43): require_once('/home/emerling/...')
#4 {main}
CRITICAL - 2021-11-29 16:19:23 --> syntax error, unexpected '.'
#0 /home/emerling/Proyectos/glab/system/Autoloader/Autoloader.php(241): CodeIgniter\Autoloader\Autoloader->includeFile()
#1 /home/emerling/Proyectos/glab/system/Autoloader/Autoloader.php(219): CodeIgniter\Autoloader\Autoloader->loadInNamespace()
#2 [internal function]: CodeIgniter\Autoloader\Autoloader->loadClass()
#3 [internal function]: spl_autoload_call()
#4 /home/emerling/Proyectos/glab/system/Config/Factories.php(136): class_exists()
#5 /home/emerling/Proyectos/glab/system/Config/Factories.php(106): CodeIgniter\Config\Factories::locateClass()
#6 /home/emerling/Proyectos/glab/system/Common.php(198): CodeIgniter\Config\Factories::__callStatic()
#7 /home/emerling/Proyectos/glab/system/Config/Services.php(258): config()
#8 /home/emerling/Proyectos/glab/system/Config/BaseService.php(248): CodeIgniter\Config\Services::filters()
#9 /home/emerling/Proyectos/glab/system/Config/BaseService.php(189): CodeIgniter\Config\BaseService::__callStatic()
#10 /home/emerling/Proyectos/glab/system/Config/Services.php(255): CodeIgniter\Config\BaseService::getSharedInstance()
#11 /home/emerling/Proyectos/glab/system/Config/BaseService.php(248): CodeIgniter\Config\Services::filters()
#12 /home/emerling/Proyectos/glab/system/CodeIgniter.php(364): CodeIgniter\Config\BaseService::__callStatic()
#13 /home/emerling/Proyectos/glab/system/CodeIgniter.php(318): CodeIgniter\CodeIgniter->handleRequest()
#14 /home/emerling/Proyectos/glab/public/index.php(37): CodeIgniter\CodeIgniter->run()
#15 /home/emerling/Proyectos/glab/system/Commands/Server/rewrite.php(43): require_once('/home/emerling/...')
#16 {main}
CRITICAL - 2021-11-29 16:20:20 --> Class 'app\Filters\AuthCheckfilter' not found
#0 /home/emerling/Proyectos/glab/system/CodeIgniter.php(384): CodeIgniter\Filters\Filters->run()
#1 /home/emerling/Proyectos/glab/system/CodeIgniter.php(318): CodeIgniter\CodeIgniter->handleRequest()
#2 /home/emerling/Proyectos/glab/public/index.php(37): CodeIgniter\CodeIgniter->run()
#3 /home/emerling/Proyectos/glab/system/Commands/Server/rewrite.php(43): require_once('/home/emerling/...')
#4 {main}
CRITICAL - 2021-11-29 16:21:07 --> Class 'App\Filters\AuthCheckfilter' not found
#0 /home/emerling/Proyectos/glab/system/CodeIgniter.php(384): CodeIgniter\Filters\Filters->run()
#1 /home/emerling/Proyectos/glab/system/CodeIgniter.php(318): CodeIgniter\CodeIgniter->handleRequest()
#2 /home/emerling/Proyectos/glab/public/index.php(37): CodeIgniter\CodeIgniter->run()
#3 /home/emerling/Proyectos/glab/system/Commands/Server/rewrite.php(43): require_once('/home/emerling/...')
#4 {main}
CRITICAL - 2021-11-29 16:23:34 --> syntax error, unexpected ']', expecting ';' or ','
#0 /home/emerling/Proyectos/glab/system/Autoloader/Autoloader.php(241): CodeIgniter\Autoloader\Autoloader->includeFile()
#1 /home/emerling/Proyectos/glab/system/Autoloader/Autoloader.php(219): CodeIgniter\Autoloader\Autoloader->loadInNamespace()
#2 [internal function]: CodeIgniter\Autoloader\Autoloader->loadClass()
#3 [internal function]: spl_autoload_call()
#4 /home/emerling/Proyectos/glab/system/Config/Factories.php(136): class_exists()
#5 /home/emerling/Proyectos/glab/system/Config/Factories.php(106): CodeIgniter\Config\Factories::locateClass()
#6 /home/emerling/Proyectos/glab/system/Common.php(198): CodeIgniter\Config\Factories::__callStatic()
#7 /home/emerling/Proyectos/glab/system/Config/Services.php(258): config()
#8 /home/emerling/Proyectos/glab/system/Config/BaseService.php(248): CodeIgniter\Config\Services::filters()
#9 /home/emerling/Proyectos/glab/system/Config/BaseService.php(189): CodeIgniter\Config\BaseService::__callStatic()
#10 /home/emerling/Proyectos/glab/system/Config/Services.php(255): CodeIgniter\Config\BaseService::getSharedInstance()
#11 /home/emerling/Proyectos/glab/system/Config/BaseService.php(248): CodeIgniter\Config\Services::filters()
#12 /home/emerling/Proyectos/glab/system/CodeIgniter.php(364): CodeIgniter\Config\BaseService::__callStatic()
#13 /home/emerling/Proyectos/glab/system/CodeIgniter.php(318): CodeIgniter\CodeIgniter->handleRequest()
#14 /home/emerling/Proyectos/glab/public/index.php(37): CodeIgniter\CodeIgniter->run()
#15 /home/emerling/Proyectos/glab/system/Commands/Server/rewrite.php(43): require_once('/home/emerling/...')
#16 {main}
CRITICAL - 2021-11-29 16:23:46 --> Class 'CodeIgniter\Filters\AuthCheckfilter' not found
#0 /home/emerling/Proyectos/glab/system/CodeIgniter.php(384): CodeIgniter\Filters\Filters->run()
#1 /home/emerling/Proyectos/glab/system/CodeIgniter.php(318): CodeIgniter\CodeIgniter->handleRequest()
#2 /home/emerling/Proyectos/glab/public/index.php(37): CodeIgniter\CodeIgniter->run()
#3 /home/emerling/Proyectos/glab/system/Commands/Server/rewrite.php(43): require_once('/home/emerling/...')
#4 {main}
CRITICAL - 2021-11-29 16:25:01 --> Class 'CodeIgniter\Filters\AuthCheckFilter' not found
#0 /home/emerling/Proyectos/glab/system/CodeIgniter.php(384): CodeIgniter\Filters\Filters->run()
#1 /home/emerling/Proyectos/glab/system/CodeIgniter.php(318): CodeIgniter\CodeIgniter->handleRequest()
#2 /home/emerling/Proyectos/glab/public/index.php(37): CodeIgniter\CodeIgniter->run()
#3 /home/emerling/Proyectos/glab/system/Commands/Server/rewrite.php(43): require_once('/home/emerling/...')
#4 {main}
CRITICAL - 2021-11-29 16:25:04 --> Class 'CodeIgniter\Filters\AuthCheckFilter' not found
#0 /home/emerling/Proyectos/glab/system/CodeIgniter.php(384): CodeIgniter\Filters\Filters->run()
#1 /home/emerling/Proyectos/glab/system/CodeIgniter.php(318): CodeIgniter\CodeIgniter->handleRequest()
#2 /home/emerling/Proyectos/glab/public/index.php(37): CodeIgniter\CodeIgniter->run()
#3 /home/emerling/Proyectos/glab/system/Commands/Server/rewrite.php(43): require_once('/home/emerling/...')
#4 {main}
CRITICAL - 2021-11-29 16:28:42 --> Class 'App\Filters\AuthCheckfilter' not found
#0 /home/emerling/Proyectos/glab/system/CodeIgniter.php(384): CodeIgniter\Filters\Filters->run()
#1 /home/emerling/Proyectos/glab/system/CodeIgniter.php(318): CodeIgniter\CodeIgniter->handleRequest()
#2 /home/emerling/Proyectos/glab/public/index.php(37): CodeIgniter\CodeIgniter->run()
#3 /home/emerling/Proyectos/glab/system/Commands/Server/rewrite.php(43): require_once('/home/emerling/...')
#4 {main}
CRITICAL - 2021-11-29 16:31:10 --> Class 'App\Filters\AuthCheckfilter' not found
#0 /home/emerling/Proyectos/glab/system/CodeIgniter.php(384): CodeIgniter\Filters\Filters->run()
#1 /home/emerling/Proyectos/glab/system/CodeIgniter.php(318): CodeIgniter\CodeIgniter->handleRequest()
#2 /home/emerling/Proyectos/glab/public/index.php(37): CodeIgniter\CodeIgniter->run()
#3 /home/emerling/Proyectos/glab/system/Commands/Server/rewrite.php(43): require_once('/home/emerling/...')
#4 {main}
CRITICAL - 2021-11-29 16:31:24 --> Class 'App\Filters\AuthCheckfilter' not found
#0 /home/emerling/Proyectos/glab/system/CodeIgniter.php(384): CodeIgniter\Filters\Filters->run()
#1 /home/emerling/Proyectos/glab/system/CodeIgniter.php(318): CodeIgniter\CodeIgniter->handleRequest()
#2 /home/emerling/Proyectos/glab/public/index.php(37): CodeIgniter\CodeIgniter->run()
#3 /home/emerling/Proyectos/glab/system/Commands/Server/rewrite.php(43): require_once('/home/emerling/...')
#4 {main}
CRITICAL - 2021-11-29 16:35:21 --> Class 'App\Filters\AuthCheckfilter' not found
#0 /home/emerling/Proyectos/glab/system/CodeIgniter.php(384): CodeIgniter\Filters\Filters->run()
#1 /home/emerling/Proyectos/glab/system/CodeIgniter.php(318): CodeIgniter\CodeIgniter->handleRequest()
#2 /home/emerling/Proyectos/glab/public/index.php(37): CodeIgniter\CodeIgniter->run()
#3 /home/emerling/Proyectos/glab/system/Commands/Server/rewrite.php(43): require_once('/home/emerling/...')
#4 {main}
CRITICAL - 2021-11-29 16:49:27 --> Class 'App\Filters\AuthCheckfilter' not found
#0 /home/emerling/Proyectos/glab/system/CodeIgniter.php(384): CodeIgniter\Filters\Filters->run()
#1 /home/emerling/Proyectos/glab/system/CodeIgniter.php(318): CodeIgniter\CodeIgniter->handleRequest()
#2 /home/emerling/Proyectos/glab/public/index.php(37): CodeIgniter\CodeIgniter->run()
#3 /home/emerling/Proyectos/glab/system/Commands/Server/rewrite.php(43): require_once('/home/emerling/...')
#4 {main}
CRITICAL - 2021-11-29 16:49:52 --> Class 'App\Filters\AuthCheckfilter' not found
#0 /home/emerling/Proyectos/glab/system/CodeIgniter.php(384): CodeIgniter\Filters\Filters->run()
#1 /home/emerling/Proyectos/glab/system/CodeIgniter.php(318): CodeIgniter\CodeIgniter->handleRequest()
#2 /home/emerling/Proyectos/glab/public/index.php(37): CodeIgniter\CodeIgniter->run()
#3 /home/emerling/Proyectos/glab/system/Commands/Server/rewrite.php(43): require_once('/home/emerling/...')
#4 {main}
CRITICAL - 2021-11-29 16:51:02 --> Class 'Config\app\filter\AuthCheckfilter' not found
#0 /home/emerling/Proyectos/glab/system/CodeIgniter.php(384): CodeIgniter\Filters\Filters->run()
#1 /home/emerling/Proyectos/glab/system/CodeIgniter.php(318): CodeIgniter\CodeIgniter->handleRequest()
#2 /home/emerling/Proyectos/glab/public/index.php(37): CodeIgniter\CodeIgniter->run()
#3 /home/emerling/Proyectos/glab/system/Commands/Server/rewrite.php(43): require_once('/home/emerling/...')
#4 {main}
CRITICAL - 2021-11-29 16:51:29 --> Class 'Config\app\filter\AuthCheckfilter' not found
#0 /home/emerling/Proyectos/glab/system/CodeIgniter.php(384): CodeIgniter\Filters\Filters->run()
#1 /home/emerling/Proyectos/glab/system/CodeIgniter.php(318): CodeIgniter\CodeIgniter->handleRequest()
#2 /home/emerling/Proyectos/glab/public/index.php(37): CodeIgniter\CodeIgniter->run()
#3 /home/emerling/Proyectos/glab/system/Commands/Server/rewrite.php(43): require_once('/home/emerling/...')
#4 {main}
CRITICAL - 2021-11-29 16:51:30 --> Class 'Config\app\filter\AuthCheckfilter' not found
#0 /home/emerling/Proyectos/glab/system/CodeIgniter.php(384): CodeIgniter\Filters\Filters->run()
#1 /home/emerling/Proyectos/glab/system/CodeIgniter.php(318): CodeIgniter\CodeIgniter->handleRequest()
#2 /home/emerling/Proyectos/glab/public/index.php(37): CodeIgniter\CodeIgniter->run()
#3 /home/emerling/Proyectos/glab/system/Commands/Server/rewrite.php(43): require_once('/home/emerling/...')
#4 {main}
CRITICAL - 2021-11-29 16:51:30 --> Class 'Config\app\filter\AuthCheckfilter' not found
#0 /home/emerling/Proyectos/glab/system/CodeIgniter.php(384): CodeIgniter\Filters\Filters->run()
#1 /home/emerling/Proyectos/glab/system/CodeIgniter.php(318): CodeIgniter\CodeIgniter->handleRequest()
#2 /home/emerling/Proyectos/glab/public/index.php(37): CodeIgniter\CodeIgniter->run()
#3 /home/emerling/Proyectos/glab/system/Commands/Server/rewrite.php(43): require_once('/home/emerling/...')
#4 {main}
CRITICAL - 2021-11-29 16:51:30 --> Class 'Config\app\filter\AuthCheckfilter' not found
#0 /home/emerling/Proyectos/glab/system/CodeIgniter.php(384): CodeIgniter\Filters\Filters->run()
#1 /home/emerling/Proyectos/glab/system/CodeIgniter.php(318): CodeIgniter\CodeIgniter->handleRequest()
#2 /home/emerling/Proyectos/glab/public/index.php(37): CodeIgniter\CodeIgniter->run()
#3 /home/emerling/Proyectos/glab/system/Commands/Server/rewrite.php(43): require_once('/home/emerling/...')
#4 {main}
CRITICAL - 2021-11-29 16:51:30 --> Class 'Config\app\filter\AuthCheckfilter' not found
#0 /home/emerling/Proyectos/glab/system/CodeIgniter.php(384): CodeIgniter\Filters\Filters->run()
#1 /home/emerling/Proyectos/glab/system/CodeIgniter.php(318): CodeIgniter\CodeIgniter->handleRequest()
#2 /home/emerling/Proyectos/glab/public/index.php(37): CodeIgniter\CodeIgniter->run()
#3 /home/emerling/Proyectos/glab/system/Commands/Server/rewrite.php(43): require_once('/home/emerling/...')
#4 {main}
CRITICAL - 2021-11-29 16:51:44 --> Class 'Config\App\filter\AuthCheckfilter' not found
#0 /home/emerling/Proyectos/glab/system/CodeIgniter.php(384): CodeIgniter\Filters\Filters->run()
#1 /home/emerling/Proyectos/glab/system/CodeIgniter.php(318): CodeIgniter\CodeIgniter->handleRequest()
#2 /home/emerling/Proyectos/glab/public/index.php(37): CodeIgniter\CodeIgniter->run()
#3 /home/emerling/Proyectos/glab/system/Commands/Server/rewrite.php(43): require_once('/home/emerling/...')
#4 {main}
CRITICAL - 2021-11-29 16:51:45 --> Class 'Config\App\filter\AuthCheckfilter' not found
#0 /home/emerling/Proyectos/glab/system/CodeIgniter.php(384): CodeIgniter\Filters\Filters->run()
#1 /home/emerling/Proyectos/glab/system/CodeIgniter.php(318): CodeIgniter\CodeIgniter->handleRequest()
#2 /home/emerling/Proyectos/glab/public/index.php(37): CodeIgniter\CodeIgniter->run()
#3 /home/emerling/Proyectos/glab/system/Commands/Server/rewrite.php(43): require_once('/home/emerling/...')
#4 {main}
CRITICAL - 2021-11-29 16:52:08 --> Class 'Config\app\filter\AuthCheckfilter' not found
#0 /home/emerling/Proyectos/glab/system/CodeIgniter.php(384): CodeIgniter\Filters\Filters->run()
#1 /home/emerling/Proyectos/glab/system/CodeIgniter.php(318): CodeIgniter\CodeIgniter->handleRequest()
#2 /home/emerling/Proyectos/glab/public/index.php(37): CodeIgniter\CodeIgniter->run()
#3 /home/emerling/Proyectos/glab/system/Commands/Server/rewrite.php(43): require_once('/home/emerling/...')
#4 {main}
CRITICAL - 2021-11-29 16:52:09 --> Class 'Config\app\filter\AuthCheckfilter' not found
#0 /home/emerling/Proyectos/glab/system/CodeIgniter.php(384): CodeIgniter\Filters\Filters->run()
#1 /home/emerling/Proyectos/glab/system/CodeIgniter.php(318): CodeIgniter\CodeIgniter->handleRequest()
#2 /home/emerling/Proyectos/glab/public/index.php(37): CodeIgniter\CodeIgniter->run()
#3 /home/emerling/Proyectos/glab/system/Commands/Server/rewrite.php(43): require_once('/home/emerling/...')
#4 {main}
CRITICAL - 2021-11-29 16:52:10 --> Class 'Config\app\filter\AuthCheckfilter' not found
#0 /home/emerling/Proyectos/glab/system/CodeIgniter.php(384): CodeIgniter\Filters\Filters->run()
#1 /home/emerling/Proyectos/glab/system/CodeIgniter.php(318): CodeIgniter\CodeIgniter->handleRequest()
#2 /home/emerling/Proyectos/glab/public/index.php(37): CodeIgniter\CodeIgniter->run()
#3 /home/emerling/Proyectos/glab/system/Commands/Server/rewrite.php(43): require_once('/home/emerling/...')
#4 {main}
CRITICAL - 2021-11-29 16:52:10 --> Class 'Config\app\filter\AuthCheckfilter' not found
#0 /home/emerling/Proyectos/glab/system/CodeIgniter.php(384): CodeIgniter\Filters\Filters->run()
#1 /home/emerling/Proyectos/glab/system/CodeIgniter.php(318): CodeIgniter\CodeIgniter->handleRequest()
#2 /home/emerling/Proyectos/glab/public/index.php(37): CodeIgniter\CodeIgniter->run()
#3 /home/emerling/Proyectos/glab/system/Commands/Server/rewrite.php(43): require_once('/home/emerling/...')
#4 {main}
CRITICAL - 2021-11-29 16:52:10 --> Class 'Config\app\filter\AuthCheckfilter' not found
#0 /home/emerling/Proyectos/glab/system/CodeIgniter.php(384): CodeIgniter\Filters\Filters->run()
#1 /home/emerling/Proyectos/glab/system/CodeIgniter.php(318): CodeIgniter\CodeIgniter->handleRequest()
#2 /home/emerling/Proyectos/glab/public/index.php(37): CodeIgniter\CodeIgniter->run()
#3 /home/emerling/Proyectos/glab/system/Commands/Server/rewrite.php(43): require_once('/home/emerling/...')
#4 {main}
CRITICAL - 2021-11-29 16:52:10 --> Class 'Config\app\filter\AuthCheckfilter' not found
#0 /home/emerling/Proyectos/glab/system/CodeIgniter.php(384): CodeIgniter\Filters\Filters->run()
#1 /home/emerling/Proyectos/glab/system/CodeIgniter.php(318): CodeIgniter\CodeIgniter->handleRequest()
#2 /home/emerling/Proyectos/glab/public/index.php(37): CodeIgniter\CodeIgniter->run()
#3 /home/emerling/Proyectos/glab/system/Commands/Server/rewrite.php(43): require_once('/home/emerling/...')
#4 {main}
CRITICAL - 2021-11-29 16:52:10 --> Class 'Config\app\filter\AuthCheckfilter' not found
#0 /home/emerling/Proyectos/glab/system/CodeIgniter.php(384): CodeIgniter\Filters\Filters->run()
#1 /home/emerling/Proyectos/glab/system/CodeIgniter.php(318): CodeIgniter\CodeIgniter->handleRequest()
#2 /home/emerling/Proyectos/glab/public/index.php(37): CodeIgniter\CodeIgniter->run()
#3 /home/emerling/Proyectos/glab/system/Commands/Server/rewrite.php(43): require_once('/home/emerling/...')
#4 {main}
CRITICAL - 2021-11-29 16:53:33 --> Class 'Config\app\Filters\AuthCheckfilter' not found
#0 /home/emerling/Proyectos/glab/system/CodeIgniter.php(384): CodeIgniter\Filters\Filters->run()
#1 /home/emerling/Proyectos/glab/system/CodeIgniter.php(318): CodeIgniter\CodeIgniter->handleRequest()
#2 /home/emerling/Proyectos/glab/public/index.php(37): CodeIgniter\CodeIgniter->run()
#3 /home/emerling/Proyectos/glab/system/Commands/Server/rewrite.php(43): require_once('/home/emerling/...')
#4 {main}
CRITICAL - 2021-11-29 16:53:43 --> Class 'app\Filters\AuthCheckfilter' not found
#0 /home/emerling/Proyectos/glab/system/CodeIgniter.php(384): CodeIgniter\Filters\Filters->run()
#1 /home/emerling/Proyectos/glab/system/CodeIgniter.php(318): CodeIgniter\CodeIgniter->handleRequest()
#2 /home/emerling/Proyectos/glab/public/index.php(37): CodeIgniter\CodeIgniter->run()
#3 /home/emerling/Proyectos/glab/system/Commands/Server/rewrite.php(43): require_once('/home/emerling/...')
#4 {main}
CRITICAL - 2021-11-29 16:53:57 --> Class 'App\Filters\AuthCheckfilter' not found
#0 /home/emerling/Proyectos/glab/system/CodeIgniter.php(384): CodeIgniter\Filters\Filters->run()
#1 /home/emerling/Proyectos/glab/system/CodeIgniter.php(318): CodeIgniter\CodeIgniter->handleRequest()
#2 /home/emerling/Proyectos/glab/public/index.php(37): CodeIgniter\CodeIgniter->run()
#3 /home/emerling/Proyectos/glab/system/Commands/Server/rewrite.php(43): require_once('/home/emerling/...')
#4 {main}
CRITICAL - 2021-11-29 16:54:55 --> Class 'App\Filters\AuthCheckfilter' not found
#0 /home/emerling/Proyectos/glab/system/CodeIgniter.php(384): CodeIgniter\Filters\Filters->run()
#1 /home/emerling/Proyectos/glab/system/CodeIgniter.php(318): CodeIgniter\CodeIgniter->handleRequest()
#2 /home/emerling/Proyectos/glab/public/index.php(37): CodeIgniter\CodeIgniter->run()
#3 /home/emerling/Proyectos/glab/system/Commands/Server/rewrite.php(43): require_once('/home/emerling/...')
#4 {main}
CRITICAL - 2021-11-29 16:54:57 --> Class 'App\Filters\AuthCheckfilter' not found
#0 /home/emerling/Proyectos/glab/system/CodeIgniter.php(384): CodeIgniter\Filters\Filters->run()
#1 /home/emerling/Proyectos/glab/system/CodeIgniter.php(318): CodeIgniter\CodeIgniter->handleRequest()
#2 /home/emerling/Proyectos/glab/public/index.php(37): CodeIgniter\CodeIgniter->run()
#3 /home/emerling/Proyectos/glab/system/Commands/Server/rewrite.php(43): require_once('/home/emerling/...')
#4 {main}
CRITICAL - 2021-11-29 16:54:57 --> Class 'App\Filters\AuthCheckfilter' not found
#0 /home/emerling/Proyectos/glab/system/CodeIgniter.php(384): CodeIgniter\Filters\Filters->run()
#1 /home/emerling/Proyectos/glab/system/CodeIgniter.php(318): CodeIgniter\CodeIgniter->handleRequest()
#2 /home/emerling/Proyectos/glab/public/index.php(37): CodeIgniter\CodeIgniter->run()
#3 /home/emerling/Proyectos/glab/system/Commands/Server/rewrite.php(43): require_once('/home/emerling/...')
#4 {main}
CRITICAL - 2021-11-29 16:54:57 --> Class 'App\Filters\AuthCheckfilter' not found
#0 /home/emerling/Proyectos/glab/system/CodeIgniter.php(384): CodeIgniter\Filters\Filters->run()
#1 /home/emerling/Proyectos/glab/system/CodeIgniter.php(318): CodeIgniter\CodeIgniter->handleRequest()
#2 /home/emerling/Proyectos/glab/public/index.php(37): CodeIgniter\CodeIgniter->run()
#3 /home/emerling/Proyectos/glab/system/Commands/Server/rewrite.php(43): require_once('/home/emerling/...')
#4 {main}
CRITICAL - 2021-11-29 16:54:58 --> Class 'App\Filters\AuthCheckfilter' not found
#0 /home/emerling/Proyectos/glab/system/CodeIgniter.php(384): CodeIgniter\Filters\Filters->run()
#1 /home/emerling/Proyectos/glab/system/CodeIgniter.php(318): CodeIgniter\CodeIgniter->handleRequest()
#2 /home/emerling/Proyectos/glab/public/index.php(37): CodeIgniter\CodeIgniter->run()
#3 /home/emerling/Proyectos/glab/system/Commands/Server/rewrite.php(43): require_once('/home/emerling/...')
#4 {main}
CRITICAL - 2021-11-29 16:54:58 --> Class 'App\Filters\AuthCheckfilter' not found
#0 /home/emerling/Proyectos/glab/system/CodeIgniter.php(384): CodeIgniter\Filters\Filters->run()
#1 /home/emerling/Proyectos/glab/system/CodeIgniter.php(318): CodeIgniter\CodeIgniter->handleRequest()
#2 /home/emerling/Proyectos/glab/public/index.php(37): CodeIgniter\CodeIgniter->run()
#3 /home/emerling/Proyectos/glab/system/Commands/Server/rewrite.php(43): require_once('/home/emerling/...')
#4 {main}
CRITICAL - 2021-11-29 16:54:58 --> Class 'App\Filters\AuthCheckfilter' not found
#0 /home/emerling/Proyectos/glab/system/CodeIgniter.php(384): CodeIgniter\Filters\Filters->run()
#1 /home/emerling/Proyectos/glab/system/CodeIgniter.php(318): CodeIgniter\CodeIgniter->handleRequest()
#2 /home/emerling/Proyectos/glab/public/index.php(37): CodeIgniter\CodeIgniter->run()
#3 /home/emerling/Proyectos/glab/system/Commands/Server/rewrite.php(43): require_once('/home/emerling/...')
#4 {main}
CRITICAL - 2021-11-29 16:54:58 --> Class 'App\Filters\AuthCheckfilter' not found
#0 /home/emerling/Proyectos/glab/system/CodeIgniter.php(384): CodeIgniter\Filters\Filters->run()
#1 /home/emerling/Proyectos/glab/system/CodeIgniter.php(318): CodeIgniter\CodeIgniter->handleRequest()
#2 /home/emerling/Proyectos/glab/public/index.php(37): CodeIgniter\CodeIgniter->run()
#3 /home/emerling/Proyectos/glab/system/Commands/Server/rewrite.php(43): require_once('/home/emerling/...')
#4 {main}
CRITICAL - 2021-11-29 16:54:59 --> Class 'App\Filters\AuthCheckfilter' not found
#0 /home/emerling/Proyectos/glab/system/CodeIgniter.php(384): CodeIgniter\Filters\Filters->run()
#1 /home/emerling/Proyectos/glab/system/CodeIgniter.php(318): CodeIgniter\CodeIgniter->handleRequest()
#2 /home/emerling/Proyectos/glab/public/index.php(37): CodeIgniter\CodeIgniter->run()
#3 /home/emerling/Proyectos/glab/system/Commands/Server/rewrite.php(43): require_once('/home/emerling/...')
#4 {main}
CRITICAL - 2021-11-29 16:58:21 --> Class 'Config\App\Filters\AuthCheckfilter' not found
#0 /home/emerling/Proyectos/glab/system/CodeIgniter.php(384): CodeIgniter\Filters\Filters->run()
#1 /home/emerling/Proyectos/glab/system/CodeIgniter.php(318): CodeIgniter\CodeIgniter->handleRequest()
#2 /home/emerling/Proyectos/glab/public/index.php(37): CodeIgniter\CodeIgniter->run()
#3 /home/emerling/Proyectos/glab/system/Commands/Server/rewrite.php(43): require_once('/home/emerling/...')
#4 {main}
CRITICAL - 2021-11-29 16:58:36 --> Class 'Config\App\Filters\AuthCheckfilter' not found
#0 /home/emerling/Proyectos/glab/system/CodeIgniter.php(384): CodeIgniter\Filters\Filters->run()
#1 /home/emerling/Proyectos/glab/system/CodeIgniter.php(318): CodeIgniter\CodeIgniter->handleRequest()
#2 /home/emerling/Proyectos/glab/public/index.php(37): CodeIgniter\CodeIgniter->run()
#3 /home/emerling/Proyectos/glab/system/Commands/Server/rewrite.php(43): require_once('/home/emerling/...')
#4 {main}
CRITICAL - 2021-11-29 17:01:28 --> Class 'Config\App\Filters\AuthCheckfilter' not found
#0 /home/emerling/Proyectos/glab/system/CodeIgniter.php(384): CodeIgniter\Filters\Filters->run()
#1 /home/emerling/Proyectos/glab/system/CodeIgniter.php(318): CodeIgniter\CodeIgniter->handleRequest()
#2 /home/emerling/Proyectos/glab/public/index.php(37): CodeIgniter\CodeIgniter->run()
#3 /home/emerling/Proyectos/glab/system/Commands/Server/rewrite.php(43): require_once('/home/emerling/...')
#4 {main}
CRITICAL - 2021-11-29 17:08:21 --> Class 'Config\App\Filters\AuthCheckfilter' not found
#0 /home/emerling/Proyectos/glab/system/CodeIgniter.php(384): CodeIgniter\Filters\Filters->run()
#1 /home/emerling/Proyectos/glab/system/CodeIgniter.php(318): CodeIgniter\CodeIgniter->handleRequest()
#2 /home/emerling/Proyectos/glab/public/index.php(37): CodeIgniter\CodeIgniter->run()
#3 /home/emerling/Proyectos/glab/system/Commands/Server/rewrite.php(43): require_once('/home/emerling/...')
#4 {main}
CRITICAL - 2021-11-29 17:08:40 --> Class 'App\Filters\AuthCheckfilter' not found
#0 /home/emerling/Proyectos/glab/system/CodeIgniter.php(384): CodeIgniter\Filters\Filters->run()
#1 /home/emerling/Proyectos/glab/system/CodeIgniter.php(318): CodeIgniter\CodeIgniter->handleRequest()
#2 /home/emerling/Proyectos/glab/public/index.php(37): CodeIgniter\CodeIgniter->run()
#3 /home/emerling/Proyectos/glab/system/Commands/Server/rewrite.php(43): require_once('/home/emerling/...')
#4 {main}
CRITICAL - 2021-11-29 17:09:29 --> Class 'App\Filters\AuthCheckfilter' not found
#0 /home/emerling/Proyectos/glab/system/CodeIgniter.php(384): CodeIgniter\Filters\Filters->run()
#1 /home/emerling/Proyectos/glab/system/CodeIgniter.php(318): CodeIgniter\CodeIgniter->handleRequest()
#2 /home/emerling/Proyectos/glab/public/index.php(37): CodeIgniter\CodeIgniter->run()
#3 /home/emerling/Proyectos/glab/system/Commands/Server/rewrite.php(43): require_once('/home/emerling/...')
#4 {main}
CRITICAL - 2021-11-29 17:09:32 --> Class 'App\Filters\AuthCheckfilter' not found
#0 /home/emerling/Proyectos/glab/system/CodeIgniter.php(384): CodeIgniter\Filters\Filters->run()
#1 /home/emerling/Proyectos/glab/system/CodeIgniter.php(318): CodeIgniter\CodeIgniter->handleRequest()
#2 /home/emerling/Proyectos/glab/public/index.php(37): CodeIgniter\CodeIgniter->run()
#3 /home/emerling/Proyectos/glab/system/Commands/Server/rewrite.php(43): require_once('/home/emerling/...')
#4 {main}
CRITICAL - 2021-11-29 17:11:23 --> Class 'App\Filters\AuthCheckfilter' not found
#0 /home/emerling/Proyectos/glab/system/CodeIgniter.php(384): CodeIgniter\Filters\Filters->run()
#1 /home/emerling/Proyectos/glab/system/CodeIgniter.php(318): CodeIgniter\CodeIgniter->handleRequest()
#2 /home/emerling/Proyectos/glab/public/index.php(37): CodeIgniter\CodeIgniter->run()
#3 /home/emerling/Proyectos/glab/system/Commands/Server/rewrite.php(43): require_once('/home/emerling/...')
#4 {main}
CRITICAL - 2021-11-29 17:11:25 --> Class 'App\Filters\AuthCheckfilter' not found
#0 /home/emerling/Proyectos/glab/system/CodeIgniter.php(384): CodeIgniter\Filters\Filters->run()
#1 /home/emerling/Proyectos/glab/system/CodeIgniter.php(318): CodeIgniter\CodeIgniter->handleRequest()
#2 /home/emerling/Proyectos/glab/public/index.php(37): CodeIgniter\CodeIgniter->run()
#3 /home/emerling/Proyectos/glab/system/Commands/Server/rewrite.php(43): require_once('/home/emerling/...')
#4 {main}
CRITICAL - 2021-11-29 17:11:33 --> Class 'App\Filters\AuthCheckfilter' not found
#0 /home/emerling/Proyectos/glab/system/CodeIgniter.php(384): CodeIgniter\Filters\Filters->run()
#1 /home/emerling/Proyectos/glab/system/CodeIgniter.php(318): CodeIgniter\CodeIgniter->handleRequest()
#2 /home/emerling/Proyectos/glab/public/index.php(37): CodeIgniter\CodeIgniter->run()
#3 /home/emerling/Proyectos/glab/system/Commands/Server/rewrite.php(43): require_once('/home/emerling/...')
#4 {main}
CRITICAL - 2021-11-29 17:11:34 --> Class 'App\Filters\AuthCheckfilter' not found
#0 /home/emerling/Proyectos/glab/system/CodeIgniter.php(384): CodeIgniter\Filters\Filters->run()
#1 /home/emerling/Proyectos/glab/system/CodeIgniter.php(318): CodeIgniter\CodeIgniter->handleRequest()
#2 /home/emerling/Proyectos/glab/public/index.php(37): CodeIgniter\CodeIgniter->run()
#3 /home/emerling/Proyectos/glab/system/Commands/Server/rewrite.php(43): require_once('/home/emerling/...')
#4 {main}
CRITICAL - 2021-11-29 17:11:34 --> Class 'App\Filters\AuthCheckfilter' not found
#0 /home/emerling/Proyectos/glab/system/CodeIgniter.php(384): CodeIgniter\Filters\Filters->run()
#1 /home/emerling/Proyectos/glab/system/CodeIgniter.php(318): CodeIgniter\CodeIgniter->handleRequest()
#2 /home/emerling/Proyectos/glab/public/index.php(37): CodeIgniter\CodeIgniter->run()
#3 /home/emerling/Proyectos/glab/system/Commands/Server/rewrite.php(43): require_once('/home/emerling/...')
#4 {main}
CRITICAL - 2021-11-29 17:11:35 --> Class 'App\Filters\AuthCheckfilter' not found
#0 /home/emerling/Proyectos/glab/system/CodeIgniter.php(384): CodeIgniter\Filters\Filters->run()
#1 /home/emerling/Proyectos/glab/system/CodeIgniter.php(318): CodeIgniter\CodeIgniter->handleRequest()
#2 /home/emerling/Proyectos/glab/public/index.php(37): CodeIgniter\CodeIgniter->run()
#3 /home/emerling/Proyectos/glab/system/Commands/Server/rewrite.php(43): require_once('/home/emerling/...')
#4 {main}
CRITICAL - 2021-11-29 17:11:35 --> Class 'App\Filters\AuthCheckfilter' not found
#0 /home/emerling/Proyectos/glab/system/CodeIgniter.php(384): CodeIgniter\Filters\Filters->run()
#1 /home/emerling/Proyectos/glab/system/CodeIgniter.php(318): CodeIgniter\CodeIgniter->handleRequest()
#2 /home/emerling/Proyectos/glab/public/index.php(37): CodeIgniter\CodeIgniter->run()
#3 /home/emerling/Proyectos/glab/system/Commands/Server/rewrite.php(43): require_once('/home/emerling/...')
#4 {main}
CRITICAL - 2021-11-29 17:11:35 --> Class 'App\Filters\AuthCheckfilter' not found
#0 /home/emerling/Proyectos/glab/system/CodeIgniter.php(384): CodeIgniter\Filters\Filters->run()
#1 /home/emerling/Proyectos/glab/system/CodeIgniter.php(318): CodeIgniter\CodeIgniter->handleRequest()
#2 /home/emerling/Proyectos/glab/public/index.php(37): CodeIgniter\CodeIgniter->run()
#3 /home/emerling/Proyectos/glab/system/Commands/Server/rewrite.php(43): require_once('/home/emerling/...')
#4 {main}
CRITICAL - 2021-11-29 17:11:35 --> Class 'App\Filters\AuthCheckfilter' not found
#0 /home/emerling/Proyectos/glab/system/CodeIgniter.php(384): CodeIgniter\Filters\Filters->run()
#1 /home/emerling/Proyectos/glab/system/CodeIgniter.php(318): CodeIgniter\CodeIgniter->handleRequest()
#2 /home/emerling/Proyectos/glab/public/index.php(37): CodeIgniter\CodeIgniter->run()
#3 /home/emerling/Proyectos/glab/system/Commands/Server/rewrite.php(43): require_once('/home/emerling/...')
#4 {main}
CRITICAL - 2021-11-29 17:12:32 --> Class 'App\Filters\AuthCheckfilter' not found
#0 /home/emerling/Proyectos/glab/system/CodeIgniter.php(384): CodeIgniter\Filters\Filters->run()
#1 /home/emerling/Proyectos/glab/system/CodeIgniter.php(318): CodeIgniter\CodeIgniter->handleRequest()
#2 /home/emerling/Proyectos/glab/public/index.php(37): CodeIgniter\CodeIgniter->run()
#3 /home/emerling/Proyectos/glab/system/Commands/Server/rewrite.php(43): require_once('/home/emerling/...')
#4 {main}
CRITICAL - 2021-11-29 17:12:34 --> Class 'App\Filters\AuthCheckfilter' not found
#0 /home/emerling/Proyectos/glab/system/CodeIgniter.php(384): CodeIgniter\Filters\Filters->run()
#1 /home/emerling/Proyectos/glab/system/CodeIgniter.php(318): CodeIgniter\CodeIgniter->handleRequest()
#2 /home/emerling/Proyectos/glab/public/index.php(37): CodeIgniter\CodeIgniter->run()
#3 /home/emerling/Proyectos/glab/system/Commands/Server/rewrite.php(43): require_once('/home/emerling/...')
#4 {main}
CRITICAL - 2021-11-29 17:12:38 --> Class 'App\Filters\AuthCheckfilter' not found
#0 /home/emerling/Proyectos/glab/system/CodeIgniter.php(384): CodeIgniter\Filters\Filters->run()
#1 /home/emerling/Proyectos/glab/system/CodeIgniter.php(318): CodeIgniter\CodeIgniter->handleRequest()
#2 /home/emerling/Proyectos/glab/public/index.php(37): CodeIgniter\CodeIgniter->run()
#3 /home/emerling/Proyectos/glab/system/Commands/Server/rewrite.php(43): require_once('/home/emerling/...')
#4 {main}
CRITICAL - 2021-11-29 17:13:16 --> Class 'app\Filters\AuthCheckfilter' not found
#0 /home/emerling/Proyectos/glab/system/CodeIgniter.php(384): CodeIgniter\Filters\Filters->run()
#1 /home/emerling/Proyectos/glab/system/CodeIgniter.php(318): CodeIgniter\CodeIgniter->handleRequest()
#2 /home/emerling/Proyectos/glab/public/index.php(37): CodeIgniter\CodeIgniter->run()
#3 /home/emerling/Proyectos/glab/system/Commands/Server/rewrite.php(43): require_once('/home/emerling/...')
#4 {main}
CRITICAL - 2021-11-29 17:23:21 --> Class 'app\Filters\AuthCheckfilter' not found
#0 /home/emerling/Proyectos/glab/system/CodeIgniter.php(384): CodeIgniter\Filters\Filters->run()
#1 /home/emerling/Proyectos/glab/system/CodeIgniter.php(318): CodeIgniter\CodeIgniter->handleRequest()
#2 /home/emerling/Proyectos/glab/public/index.php(37): CodeIgniter\CodeIgniter->run()
#3 /home/emerling/Proyectos/glab/system/Commands/Server/rewrite.php(43): require_once('/home/emerling/...')
#4 {main}
CRITICAL - 2021-11-29 17:34:16 --> Class 'app\Filters\AuthCheckfilter' not found
#0 /home/emerling/Proyectos/glab/system/CodeIgniter.php(384): CodeIgniter\Filters\Filters->run()
#1 /home/emerling/Proyectos/glab/system/CodeIgniter.php(318): CodeIgniter\CodeIgniter->handleRequest()
#2 /home/emerling/Proyectos/glab/public/index.php(37): CodeIgniter\CodeIgniter->run()
#3 /home/emerling/Proyectos/glab/system/Commands/Server/rewrite.php(43): require_once('/home/emerling/...')
#4 {main}
CRITICAL - 2021-11-29 17:34:17 --> Class 'app\Filters\AuthCheckfilter' not found
#0 /home/emerling/Proyectos/glab/system/CodeIgniter.php(384): CodeIgniter\Filters\Filters->run()
#1 /home/emerling/Proyectos/glab/system/CodeIgniter.php(318): CodeIgniter\CodeIgniter->handleRequest()
#2 /home/emerling/Proyectos/glab/public/index.php(37): CodeIgniter\CodeIgniter->run()
#3 /home/emerling/Proyectos/glab/system/Commands/Server/rewrite.php(43): require_once('/home/emerling/...')
#4 {main}
CRITICAL - 2021-11-29 17:34:18 --> Class 'app\Filters\AuthCheckfilter' not found
#0 /home/emerling/Proyectos/glab/system/CodeIgniter.php(384): CodeIgniter\Filters\Filters->run()
#1 /home/emerling/Proyectos/glab/system/CodeIgniter.php(318): CodeIgniter\CodeIgniter->handleRequest()
#2 /home/emerling/Proyectos/glab/public/index.php(37): CodeIgniter\CodeIgniter->run()
#3 /home/emerling/Proyectos/glab/system/Commands/Server/rewrite.php(43): require_once('/home/emerling/...')
#4 {main}
CRITICAL - 2021-11-29 17:34:18 --> Class 'app\Filters\AuthCheckfilter' not found
#0 /home/emerling/Proyectos/glab/system/CodeIgniter.php(384): CodeIgniter\Filters\Filters->run()
#1 /home/emerling/Proyectos/glab/system/CodeIgniter.php(318): CodeIgniter\CodeIgniter->handleRequest()
#2 /home/emerling/Proyectos/glab/public/index.php(37): CodeIgniter\CodeIgniter->run()
#3 /home/emerling/Proyectos/glab/system/Commands/Server/rewrite.php(43): require_once('/home/emerling/...')
#4 {main}
CRITICAL - 2021-11-29 17:34:18 --> Class 'app\Filters\AuthCheckfilter' not found
#0 /home/emerling/Proyectos/glab/system/CodeIgniter.php(384): CodeIgniter\Filters\Filters->run()
#1 /home/emerling/Proyectos/glab/system/CodeIgniter.php(318): CodeIgniter\CodeIgniter->handleRequest()
#2 /home/emerling/Proyectos/glab/public/index.php(37): CodeIgniter\CodeIgniter->run()
#3 /home/emerling/Proyectos/glab/system/Commands/Server/rewrite.php(43): require_once('/home/emerling/...')
#4 {main}
CRITICAL - 2021-11-29 17:34:19 --> Class 'app\Filters\AuthCheckfilter' not found
#0 /home/emerling/Proyectos/glab/system/CodeIgniter.php(384): CodeIgniter\Filters\Filters->run()
#1 /home/emerling/Proyectos/glab/system/CodeIgniter.php(318): CodeIgniter\CodeIgniter->handleRequest()
#2 /home/emerling/Proyectos/glab/public/index.php(37): CodeIgniter\CodeIgniter->run()
#3 /home/emerling/Proyectos/glab/system/Commands/Server/rewrite.php(43): require_once('/home/emerling/...')
#4 {main}
CRITICAL - 2021-11-29 17:34:19 --> Class 'app\Filters\AuthCheckfilter' not found
#0 /home/emerling/Proyectos/glab/system/CodeIgniter.php(384): CodeIgniter\Filters\Filters->run()
#1 /home/emerling/Proyectos/glab/system/CodeIgniter.php(318): CodeIgniter\CodeIgniter->handleRequest()
#2 /home/emerling/Proyectos/glab/public/index.php(37): CodeIgniter\CodeIgniter->run()
#3 /home/emerling/Proyectos/glab/system/Commands/Server/rewrite.php(43): require_once('/home/emerling/...')
#4 {main}
CRITICAL - 2021-11-29 17:34:19 --> Class 'app\Filters\AuthCheckfilter' not found
#0 /home/emerling/Proyectos/glab/system/CodeIgniter.php(384): CodeIgniter\Filters\Filters->run()
#1 /home/emerling/Proyectos/glab/system/CodeIgniter.php(318): CodeIgniter\CodeIgniter->handleRequest()
#2 /home/emerling/Proyectos/glab/public/index.php(37): CodeIgniter\CodeIgniter->run()
#3 /home/emerling/Proyectos/glab/system/Commands/Server/rewrite.php(43): require_once('/home/emerling/...')
#4 {main}
CRITICAL - 2021-11-29 17:34:19 --> Class 'app\Filters\AuthCheckfilter' not found
#0 /home/emerling/Proyectos/glab/system/CodeIgniter.php(384): CodeIgniter\Filters\Filters->run()
#1 /home/emerling/Proyectos/glab/system/CodeIgniter.php(318): CodeIgniter\CodeIgniter->handleRequest()
#2 /home/emerling/Proyectos/glab/public/index.php(37): CodeIgniter\CodeIgniter->run()
#3 /home/emerling/Proyectos/glab/system/Commands/Server/rewrite.php(43): require_once('/home/emerling/...')
#4 {main}
CRITICAL - 2021-11-29 17:34:20 --> Class 'app\Filters\AuthCheckfilter' not found
#0 /home/emerling/Proyectos/glab/system/CodeIgniter.php(384): CodeIgniter\Filters\Filters->run()
#1 /home/emerling/Proyectos/glab/system/CodeIgniter.php(318): CodeIgniter\CodeIgniter->handleRequest()
#2 /home/emerling/Proyectos/glab/public/index.php(37): CodeIgniter\CodeIgniter->run()
#3 /home/emerling/Proyectos/glab/system/Commands/Server/rewrite.php(43): require_once('/home/emerling/...')
#4 {main}
CRITICAL - 2021-11-29 17:34:20 --> Class 'app\Filters\AuthCheckfilter' not found
#0 /home/emerling/Proyectos/glab/system/CodeIgniter.php(384): CodeIgniter\Filters\Filters->run()
#1 /home/emerling/Proyectos/glab/system/CodeIgniter.php(318): CodeIgniter\CodeIgniter->handleRequest()
#2 /home/emerling/Proyectos/glab/public/index.php(37): CodeIgniter\CodeIgniter->run()
#3 /home/emerling/Proyectos/glab/system/Commands/Server/rewrite.php(43): require_once('/home/emerling/...')
#4 {main}
CRITICAL - 2021-11-29 17:34:20 --> Class 'app\Filters\AuthCheckfilter' not found
#0 /home/emerling/Proyectos/glab/system/CodeIgniter.php(384): CodeIgniter\Filters\Filters->run()
#1 /home/emerling/Proyectos/glab/system/CodeIgniter.php(318): CodeIgniter\CodeIgniter->handleRequest()
#2 /home/emerling/Proyectos/glab/public/index.php(37): CodeIgniter\CodeIgniter->run()
#3 /home/emerling/Proyectos/glab/system/Commands/Server/rewrite.php(43): require_once('/home/emerling/...')
#4 {main}
CRITICAL - 2021-11-29 17:34:20 --> Class 'app\Filters\AuthCheckfilter' not found
#0 /home/emerling/Proyectos/glab/system/CodeIgniter.php(384): CodeIgniter\Filters\Filters->run()
#1 /home/emerling/Proyectos/glab/system/CodeIgniter.php(318): CodeIgniter\CodeIgniter->handleRequest()
#2 /home/emerling/Proyectos/glab/public/index.php(37): CodeIgniter\CodeIgniter->run()
#3 /home/emerling/Proyectos/glab/system/Commands/Server/rewrite.php(43): require_once('/home/emerling/...')
#4 {main}
CRITICAL - 2021-11-29 17:34:20 --> Class 'app\Filters\AuthCheckfilter' not found
#0 /home/emerling/Proyectos/glab/system/CodeIgniter.php(384): CodeIgniter\Filters\Filters->run()
#1 /home/emerling/Proyectos/glab/system/CodeIgniter.php(318): CodeIgniter\CodeIgniter->handleRequest()
#2 /home/emerling/Proyectos/glab/public/index.php(37): CodeIgniter\CodeIgniter->run()
#3 /home/emerling/Proyectos/glab/system/Commands/Server/rewrite.php(43): require_once('/home/emerling/...')
#4 {main}
CRITICAL - 2021-11-29 17:34:21 --> Class 'app\Filters\AuthCheckfilter' not found
#0 /home/emerling/Proyectos/glab/system/CodeIgniter.php(384): CodeIgniter\Filters\Filters->run()
#1 /home/emerling/Proyectos/glab/system/CodeIgniter.php(318): CodeIgniter\CodeIgniter->handleRequest()
#2 /home/emerling/Proyectos/glab/public/index.php(37): CodeIgniter\CodeIgniter->run()
#3 /home/emerling/Proyectos/glab/system/Commands/Server/rewrite.php(43): require_once('/home/emerling/...')
#4 {main}
CRITICAL - 2021-11-29 17:42:48 --> AuthCheck filter must have a matching alias defined.
#0 /home/emerling/Proyectos/glab/system/Filters/Filters.php(340): CodeIgniter\Filters\Exceptions\FilterException::forNoAlias()
#1 /home/emerling/Proyectos/glab/system/CodeIgniter.php(375): CodeIgniter\Filters\Filters->enableFilter()
#2 /home/emerling/Proyectos/glab/system/CodeIgniter.php(318): CodeIgniter\CodeIgniter->handleRequest()
#3 /home/emerling/Proyectos/glab/public/index.php(37): CodeIgniter\CodeIgniter->run()
#4 /home/emerling/Proyectos/glab/system/Commands/Server/rewrite.php(43): require_once('/home/emerling/...')
#5 {main}
CRITICAL - 2021-11-29 17:43:40 --> AuthCheck filter must have a matching alias defined.
#0 /home/emerling/Proyectos/glab/system/Filters/Filters.php(340): CodeIgniter\Filters\Exceptions\FilterException::forNoAlias()
#1 /home/emerling/Proyectos/glab/system/CodeIgniter.php(375): CodeIgniter\Filters\Filters->enableFilter()
#2 /home/emerling/Proyectos/glab/system/CodeIgniter.php(318): CodeIgniter\CodeIgniter->handleRequest()
#3 /home/emerling/Proyectos/glab/public/index.php(37): CodeIgniter\CodeIgniter->run()
#4 /home/emerling/Proyectos/glab/system/Commands/Server/rewrite.php(43): require_once('/home/emerling/...')
#5 {main}
CRITICAL - 2021-11-29 17:44:20 --> Class 'app\Filters\AuthCheckFilter' not found
#0 /home/emerling/Proyectos/glab/system/CodeIgniter.php(384): CodeIgniter\Filters\Filters->run()
#1 /home/emerling/Proyectos/glab/system/CodeIgniter.php(318): CodeIgniter\CodeIgniter->handleRequest()
#2 /home/emerling/Proyectos/glab/public/index.php(37): CodeIgniter\CodeIgniter->run()
#3 /home/emerling/Proyectos/glab/system/Commands/Server/rewrite.php(43): require_once('/home/emerling/...')
#4 {main}
CRITICAL - 2021-11-29 17:48:11 --> Class 'app\Filters\AuthCheckFilter' not found
#0 /home/emerling/Proyectos/glab/system/CodeIgniter.php(384): CodeIgniter\Filters\Filters->run()
#1 /home/emerling/Proyectos/glab/system/CodeIgniter.php(318): CodeIgniter\CodeIgniter->handleRequest()
#2 /home/emerling/Proyectos/glab/public/index.php(37): CodeIgniter\CodeIgniter->run()
#3 /home/emerling/Proyectos/glab/system/Commands/Server/rewrite.php(43): require_once('/home/emerling/...')
#4 {main}
CRITICAL - 2021-11-29 17:48:13 --> Class 'app\Filters\AuthCheckFilter' not found
#0 /home/emerling/Proyectos/glab/system/CodeIgniter.php(384): CodeIgniter\Filters\Filters->run()
#1 /home/emerling/Proyectos/glab/system/CodeIgniter.php(318): CodeIgniter\CodeIgniter->handleRequest()
#2 /home/emerling/Proyectos/glab/public/index.php(37): CodeIgniter\CodeIgniter->run()
#3 /home/emerling/Proyectos/glab/system/Commands/Server/rewrite.php(43): require_once('/home/emerling/...')
#4 {main}
CRITICAL - 2021-11-29 17:48:14 --> Class 'app\Filters\AuthCheckFilter' not found
#0 /home/emerling/Proyectos/glab/system/CodeIgniter.php(384): CodeIgniter\Filters\Filters->run()
#1 /home/emerling/Proyectos/glab/system/CodeIgniter.php(318): CodeIgniter\CodeIgniter->handleRequest()
#2 /home/emerling/Proyectos/glab/public/index.php(37): CodeIgniter\CodeIgniter->run()
#3 /home/emerling/Proyectos/glab/system/Commands/Server/rewrite.php(43): require_once('/home/emerling/...')
#4 {main}
CRITICAL - 2021-11-29 17:48:15 --> Class 'app\Filters\AuthCheckFilter' not found
#0 /home/emerling/Proyectos/glab/system/CodeIgniter.php(384): CodeIgniter\Filters\Filters->run()
#1 /home/emerling/Proyectos/glab/system/CodeIgniter.php(318): CodeIgniter\CodeIgniter->handleRequest()
#2 /home/emerling/Proyectos/glab/public/index.php(37): CodeIgniter\CodeIgniter->run()
#3 /home/emerling/Proyectos/glab/system/Commands/Server/rewrite.php(43): require_once('/home/emerling/...')
#4 {main}
CRITICAL - 2021-11-29 17:48:29 --> Class 'app\Filters\AuthCheckFilter' not found
#0 /home/emerling/Proyectos/glab/system/CodeIgniter.php(384): CodeIgniter\Filters\Filters->run()
#1 /home/emerling/Proyectos/glab/system/CodeIgniter.php(318): CodeIgniter\CodeIgniter->handleRequest()
#2 /home/emerling/Proyectos/glab/public/index.php(37): CodeIgniter\CodeIgniter->run()
#3 /home/emerling/Proyectos/glab/system/Commands/Server/rewrite.php(43): require_once('/home/emerling/...')
#4 {main}
CRITICAL - 2021-11-29 17:48:32 --> Class 'app\Filters\AuthCheckFilter' not found
#0 /home/emerling/Proyectos/glab/system/CodeIgniter.php(384): CodeIgniter\Filters\Filters->run()
#1 /home/emerling/Proyectos/glab/system/CodeIgniter.php(318): CodeIgniter\CodeIgniter->handleRequest()
#2 /home/emerling/Proyectos/glab/public/index.php(37): CodeIgniter\CodeIgniter->run()
#3 /home/emerling/Proyectos/glab/system/Commands/Server/rewrite.php(43): require_once('/home/emerling/...')
#4 {main}
CRITICAL - 2021-11-29 17:52:44 --> Class 'app\Filters\AuthCheckFilter' not found
#0 /home/emerling/Proyectos/glab/system/CodeIgniter.php(384): CodeIgniter\Filters\Filters->run()
#1 /home/emerling/Proyectos/glab/system/CodeIgniter.php(318): CodeIgniter\CodeIgniter->handleRequest()
#2 /home/emerling/Proyectos/glab/public/index.php(37): CodeIgniter\CodeIgniter->run()
#3 /home/emerling/Proyectos/glab/system/Commands/Server/rewrite.php(43): require_once('/home/emerling/...')
#4 {main}
CRITICAL - 2021-11-29 17:53:10 --> Class 'app\Filters\AuthCheckFilter' not found
#0 /home/emerling/Proyectos/glab/system/CodeIgniter.php(384): CodeIgniter\Filters\Filters->run()
#1 /home/emerling/Proyectos/glab/system/CodeIgniter.php(318): CodeIgniter\CodeIgniter->handleRequest()
#2 /home/emerling/Proyectos/glab/public/index.php(37): CodeIgniter\CodeIgniter->run()
#3 /home/emerling/Proyectos/glab/system/Commands/Server/rewrite.php(43): require_once('/home/emerling/...')
#4 {main}
CRITICAL - 2021-11-29 17:54:56 --> Undefined index: usuario
#0 /home/emerling/Proyectos/glab/app/Views/dashboard/index.php(26): CodeIgniter\Debug\Exceptions->errorHandler()
#1 /home/emerling/Proyectos/glab/system/View/View.php(214): include('/home/emerling/...')
#2 /home/emerling/Proyectos/glab/system/View/View.php(217): CodeIgniter\View\View->CodeIgniter\View\{closure}()
#3 /home/emerling/Proyectos/glab/system/Common.php(1097): CodeIgniter\View\View->render()
#4 /home/emerling/Proyectos/glab/app/Controllers/Dashboard.php(16): view()
#5 /home/emerling/Proyectos/glab/system/CodeIgniter.php(824): App\Controllers\Dashboard->index()
#6 /home/emerling/Proyectos/glab/system/CodeIgniter.php(410): CodeIgniter\CodeIgniter->runController()
#7 /home/emerling/Proyectos/glab/system/CodeIgniter.php(318): CodeIgniter\CodeIgniter->handleRequest()
#8 /home/emerling/Proyectos/glab/public/index.php(37): CodeIgniter\CodeIgniter->run()
#9 /home/emerling/Proyectos/glab/system/Commands/Server/rewrite.php(43): require_once('/home/emerling/...')
#10 {main}
CRITICAL - 2021-11-29 17:56:32 --> Undefined index: usuario
#0 /home/emerling/Proyectos/glab/app/Views/dashboard/index.php(26): CodeIgniter\Debug\Exceptions->errorHandler()
#1 /home/emerling/Proyectos/glab/system/View/View.php(214): include('/home/emerling/...')
#2 /home/emerling/Proyectos/glab/system/View/View.php(217): CodeIgniter\View\View->CodeIgniter\View\{closure}()
#3 /home/emerling/Proyectos/glab/system/Common.php(1097): CodeIgniter\View\View->render()
#4 /home/emerling/Proyectos/glab/app/Controllers/Dashboard.php(16): view()
#5 /home/emerling/Proyectos/glab/system/CodeIgniter.php(824): App\Controllers\Dashboard->index()
#6 /home/emerling/Proyectos/glab/system/CodeIgniter.php(410): CodeIgniter\CodeIgniter->runController()
#7 /home/emerling/Proyectos/glab/system/CodeIgniter.php(318): CodeIgniter\CodeIgniter->handleRequest()
#8 /home/emerling/Proyectos/glab/public/index.php(37): CodeIgniter\CodeIgniter->run()
#9 /home/emerling/Proyectos/glab/system/Commands/Server/rewrite.php(43): require_once('/home/emerling/...')
#10 {main}
CRITICAL - 2021-11-29 17:56:51 --> Undefined index: usuario
#0 /home/emerling/Proyectos/glab/app/Views/dashboard/index.php(26): CodeIgniter\Debug\Exceptions->errorHandler()
#1 /home/emerling/Proyectos/glab/system/View/View.php(214): include('/home/emerling/...')
#2 /home/emerling/Proyectos/glab/system/View/View.php(217): CodeIgniter\View\View->CodeIgniter\View\{closure}()
#3 /home/emerling/Proyectos/glab/system/Common.php(1097): CodeIgniter\View\View->render()
#4 /home/emerling/Proyectos/glab/app/Controllers/Dashboard.php(16): view()
#5 /home/emerling/Proyectos/glab/system/CodeIgniter.php(824): App\Controllers\Dashboard->index()
#6 /home/emerling/Proyectos/glab/system/CodeIgniter.php(410): CodeIgniter\CodeIgniter->runController()
#7 /home/emerling/Proyectos/glab/system/CodeIgniter.php(318): CodeIgniter\CodeIgniter->handleRequest()
#8 /home/emerling/Proyectos/glab/public/index.php(37): CodeIgniter\CodeIgniter->run()
#9 /home/emerling/Proyectos/glab/system/Commands/Server/rewrite.php(43): require_once('/home/emerling/...')
#10 {main}
CRITICAL - 2021-11-29 18:16:36 --> Undefined index: usuario
#0 /home/emerling/Proyectos/glab/app/Views/dashboard/index.php(26): CodeIgniter\Debug\Exceptions->errorHandler()
#1 /home/emerling/Proyectos/glab/system/View/View.php(214): include('/home/emerling/...')
#2 /home/emerling/Proyectos/glab/system/View/View.php(217): CodeIgniter\View\View->CodeIgniter\View\{closure}()
#3 /home/emerling/Proyectos/glab/system/Common.php(1097): CodeIgniter\View\View->render()
#4 /home/emerling/Proyectos/glab/app/Controllers/Dashboard.php(16): view()
#5 /home/emerling/Proyectos/glab/system/CodeIgniter.php(824): App\Controllers\Dashboard->index()
#6 /home/emerling/Proyectos/glab/system/CodeIgniter.php(410): CodeIgniter\CodeIgniter->runController()
#7 /home/emerling/Proyectos/glab/system/CodeIgniter.php(318): CodeIgniter\CodeIgniter->handleRequest()
#8 /home/emerling/Proyectos/glab/public/index.php(37): CodeIgniter\CodeIgniter->run()
#9 /home/emerling/Proyectos/glab/system/Commands/Server/rewrite.php(43): require_once('/home/emerling/...')
#10 {main}
CRITICAL - 2021-11-29 18:43:05 --> Undefined index: usuario
#0 /home/emerling/Proyectos/glab/app/Views/dashboard/index.php(26): CodeIgniter\Debug\Exceptions->errorHandler()
#1 /home/emerling/Proyectos/glab/system/View/View.php(214): include('/home/emerling/...')
#2 /home/emerling/Proyectos/glab/system/View/View.php(217): CodeIgniter\View\View->CodeIgniter\View\{closure}()
#3 /home/emerling/Proyectos/glab/system/Common.php(1097): CodeIgniter\View\View->render()
#4 /home/emerling/Proyectos/glab/app/Controllers/Dashboard.php(16): view()
#5 /home/emerling/Proyectos/glab/system/CodeIgniter.php(824): App\Controllers\Dashboard->index()
#6 /home/emerling/Proyectos/glab/system/CodeIgniter.php(410): CodeIgniter\CodeIgniter->runController()
#7 /home/emerling/Proyectos/glab/system/CodeIgniter.php(318): CodeIgniter\CodeIgniter->handleRequest()
#8 /home/emerling/Proyectos/glab/public/index.php(37): CodeIgniter\CodeIgniter->run()
#9 /home/emerling/Proyectos/glab/system/Commands/Server/rewrite.php(43): require_once('/home/emerling/...')
#10 {main}
CRITICAL - 2021-11-29 18:43:52 --> Undefined index: usuario
#0 /home/emerling/Proyectos/glab/app/Views/dashboard/index.php(26): CodeIgniter\Debug\Exceptions->errorHandler()
#1 /home/emerling/Proyectos/glab/system/View/View.php(214): include('/home/emerling/...')
#2 /home/emerling/Proyectos/glab/system/View/View.php(217): CodeIgniter\View\View->CodeIgniter\View\{closure}()
#3 /home/emerling/Proyectos/glab/system/Common.php(1097): CodeIgniter\View\View->render()
#4 /home/emerling/Proyectos/glab/app/Controllers/Dashboard.php(16): view()
#5 /home/emerling/Proyectos/glab/system/CodeIgniter.php(824): App\Controllers\Dashboard->index()
#6 /home/emerling/Proyectos/glab/system/CodeIgniter.php(410): CodeIgniter\CodeIgniter->runController()
#7 /home/emerling/Proyectos/glab/system/CodeIgniter.php(318): CodeIgniter\CodeIgniter->handleRequest()
#8 /home/emerling/Proyectos/glab/public/index.php(37): CodeIgniter\CodeIgniter->run()
#9 /home/emerling/Proyectos/glab/system/Commands/Server/rewrite.php(43): require_once('/home/emerling/...')
#10 {main}
CRITICAL - 2021-11-29 18:52:37 --> Undefined index: usuario
#0 /home/emerling/Proyectos/glab/app/Views/dashboard/index.php(26): CodeIgniter\Debug\Exceptions->errorHandler()
#1 /home/emerling/Proyectos/glab/system/View/View.php(214): include('/home/emerling/...')
#2 /home/emerling/Proyectos/glab/system/View/View.php(217): CodeIgniter\View\View->CodeIgniter\View\{closure}()
#3 /home/emerling/Proyectos/glab/system/Common.php(1097): CodeIgniter\View\View->render()
#4 /home/emerling/Proyectos/glab/app/Controllers/Dashboard.php(16): view()
#5 /home/emerling/Proyectos/glab/system/CodeIgniter.php(824): App\Controllers\Dashboard->index()
#6 /home/emerling/Proyectos/glab/system/CodeIgniter.php(410): CodeIgniter\CodeIgniter->runController()
#7 /home/emerling/Proyectos/glab/system/CodeIgniter.php(318): CodeIgniter\CodeIgniter->handleRequest()
#8 /home/emerling/Proyectos/glab/public/index.php(37): CodeIgniter\CodeIgniter->run()
#9 /home/emerling/Proyectos/glab/system/Commands/Server/rewrite.php(43): require_once('/home/emerling/...')
#10 {main}
CRITICAL - 2021-11-29 18:53:18 --> Undefined index: usuario
#0 /home/emerling/Proyectos/glab/app/Views/dashboard/index.php(26): CodeIgniter\Debug\Exceptions->errorHandler()
#1 /home/emerling/Proyectos/glab/system/View/View.php(214): include('/home/emerling/...')
#2 /home/emerling/Proyectos/glab/system/View/View.php(217): CodeIgniter\View\View->CodeIgniter\View\{closure}()
#3 /home/emerling/Proyectos/glab/system/Common.php(1097): CodeIgniter\View\View->render()
#4 /home/emerling/Proyectos/glab/app/Controllers/Dashboard.php(16): view()
#5 /home/emerling/Proyectos/glab/system/CodeIgniter.php(824): App\Controllers\Dashboard->index()
#6 /home/emerling/Proyectos/glab/system/CodeIgniter.php(410): CodeIgniter\CodeIgniter->runController()
#7 /home/emerling/Proyectos/glab/system/CodeIgniter.php(318): CodeIgniter\CodeIgniter->handleRequest()
#8 /home/emerling/Proyectos/glab/public/index.php(37): CodeIgniter\CodeIgniter->run()
#9 /home/emerling/Proyectos/glab/system/Commands/Server/rewrite.php(43): require_once('/home/emerling/...')
#10 {main}
CRITICAL - 2021-11-29 18:56:43 --> Undefined index: usuario
#0 /home/emerling/Proyectos/glab/app/Views/dashboard/index.php(26): CodeIgniter\Debug\Exceptions->errorHandler()
#1 /home/emerling/Proyectos/glab/system/View/View.php(214): include('/home/emerling/...')
#2 /home/emerling/Proyectos/glab/system/View/View.php(217): CodeIgniter\View\View->CodeIgniter\View\{closure}()
#3 /home/emerling/Proyectos/glab/system/Common.php(1097): CodeIgniter\View\View->render()
#4 /home/emerling/Proyectos/glab/app/Controllers/Dashboard.php(16): view()
#5 /home/emerling/Proyectos/glab/system/CodeIgniter.php(824): App\Controllers\Dashboard->index()
#6 /home/emerling/Proyectos/glab/system/CodeIgniter.php(410): CodeIgniter\CodeIgniter->runController()
#7 /home/emerling/Proyectos/glab/system/CodeIgniter.php(318): CodeIgniter\CodeIgniter->handleRequest()
#8 /home/emerling/Proyectos/glab/public/index.php(37): CodeIgniter\CodeIgniter->run()
#9 /home/emerling/Proyectos/glab/system/Commands/Server/rewrite.php(43): require_once('/home/emerling/...')
#10 {main}
CRITICAL - 2021-11-29 19:00:00 --> Undefined index: usuario
#0 /home/emerling/Proyectos/glab/app/Views/dashboard/index.php(26): CodeIgniter\Debug\Exceptions->errorHandler()
#1 /home/emerling/Proyectos/glab/system/View/View.php(214): include('/home/emerling/...')
#2 /home/emerling/Proyectos/glab/system/View/View.php(217): CodeIgniter\View\View->CodeIgniter\View\{closure}()
#3 /home/emerling/Proyectos/glab/system/Common.php(1097): CodeIgniter\View\View->render()
#4 /home/emerling/Proyectos/glab/app/Controllers/Dashboard.php(16): view()
#5 /home/emerling/Proyectos/glab/system/CodeIgniter.php(824): App\Controllers\Dashboard->index()
#6 /home/emerling/Proyectos/glab/system/CodeIgniter.php(410): CodeIgniter\CodeIgniter->runController()
#7 /home/emerling/Proyectos/glab/system/CodeIgniter.php(318): CodeIgniter\CodeIgniter->handleRequest()
#8 /home/emerling/Proyectos/glab/public/index.php(37): CodeIgniter\CodeIgniter->run()
#9 /home/emerling/Proyectos/glab/system/Commands/Server/rewrite.php(43): require_once('/home/emerling/...')
#10 {main}
CRITICAL - 2021-11-29 19:00:36 --> Undefined index: usuario
#0 /home/emerling/Proyectos/glab/app/Views/dashboard/index.php(26): CodeIgniter\Debug\Exceptions->errorHandler()
#1 /home/emerling/Proyectos/glab/system/View/View.php(214): include('/home/emerling/...')
#2 /home/emerling/Proyectos/glab/system/View/View.php(217): CodeIgniter\View\View->CodeIgniter\View\{closure}()
#3 /home/emerling/Proyectos/glab/system/Common.php(1097): CodeIgniter\View\View->render()
#4 /home/emerling/Proyectos/glab/app/Controllers/Dashboard.php(16): view()
#5 /home/emerling/Proyectos/glab/system/CodeIgniter.php(824): App\Controllers\Dashboard->index()
#6 /home/emerling/Proyectos/glab/system/CodeIgniter.php(410): CodeIgniter\CodeIgniter->runController()
#7 /home/emerling/Proyectos/glab/system/CodeIgniter.php(318): CodeIgniter\CodeIgniter->handleRequest()
#8 /home/emerling/Proyectos/glab/public/index.php(37): CodeIgniter\CodeIgniter->run()
#9 /home/emerling/Proyectos/glab/system/Commands/Server/rewrite.php(43): require_once('/home/emerling/...')
#10 {main}
CRITICAL - 2021-11-29 19:01:07 --> Undefined index: usuario
#0 /home/emerling/Proyectos/glab/app/Views/dashboard/index.php(26): CodeIgniter\Debug\Exceptions->errorHandler()
#1 /home/emerling/Proyectos/glab/system/View/View.php(214): include('/home/emerling/...')
#2 /home/emerling/Proyectos/glab/system/View/View.php(217): CodeIgniter\View\View->CodeIgniter\View\{closure}()
#3 /home/emerling/Proyectos/glab/system/Common.php(1097): CodeIgniter\View\View->render()
#4 /home/emerling/Proyectos/glab/app/Controllers/Dashboard.php(16): view()
#5 /home/emerling/Proyectos/glab/system/CodeIgniter.php(824): App\Controllers\Dashboard->index()
#6 /home/emerling/Proyectos/glab/system/CodeIgniter.php(410): CodeIgniter\CodeIgniter->runController()
#7 /home/emerling/Proyectos/glab/system/CodeIgniter.php(318): CodeIgniter\CodeIgniter->handleRequest()
#8 /home/emerling/Proyectos/glab/public/index.php(37): CodeIgniter\CodeIgniter->run()
#9 /home/emerling/Proyectos/glab/system/Commands/Server/rewrite.php(43): require_once('/home/emerling/...')
#10 {main}
CRITICAL - 2021-11-29 19:01:37 --> Undefined index: usuario
#0 /home/emerling/Proyectos/glab/app/Views/dashboard/index.php(26): CodeIgniter\Debug\Exceptions->errorHandler()
#1 /home/emerling/Proyectos/glab/system/View/View.php(214): include('/home/emerling/...')
#2 /home/emerling/Proyectos/glab/system/View/View.php(217): CodeIgniter\View\View->CodeIgniter\View\{closure}()
#3 /home/emerling/Proyectos/glab/system/Common.php(1097): CodeIgniter\View\View->render()
#4 /home/emerling/Proyectos/glab/app/Controllers/Dashboard.php(16): view()
#5 /home/emerling/Proyectos/glab/system/CodeIgniter.php(824): App\Controllers\Dashboard->index()
#6 /home/emerling/Proyectos/glab/system/CodeIgniter.php(410): CodeIgniter\CodeIgniter->runController()
#7 /home/emerling/Proyectos/glab/system/CodeIgniter.php(318): CodeIgniter\CodeIgniter->handleRequest()
#8 /home/emerling/Proyectos/glab/public/index.php(37): CodeIgniter\CodeIgniter->run()
#9 /home/emerling/Proyectos/glab/system/Commands/Server/rewrite.php(43): require_once('/home/emerling/...')
#10 {main}
CRITICAL - 2021-11-29 19:01:49 --> Undefined index: usuario
#0 /home/emerling/Proyectos/glab/app/Views/dashboard/index.php(26): CodeIgniter\Debug\Exceptions->errorHandler()
#1 /home/emerling/Proyectos/glab/system/View/View.php(214): include('/home/emerling/...')
#2 /home/emerling/Proyectos/glab/system/View/View.php(217): CodeIgniter\View\View->CodeIgniter\View\{closure}()
#3 /home/emerling/Proyectos/glab/system/Common.php(1097): CodeIgniter\View\View->render()
#4 /home/emerling/Proyectos/glab/app/Controllers/Dashboard.php(16): view()
#5 /home/emerling/Proyectos/glab/system/CodeIgniter.php(824): App\Controllers\Dashboard->index()
#6 /home/emerling/Proyectos/glab/system/CodeIgniter.php(410): CodeIgniter\CodeIgniter->runController()
#7 /home/emerling/Proyectos/glab/system/CodeIgniter.php(318): CodeIgniter\CodeIgniter->handleRequest()
#8 /home/emerling/Proyectos/glab/public/index.php(37): CodeIgniter\CodeIgniter->run()
#9 /home/emerling/Proyectos/glab/system/Commands/Server/rewrite.php(43): require_once('/home/emerling/...')
#10 {main}
CRITICAL - 2021-11-29 19:07:45 --> Undefined index: usuario
#0 /home/emerling/Proyectos/glab/app/Views/dashboard/index.php(26): CodeIgniter\Debug\Exceptions->errorHandler()
#1 /home/emerling/Proyectos/glab/system/View/View.php(214): include('/home/emerling/...')
#2 /home/emerling/Proyectos/glab/system/View/View.php(217): CodeIgniter\View\View->CodeIgniter\View\{closure}()
#3 /home/emerling/Proyectos/glab/system/Common.php(1097): CodeIgniter\View\View->render()
#4 /home/emerling/Proyectos/glab/app/Controllers/Dashboard.php(16): view()
#5 /home/emerling/Proyectos/glab/system/CodeIgniter.php(824): App\Controllers\Dashboard->index()
#6 /home/emerling/Proyectos/glab/system/CodeIgniter.php(410): CodeIgniter\CodeIgniter->runController()
#7 /home/emerling/Proyectos/glab/system/CodeIgniter.php(318): CodeIgniter\CodeIgniter->handleRequest()
#8 /home/emerling/Proyectos/glab/public/index.php(37): CodeIgniter\CodeIgniter->run()
#9 /home/emerling/Proyectos/glab/system/Commands/Server/rewrite.php(43): require_once('/home/emerling/...')
#10 {main}
CRITICAL - 2021-11-29 19:10:34 --> syntax error, unexpected end of file
#0 /home/emerling/Proyectos/glab/system/CodeIgniter.php(359): CodeIgniter\CodeIgniter->tryToRouteIt()
#1 /home/emerling/Proyectos/glab/system/CodeIgniter.php(318): CodeIgniter\CodeIgniter->handleRequest()
#2 /home/emerling/Proyectos/glab/public/index.php(37): CodeIgniter\CodeIgniter->run()
#3 /home/emerling/Proyectos/glab/system/Commands/Server/rewrite.php(43): require_once('/home/emerling/...')
#4 {main}
CRITICAL - 2021-11-29 19:10:45 --> syntax error, unexpected end of file
#0 /home/emerling/Proyectos/glab/system/CodeIgniter.php(359): CodeIgniter\CodeIgniter->tryToRouteIt()
#1 /home/emerling/Proyectos/glab/system/CodeIgniter.php(318): CodeIgniter\CodeIgniter->handleRequest()
#2 /home/emerling/Proyectos/glab/public/index.php(37): CodeIgniter\CodeIgniter->run()
#3 /home/emerling/Proyectos/glab/system/Commands/Server/rewrite.php(43): require_once('/home/emerling/...')
#4 {main}
CRITICAL - 2021-11-29 19:10:54 --> syntax error, unexpected end of file
#0 /home/emerling/Proyectos/glab/system/CodeIgniter.php(359): CodeIgniter\CodeIgniter->tryToRouteIt()
#1 /home/emerling/Proyectos/glab/system/CodeIgniter.php(318): CodeIgniter\CodeIgniter->handleRequest()
#2 /home/emerling/Proyectos/glab/public/index.php(37): CodeIgniter\CodeIgniter->run()
#3 /home/emerling/Proyectos/glab/system/Commands/Server/rewrite.php(43): require_once('/home/emerling/...')
#4 {main}
CRITICAL - 2021-11-29 19:11:00 --> syntax error, unexpected end of file
#0 /home/emerling/Proyectos/glab/system/CodeIgniter.php(359): CodeIgniter\CodeIgniter->tryToRouteIt()
#1 /home/emerling/Proyectos/glab/system/CodeIgniter.php(318): CodeIgniter\CodeIgniter->handleRequest()
#2 /home/emerling/Proyectos/glab/public/index.php(37): CodeIgniter\CodeIgniter->run()
#3 /home/emerling/Proyectos/glab/system/Commands/Server/rewrite.php(43): require_once('/home/emerling/...')
#4 {main}
CRITICAL - 2021-11-29 19:11:03 --> syntax error, unexpected end of file
#0 /home/emerling/Proyectos/glab/system/CodeIgniter.php(359): CodeIgniter\CodeIgniter->tryToRouteIt()
#1 /home/emerling/Proyectos/glab/system/CodeIgniter.php(318): CodeIgniter\CodeIgniter->handleRequest()
#2 /home/emerling/Proyectos/glab/public/index.php(37): CodeIgniter\CodeIgniter->run()
#3 /home/emerling/Proyectos/glab/system/Commands/Server/rewrite.php(43): require_once('/home/emerling/...')
#4 {main}
CRITICAL - 2021-11-29 19:11:08 --> syntax error, unexpected end of file
#0 /home/emerling/Proyectos/glab/system/CodeIgniter.php(359): CodeIgniter\CodeIgniter->tryToRouteIt()
#1 /home/emerling/Proyectos/glab/system/CodeIgniter.php(318): CodeIgniter\CodeIgniter->handleRequest()
#2 /home/emerling/Proyectos/glab/public/index.php(37): CodeIgniter\CodeIgniter->run()
#3 /home/emerling/Proyectos/glab/system/Commands/Server/rewrite.php(43): require_once('/home/emerling/...')
#4 {main}
CRITICAL - 2021-11-29 19:11:26 --> syntax error, unexpected end of file
#0 /home/emerling/Proyectos/glab/system/CodeIgniter.php(359): CodeIgniter\CodeIgniter->tryToRouteIt()
#1 /home/emerling/Proyectos/glab/system/CodeIgniter.php(318): CodeIgniter\CodeIgniter->handleRequest()
#2 /home/emerling/Proyectos/glab/public/index.php(37): CodeIgniter\CodeIgniter->run()
#3 /home/emerling/Proyectos/glab/system/Commands/Server/rewrite.php(43): require_once('/home/emerling/...')
#4 {main}
CRITICAL - 2021-11-29 19:12:07 --> Undefined index: usuario
#0 /home/emerling/Proyectos/glab/app/Views/dashboard/index.php(26): CodeIgniter\Debug\Exceptions->errorHandler()
#1 /home/emerling/Proyectos/glab/system/View/View.php(214): include('/home/emerling/...')
#2 /home/emerling/Proyectos/glab/system/View/View.php(217): CodeIgniter\View\View->CodeIgniter\View\{closure}()
#3 /home/emerling/Proyectos/glab/system/Common.php(1097): CodeIgniter\View\View->render()
#4 /home/emerling/Proyectos/glab/app/Controllers/Dashboard.php(16): view()
#5 /home/emerling/Proyectos/glab/system/CodeIgniter.php(824): App\Controllers\Dashboard->index()
#6 /home/emerling/Proyectos/glab/system/CodeIgniter.php(410): CodeIgniter\CodeIgniter->runController()
#7 /home/emerling/Proyectos/glab/system/CodeIgniter.php(318): CodeIgniter\CodeIgniter->handleRequest()
#8 /home/emerling/Proyectos/glab/public/index.php(37): CodeIgniter\CodeIgniter->run()
#9 /home/emerling/Proyectos/glab/system/Commands/Server/rewrite.php(43): require_once('/home/emerling/...')
#10 {main}
CRITICAL - 2021-11-29 19:12:10 --> Undefined index: usuario
#0 /home/emerling/Proyectos/glab/app/Views/dashboard/index.php(26): CodeIgniter\Debug\Exceptions->errorHandler()
#1 /home/emerling/Proyectos/glab/system/View/View.php(214): include('/home/emerling/...')
#2 /home/emerling/Proyectos/glab/system/View/View.php(217): CodeIgniter\View\View->CodeIgniter\View\{closure}()
#3 /home/emerling/Proyectos/glab/system/Common.php(1097): CodeIgniter\View\View->render()
#4 /home/emerling/Proyectos/glab/app/Controllers/Dashboard.php(16): view()
#5 /home/emerling/Proyectos/glab/system/CodeIgniter.php(824): App\Controllers\Dashboard->index()
#6 /home/emerling/Proyectos/glab/system/CodeIgniter.php(410): CodeIgniter\CodeIgniter->runController()
#7 /home/emerling/Proyectos/glab/system/CodeIgniter.php(318): CodeIgniter\CodeIgniter->handleRequest()
#8 /home/emerling/Proyectos/glab/public/index.php(37): CodeIgniter\CodeIgniter->run()
#9 /home/emerling/Proyectos/glab/system/Commands/Server/rewrite.php(43): require_once('/home/emerling/...')
#10 {main}
CRITICAL - 2021-11-29 19:29:58 --> syntax error, unexpected 'public' (T_PUBLIC)
#0 /home/emerling/Proyectos/glab/system/Autoloader/Autoloader.php(241): CodeIgniter\Autoloader\Autoloader->includeFile()
#1 /home/emerling/Proyectos/glab/system/Autoloader/Autoloader.php(219): CodeIgniter\Autoloader\Autoloader->loadInNamespace()
#2 [internal function]: CodeIgniter\Autoloader\Autoloader->loadClass()
#3 /home/emerling/Proyectos/glab/system/Filters/Filters.php(166): spl_autoload_call()
#4 /home/emerling/Proyectos/glab/system/CodeIgniter.php(384): CodeIgniter\Filters\Filters->run()
#5 /home/emerling/Proyectos/glab/system/CodeIgniter.php(318): CodeIgniter\CodeIgniter->handleRequest()
#6 /home/emerling/Proyectos/glab/public/index.php(37): CodeIgniter\CodeIgniter->run()
#7 /home/emerling/Proyectos/glab/system/Commands/Server/rewrite.php(43): require_once('/home/emerling/...')
#8 {main}
CRITICAL - 2021-11-29 19:30:30 --> Undefined index: usuario
#0 /home/emerling/Proyectos/glab/app/Views/dashboard/index.php(26): CodeIgniter\Debug\Exceptions->errorHandler()
#1 /home/emerling/Proyectos/glab/system/View/View.php(214): include('/home/emerling/...')
#2 /home/emerling/Proyectos/glab/system/View/View.php(217): CodeIgniter\View\View->CodeIgniter\View\{closure}()
#3 /home/emerling/Proyectos/glab/system/Common.php(1097): CodeIgniter\View\View->render()
#4 /home/emerling/Proyectos/glab/app/Controllers/Dashboard.php(16): view()
#5 /home/emerling/Proyectos/glab/system/CodeIgniter.php(824): App\Controllers\Dashboard->index()
#6 /home/emerling/Proyectos/glab/system/CodeIgniter.php(410): CodeIgniter\CodeIgniter->runController()
#7 /home/emerling/Proyectos/glab/system/CodeIgniter.php(318): CodeIgniter\CodeIgniter->handleRequest()
#8 /home/emerling/Proyectos/glab/public/index.php(37): CodeIgniter\CodeIgniter->run()
#9 /home/emerling/Proyectos/glab/system/Commands/Server/rewrite.php(43): require_once('/home/emerling/...')
#10 {main}
CRITICAL - 2021-11-29 19:30:41 --> Undefined index: usuario
#0 /home/emerling/Proyectos/glab/app/Views/dashboard/index.php(26): CodeIgniter\Debug\Exceptions->errorHandler()
#1 /home/emerling/Proyectos/glab/system/View/View.php(214): include('/home/emerling/...')
#2 /home/emerling/Proyectos/glab/system/View/View.php(217): CodeIgniter\View\View->CodeIgniter\View\{closure}()
#3 /home/emerling/Proyectos/glab/system/Common.php(1097): CodeIgniter\View\View->render()
#4 /home/emerling/Proyectos/glab/app/Controllers/Dashboard.php(16): view()
#5 /home/emerling/Proyectos/glab/system/CodeIgniter.php(824): App\Controllers\Dashboard->index()
#6 /home/emerling/Proyectos/glab/system/CodeIgniter.php(410): CodeIgniter\CodeIgniter->runController()
#7 /home/emerling/Proyectos/glab/system/CodeIgniter.php(318): CodeIgniter\CodeIgniter->handleRequest()
#8 /home/emerling/Proyectos/glab/public/index.php(37): CodeIgniter\CodeIgniter->run()
#9 /home/emerling/Proyectos/glab/system/Commands/Server/rewrite.php(43): require_once('/home/emerling/...')
#10 {main}
CRITICAL - 2021-11-29 19:41:33 --> Undefined index: usuario
#0 /home/emerling/Proyectos/glab/app/Views/dashboard/index.php(26): CodeIgniter\Debug\Exceptions->errorHandler()
#1 /home/emerling/Proyectos/glab/system/View/View.php(214): include('/home/emerling/...')
#2 /home/emerling/Proyectos/glab/system/View/View.php(217): CodeIgniter\View\View->CodeIgniter\View\{closure}()
#3 /home/emerling/Proyectos/glab/system/Common.php(1097): CodeIgniter\View\View->render()
#4 /home/emerling/Proyectos/glab/app/Controllers/Dashboard.php(16): view()
#5 /home/emerling/Proyectos/glab/system/CodeIgniter.php(824): App\Controllers\Dashboard->index()
#6 /home/emerling/Proyectos/glab/system/CodeIgniter.php(410): CodeIgniter\CodeIgniter->runController()
#7 /home/emerling/Proyectos/glab/system/CodeIgniter.php(318): CodeIgniter\CodeIgniter->handleRequest()
#8 /home/emerling/Proyectos/glab/public/index.php(37): CodeIgniter\CodeIgniter->run()
#9 /home/emerling/Proyectos/glab/system/Commands/Server/rewrite.php(43): require_once('/home/emerling/...')
#10 {main}
CRITICAL - 2021-11-29 19:41:37 --> Undefined index: usuario
#0 /home/emerling/Proyectos/glab/app/Views/dashboard/index.php(26): CodeIgniter\Debug\Exceptions->errorHandler()
#1 /home/emerling/Proyectos/glab/system/View/View.php(214): include('/home/emerling/...')
#2 /home/emerling/Proyectos/glab/system/View/View.php(217): CodeIgniter\View\View->CodeIgniter\View\{closure}()
#3 /home/emerling/Proyectos/glab/system/Common.php(1097): CodeIgniter\View\View->render()
#4 /home/emerling/Proyectos/glab/app/Controllers/Dashboard.php(16): view()
#5 /home/emerling/Proyectos/glab/system/CodeIgniter.php(824): App\Controllers\Dashboard->index()
#6 /home/emerling/Proyectos/glab/system/CodeIgniter.php(410): CodeIgniter\CodeIgniter->runController()
#7 /home/emerling/Proyectos/glab/system/CodeIgniter.php(318): CodeIgniter\CodeIgniter->handleRequest()
#8 /home/emerling/Proyectos/glab/public/index.php(37): CodeIgniter\CodeIgniter->run()
#9 /home/emerling/Proyectos/glab/system/Commands/Server/rewrite.php(43): require_once('/home/emerling/...')
#10 {main}
CRITICAL - 2021-11-29 19:42:52 --> Undefined index: usuario
#0 /home/emerling/Proyectos/glab/app/Views/dashboard/index.php(26): CodeIgniter\Debug\Exceptions->errorHandler()
#1 /home/emerling/Proyectos/glab/system/View/View.php(214): include('/home/emerling/...')
#2 /home/emerling/Proyectos/glab/system/View/View.php(217): CodeIgniter\View\View->CodeIgniter\View\{closure}()
#3 /home/emerling/Proyectos/glab/system/Common.php(1097): CodeIgniter\View\View->render()
#4 /home/emerling/Proyectos/glab/app/Controllers/Dashboard.php(16): view()
#5 /home/emerling/Proyectos/glab/system/CodeIgniter.php(824): App\Controllers\Dashboard->index()
#6 /home/emerling/Proyectos/glab/system/CodeIgniter.php(410): CodeIgniter\CodeIgniter->runController()
#7 /home/emerling/Proyectos/glab/system/CodeIgniter.php(318): CodeIgniter\CodeIgniter->handleRequest()
#8 /home/emerling/Proyectos/glab/public/index.php(37): CodeIgniter\CodeIgniter->run()
#9 /home/emerling/Proyectos/glab/system/Commands/Server/rewrite.php(43): require_once('/home/emerling/...')
#10 {main}
CRITICAL - 2021-11-29 19:43:01 --> syntax error, unexpected 'if' (T_IF), expecting function (T_FUNCTION) or const (T_CONST)
#0 /home/emerling/Proyectos/glab/system/Autoloader/Autoloader.php(241): CodeIgniter\Autoloader\Autoloader->includeFile()
#1 /home/emerling/Proyectos/glab/system/Autoloader/Autoloader.php(219): CodeIgniter\Autoloader\Autoloader->loadInNamespace()
#2 [internal function]: CodeIgniter\Autoloader\Autoloader->loadClass()
#3 /home/emerling/Proyectos/glab/system/Filters/Filters.php(166): spl_autoload_call()
#4 /home/emerling/Proyectos/glab/system/CodeIgniter.php(384): CodeIgniter\Filters\Filters->run()
#5 /home/emerling/Proyectos/glab/system/CodeIgniter.php(318): CodeIgniter\CodeIgniter->handleRequest()
#6 /home/emerling/Proyectos/glab/public/index.php(37): CodeIgniter\CodeIgniter->run()
#7 /home/emerling/Proyectos/glab/system/Commands/Server/rewrite.php(43): require_once('/home/emerling/...')
#8 {main}
CRITICAL - 2021-11-29 19:43:36 --> syntax error, unexpected 'if' (T_IF), expecting function (T_FUNCTION) or const (T_CONST)
#0 /home/emerling/Proyectos/glab/system/Autoloader/Autoloader.php(241): CodeIgniter\Autoloader\Autoloader->includeFile()
#1 /home/emerling/Proyectos/glab/system/Autoloader/Autoloader.php(219): CodeIgniter\Autoloader\Autoloader->loadInNamespace()
#2 [internal function]: CodeIgniter\Autoloader\Autoloader->loadClass()
#3 /home/emerling/Proyectos/glab/system/Filters/Filters.php(166): spl_autoload_call()
#4 /home/emerling/Proyectos/glab/system/CodeIgniter.php(384): CodeIgniter\Filters\Filters->run()
#5 /home/emerling/Proyectos/glab/system/CodeIgniter.php(318): CodeIgniter\CodeIgniter->handleRequest()
#6 /home/emerling/Proyectos/glab/public/index.php(37): CodeIgniter\CodeIgniter->run()
#7 /home/emerling/Proyectos/glab/system/Commands/Server/rewrite.php(43): require_once('/home/emerling/...')
#8 {main}
CRITICAL - 2021-11-29 19:43:38 --> syntax error, unexpected 'if' (T_IF), expecting function (T_FUNCTION) or const (T_CONST)
#0 /home/emerling/Proyectos/glab/system/Autoloader/Autoloader.php(241): CodeIgniter\Autoloader\Autoloader->includeFile()
#1 /home/emerling/Proyectos/glab/system/Autoloader/Autoloader.php(219): CodeIgniter\Autoloader\Autoloader->loadInNamespace()
#2 [internal function]: CodeIgniter\Autoloader\Autoloader->loadClass()
#3 /home/emerling/Proyectos/glab/system/Filters/Filters.php(166): spl_autoload_call()
#4 /home/emerling/Proyectos/glab/system/CodeIgniter.php(384): CodeIgniter\Filters\Filters->run()
#5 /home/emerling/Proyectos/glab/system/CodeIgniter.php(318): CodeIgniter\CodeIgniter->handleRequest()
#6 /home/emerling/Proyectos/glab/public/index.php(37): CodeIgniter\CodeIgniter->run()
#7 /home/emerling/Proyectos/glab/system/Commands/Server/rewrite.php(43): require_once('/home/emerling/...')
#8 {main}
CRITICAL - 2021-11-29 19:46:15 --> Undefined index: usuario
#0 /home/emerling/Proyectos/glab/app/Views/dashboard/index.php(26): CodeIgniter\Debug\Exceptions->errorHandler()
#1 /home/emerling/Proyectos/glab/system/View/View.php(214): include('/home/emerling/...')
#2 /home/emerling/Proyectos/glab/system/View/View.php(217): CodeIgniter\View\View->CodeIgniter\View\{closure}()
#3 /home/emerling/Proyectos/glab/system/Common.php(1097): CodeIgniter\View\View->render()
#4 /home/emerling/Proyectos/glab/app/Controllers/Dashboard.php(16): view()
#5 /home/emerling/Proyectos/glab/system/CodeIgniter.php(824): App\Controllers\Dashboard->index()
#6 /home/emerling/Proyectos/glab/system/CodeIgniter.php(410): CodeIgniter\CodeIgniter->runController()
#7 /home/emerling/Proyectos/glab/system/CodeIgniter.php(318): CodeIgniter\CodeIgniter->handleRequest()
#8 /home/emerling/Proyectos/glab/public/index.php(37): CodeIgniter\CodeIgniter->run()
#9 /home/emerling/Proyectos/glab/system/Commands/Server/rewrite.php(43): require_once('/home/emerling/...')
#10 {main}
CRITICAL - 2021-11-29 19:46:17 --> Undefined index: usuario
#0 /home/emerling/Proyectos/glab/app/Views/dashboard/index.php(26): CodeIgniter\Debug\Exceptions->errorHandler()
#1 /home/emerling/Proyectos/glab/system/View/View.php(214): include('/home/emerling/...')
#2 /home/emerling/Proyectos/glab/system/View/View.php(217): CodeIgniter\View\View->CodeIgniter\View\{closure}()
#3 /home/emerling/Proyectos/glab/system/Common.php(1097): CodeIgniter\View\View->render()
#4 /home/emerling/Proyectos/glab/app/Controllers/Dashboard.php(16): view()
#5 /home/emerling/Proyectos/glab/system/CodeIgniter.php(824): App\Controllers\Dashboard->index()
#6 /home/emerling/Proyectos/glab/system/CodeIgniter.php(410): CodeIgniter\CodeIgniter->runController()
#7 /home/emerling/Proyectos/glab/system/CodeIgniter.php(318): CodeIgniter\CodeIgniter->handleRequest()
#8 /home/emerling/Proyectos/glab/public/index.php(37): CodeIgniter\CodeIgniter->run()
#9 /home/emerling/Proyectos/glab/system/Commands/Server/rewrite.php(43): require_once('/home/emerling/...')
#10 {main}
CRITICAL - 2021-11-29 19:46:29 --> Undefined index: usuario
#0 /home/emerling/Proyectos/glab/app/Views/dashboard/index.php(26): CodeIgniter\Debug\Exceptions->errorHandler()
#1 /home/emerling/Proyectos/glab/system/View/View.php(214): include('/home/emerling/...')
#2 /home/emerling/Proyectos/glab/system/View/View.php(217): CodeIgniter\View\View->CodeIgniter\View\{closure}()
#3 /home/emerling/Proyectos/glab/system/Common.php(1097): CodeIgniter\View\View->render()
#4 /home/emerling/Proyectos/glab/app/Controllers/Dashboard.php(16): view()
#5 /home/emerling/Proyectos/glab/system/CodeIgniter.php(824): App\Controllers\Dashboard->index()
#6 /home/emerling/Proyectos/glab/system/CodeIgniter.php(410): CodeIgniter\CodeIgniter->runController()
#7 /home/emerling/Proyectos/glab/system/CodeIgniter.php(318): CodeIgniter\CodeIgniter->handleRequest()
#8 /home/emerling/Proyectos/glab/public/index.php(37): CodeIgniter\CodeIgniter->run()
#9 /home/emerling/Proyectos/glab/system/Commands/Server/rewrite.php(43): require_once('/home/emerling/...')
#10 {main}
CRITICAL - 2021-11-29 19:56:39 --> Undefined index: usuario
#0 /home/emerling/Proyectos/glab/app/Views/dashboard/index.php(26): CodeIgniter\Debug\Exceptions->errorHandler()
#1 /home/emerling/Proyectos/glab/system/View/View.php(214): include('/home/emerling/...')
#2 /home/emerling/Proyectos/glab/system/View/View.php(217): CodeIgniter\View\View->CodeIgniter\View\{closure}()
#3 /home/emerling/Proyectos/glab/system/Common.php(1097): CodeIgniter\View\View->render()
#4 /home/emerling/Proyectos/glab/app/Controllers/Dashboard.php(16): view()
#5 /home/emerling/Proyectos/glab/system/CodeIgniter.php(824): App\Controllers\Dashboard->index()
#6 /home/emerling/Proyectos/glab/system/CodeIgniter.php(410): CodeIgniter\CodeIgniter->runController()
#7 /home/emerling/Proyectos/glab/system/CodeIgniter.php(318): CodeIgniter\CodeIgniter->handleRequest()
#8 /home/emerling/Proyectos/glab/public/index.php(37): CodeIgniter\CodeIgniter->run()
#9 /home/emerling/Proyectos/glab/system/Commands/Server/rewrite.php(43): require_once('/home/emerling/...')
#10 {main}
CRITICAL - 2021-11-29 19:56:49 --> Undefined index: usuario
#0 /home/emerling/Proyectos/glab/app/Views/dashboard/index.php(26): CodeIgniter\Debug\Exceptions->errorHandler()
#1 /home/emerling/Proyectos/glab/system/View/View.php(214): include('/home/emerling/...')
#2 /home/emerling/Proyectos/glab/system/View/View.php(217): CodeIgniter\View\View->CodeIgniter\View\{closure}()
#3 /home/emerling/Proyectos/glab/system/Common.php(1097): CodeIgniter\View\View->render()
#4 /home/emerling/Proyectos/glab/app/Controllers/Dashboard.php(16): view()
#5 /home/emerling/Proyectos/glab/system/CodeIgniter.php(824): App\Controllers\Dashboard->index()
#6 /home/emerling/Proyectos/glab/system/CodeIgniter.php(410): CodeIgniter\CodeIgniter->runController()
#7 /home/emerling/Proyectos/glab/system/CodeIgniter.php(318): CodeIgniter\CodeIgniter->handleRequest()
#8 /home/emerling/Proyectos/glab/public/index.php(37): CodeIgniter\CodeIgniter->run()
#9 /home/emerling/Proyectos/glab/system/Commands/Server/rewrite.php(43): require_once('/home/emerling/...')
#10 {main}
CRITICAL - 2021-11-29 19:56:51 --> Undefined index: usuario
#0 /home/emerling/Proyectos/glab/app/Views/dashboard/index.php(26): CodeIgniter\Debug\Exceptions->errorHandler()
#1 /home/emerling/Proyectos/glab/system/View/View.php(214): include('/home/emerling/...')
#2 /home/emerling/Proyectos/glab/system/View/View.php(217): CodeIgniter\View\View->CodeIgniter\View\{closure}()
#3 /home/emerling/Proyectos/glab/system/Common.php(1097): CodeIgniter\View\View->render()
#4 /home/emerling/Proyectos/glab/app/Controllers/Dashboard.php(16): view()
#5 /home/emerling/Proyectos/glab/system/CodeIgniter.php(824): App\Controllers\Dashboard->index()
#6 /home/emerling/Proyectos/glab/system/CodeIgniter.php(410): CodeIgniter\CodeIgniter->runController()
#7 /home/emerling/Proyectos/glab/system/CodeIgniter.php(318): CodeIgniter\CodeIgniter->handleRequest()
#8 /home/emerling/Proyectos/glab/public/index.php(37): CodeIgniter\CodeIgniter->run()
#9 /home/emerling/Proyectos/glab/system/Commands/Server/rewrite.php(43): require_once('/home/emerling/...')
#10 {main}
CRITICAL - 2021-11-29 19:57:29 --> Undefined index: usuario
#0 /home/emerling/Proyectos/glab/app/Views/dashboard/index.php(26): CodeIgniter\Debug\Exceptions->errorHandler()
#1 /home/emerling/Proyectos/glab/system/View/View.php(214): include('/home/emerling/...')
#2 /home/emerling/Proyectos/glab/system/View/View.php(217): CodeIgniter\View\View->CodeIgniter\View\{closure}()
#3 /home/emerling/Proyectos/glab/system/Common.php(1097): CodeIgniter\View\View->render()
#4 /home/emerling/Proyectos/glab/app/Controllers/Dashboard.php(16): view()
#5 /home/emerling/Proyectos/glab/system/CodeIgniter.php(824): App\Controllers\Dashboard->index()
#6 /home/emerling/Proyectos/glab/system/CodeIgniter.php(410): CodeIgniter\CodeIgniter->runController()
#7 /home/emerling/Proyectos/glab/system/CodeIgniter.php(318): CodeIgniter\CodeIgniter->handleRequest()
#8 /home/emerling/Proyectos/glab/public/index.php(37): CodeIgniter\CodeIgniter->run()
#9 /home/emerling/Proyectos/glab/system/Commands/Server/rewrite.php(43): require_once('/home/emerling/...')
#10 {main}
