CRITICAL - 2021-12-14 12:07:32 --> Undefined property: App\Controllers\Crud::$data1
#0 /home/emerling/Proyectos/gelab-backup/app/Controllers/Crud.php(23): CodeIgniter\Debug\Exceptions->errorHandler()
#1 /home/emerling/Proyectos/gelab-backup/system/CodeIgniter.php(824): App\Controllers\Crud->index()
#2 /home/emerling/Proyectos/gelab-backup/system/CodeIgniter.php(410): CodeIgniter\CodeIgniter->runController()
#3 /home/emerling/Proyectos/gelab-backup/system/CodeIgniter.php(318): CodeIgniter\CodeIgniter->handleRequest()
#4 /home/emerling/Proyectos/gelab-backup/public/index.php(37): CodeIgniter\CodeIgniter->run()
#5 /home/emerling/Proyectos/gelab-backup/system/Commands/Server/rewrite.php(43): require_once('/home/emerling/...')
#6 {main}
CRITICAL - 2021-12-14 12:07:34 --> Undefined property: App\Controllers\Crud::$data1
#0 /home/emerling/Proyectos/gelab-backup/app/Controllers/Crud.php(23): CodeIgniter\Debug\Exceptions->errorHandler()
#1 /home/emerling/Proyectos/gelab-backup/system/CodeIgniter.php(824): App\Controllers\Crud->index()
#2 /home/emerling/Proyectos/gelab-backup/system/CodeIgniter.php(410): CodeIgniter\CodeIgniter->runController()
#3 /home/emerling/Proyectos/gelab-backup/system/CodeIgniter.php(318): CodeIgniter\CodeIgniter->handleRequest()
#4 /home/emerling/Proyectos/gelab-backup/public/index.php(37): CodeIgniter\CodeIgniter->run()
#5 /home/emerling/Proyectos/gelab-backup/system/Commands/Server/rewrite.php(43): require_once('/home/emerling/...')
#6 {main}
CRITICAL - 2021-12-14 12:07:35 --> Undefined property: App\Controllers\Crud::$data1
#0 /home/emerling/Proyectos/gelab-backup/app/Controllers/Crud.php(23): CodeIgniter\Debug\Exceptions->errorHandler()
#1 /home/emerling/Proyectos/gelab-backup/system/CodeIgniter.php(824): App\Controllers\Crud->index()
#2 /home/emerling/Proyectos/gelab-backup/system/CodeIgniter.php(410): CodeIgniter\CodeIgniter->runController()
#3 /home/emerling/Proyectos/gelab-backup/system/CodeIgniter.php(318): CodeIgniter\CodeIgniter->handleRequest()
#4 /home/emerling/Proyectos/gelab-backup/public/index.php(37): CodeIgniter\CodeIgniter->run()
#5 /home/emerling/Proyectos/gelab-backup/system/Commands/Server/rewrite.php(43): require_once('/home/emerling/...')
#6 {main}
CRITICAL - 2021-12-14 12:07:54 --> Undefined variable: query1
#0 /home/emerling/Proyectos/gelab-backup/app/Controllers/Crud.php(24): CodeIgniter\Debug\Exceptions->errorHandler()
#1 /home/emerling/Proyectos/gelab-backup/system/CodeIgniter.php(824): App\Controllers\Crud->index()
#2 /home/emerling/Proyectos/gelab-backup/system/CodeIgniter.php(410): CodeIgniter\CodeIgniter->runController()
#3 /home/emerling/Proyectos/gelab-backup/system/CodeIgniter.php(318): CodeIgniter\CodeIgniter->handleRequest()
#4 /home/emerling/Proyectos/gelab-backup/public/index.php(37): CodeIgniter\CodeIgniter->run()
#5 /home/emerling/Proyectos/gelab-backup/system/Commands/Server/rewrite.php(43): require_once('/home/emerling/...')
#6 {main}
CRITICAL - 2021-12-14 12:07:55 --> Undefined variable: query1
#0 /home/emerling/Proyectos/gelab-backup/app/Controllers/Crud.php(24): CodeIgniter\Debug\Exceptions->errorHandler()
#1 /home/emerling/Proyectos/gelab-backup/system/CodeIgniter.php(824): App\Controllers\Crud->index()
#2 /home/emerling/Proyectos/gelab-backup/system/CodeIgniter.php(410): CodeIgniter\CodeIgniter->runController()
#3 /home/emerling/Proyectos/gelab-backup/system/CodeIgniter.php(318): CodeIgniter\CodeIgniter->handleRequest()
#4 /home/emerling/Proyectos/gelab-backup/public/index.php(37): CodeIgniter\CodeIgniter->run()
#5 /home/emerling/Proyectos/gelab-backup/system/Commands/Server/rewrite.php(43): require_once('/home/emerling/...')
#6 {main}
CRITICAL - 2021-12-14 12:09:19 --> Function name must be a string
#0 /home/emerling/Proyectos/gelab-backup/system/CodeIgniter.php(824): App\Controllers\Crud->index()
#1 /home/emerling/Proyectos/gelab-backup/system/CodeIgniter.php(410): CodeIgniter\CodeIgniter->runController()
#2 /home/emerling/Proyectos/gelab-backup/system/CodeIgniter.php(318): CodeIgniter\CodeIgniter->handleRequest()
#3 /home/emerling/Proyectos/gelab-backup/public/index.php(37): CodeIgniter\CodeIgniter->run()
#4 /home/emerling/Proyectos/gelab-backup/system/Commands/Server/rewrite.php(43): require_once('/home/emerling/...')
#5 {main}
CRITICAL - 2021-12-14 12:10:41 --> Undefined variable: result
#0 /home/emerling/Proyectos/gelab-backup/app/Views/usuarios/listado.php(28): CodeIgniter\Debug\Exceptions->errorHandler()
#1 /home/emerling/Proyectos/gelab-backup/system/View/View.php(214): include('/home/emerling/...')
#2 /home/emerling/Proyectos/gelab-backup/system/View/View.php(217): CodeIgniter\View\View->CodeIgniter\View\{closure}()
#3 /home/emerling/Proyectos/gelab-backup/system/Common.php(1097): CodeIgniter\View\View->render()
#4 /home/emerling/Proyectos/gelab-backup/app/Controllers/Crud.php(37): view()
#5 /home/emerling/Proyectos/gelab-backup/system/CodeIgniter.php(824): App\Controllers\Crud->index()
#6 /home/emerling/Proyectos/gelab-backup/system/CodeIgniter.php(410): CodeIgniter\CodeIgniter->runController()
#7 /home/emerling/Proyectos/gelab-backup/system/CodeIgniter.php(318): CodeIgniter\CodeIgniter->handleRequest()
#8 /home/emerling/Proyectos/gelab-backup/public/index.php(37): CodeIgniter\CodeIgniter->run()
#9 /home/emerling/Proyectos/gelab-backup/system/Commands/Server/rewrite.php(43): require_once('/home/emerling/...')
#10 {main}
CRITICAL - 2021-12-14 12:12:35 --> Function name must be a string
#0 /home/emerling/Proyectos/gelab-backup/system/CodeIgniter.php(824): App\Controllers\Crud->index()
#1 /home/emerling/Proyectos/gelab-backup/system/CodeIgniter.php(410): CodeIgniter\CodeIgniter->runController()
#2 /home/emerling/Proyectos/gelab-backup/system/CodeIgniter.php(318): CodeIgniter\CodeIgniter->handleRequest()
#3 /home/emerling/Proyectos/gelab-backup/public/index.php(37): CodeIgniter\CodeIgniter->run()
#4 /home/emerling/Proyectos/gelab-backup/system/Commands/Server/rewrite.php(43): require_once('/home/emerling/...')
#5 {main}
CRITICAL - 2021-12-14 12:12:50 --> Undefined variable: result
#0 /home/emerling/Proyectos/gelab-backup/app/Views/usuarios/listado.php(28): CodeIgniter\Debug\Exceptions->errorHandler()
#1 /home/emerling/Proyectos/gelab-backup/system/View/View.php(214): include('/home/emerling/...')
#2 /home/emerling/Proyectos/gelab-backup/system/View/View.php(217): CodeIgniter\View\View->CodeIgniter\View\{closure}()
#3 /home/emerling/Proyectos/gelab-backup/system/Common.php(1097): CodeIgniter\View\View->render()
#4 /home/emerling/Proyectos/gelab-backup/app/Controllers/Crud.php(37): view()
#5 /home/emerling/Proyectos/gelab-backup/system/CodeIgniter.php(824): App\Controllers\Crud->index()
#6 /home/emerling/Proyectos/gelab-backup/system/CodeIgniter.php(410): CodeIgniter\CodeIgniter->runController()
#7 /home/emerling/Proyectos/gelab-backup/system/CodeIgniter.php(318): CodeIgniter\CodeIgniter->handleRequest()
#8 /home/emerling/Proyectos/gelab-backup/public/index.php(37): CodeIgniter\CodeIgniter->run()
#9 /home/emerling/Proyectos/gelab-backup/system/Commands/Server/rewrite.php(43): require_once('/home/emerling/...')
#10 {main}
CRITICAL - 2021-12-14 12:15:13 --> Undefined variable: result
#0 /home/emerling/Proyectos/gelab-backup/app/Views/usuarios/listado.php(28): CodeIgniter\Debug\Exceptions->errorHandler()
#1 /home/emerling/Proyectos/gelab-backup/system/View/View.php(214): include('/home/emerling/...')
#2 /home/emerling/Proyectos/gelab-backup/system/View/View.php(217): CodeIgniter\View\View->CodeIgniter\View\{closure}()
#3 /home/emerling/Proyectos/gelab-backup/system/Common.php(1097): CodeIgniter\View\View->render()
#4 /home/emerling/Proyectos/gelab-backup/app/Controllers/Crud.php(37): view()
#5 /home/emerling/Proyectos/gelab-backup/system/CodeIgniter.php(824): App\Controllers\Crud->index()
#6 /home/emerling/Proyectos/gelab-backup/system/CodeIgniter.php(410): CodeIgniter\CodeIgniter->runController()
#7 /home/emerling/Proyectos/gelab-backup/system/CodeIgniter.php(318): CodeIgniter\CodeIgniter->handleRequest()
#8 /home/emerling/Proyectos/gelab-backup/public/index.php(37): CodeIgniter\CodeIgniter->run()
#9 /home/emerling/Proyectos/gelab-backup/system/Commands/Server/rewrite.php(43): require_once('/home/emerling/...')
#10 {main}
CRITICAL - 2021-12-14 12:15:14 --> Undefined variable: result
#0 /home/emerling/Proyectos/gelab-backup/app/Views/usuarios/listado.php(28): CodeIgniter\Debug\Exceptions->errorHandler()
#1 /home/emerling/Proyectos/gelab-backup/system/View/View.php(214): include('/home/emerling/...')
#2 /home/emerling/Proyectos/gelab-backup/system/View/View.php(217): CodeIgniter\View\View->CodeIgniter\View\{closure}()
#3 /home/emerling/Proyectos/gelab-backup/system/Common.php(1097): CodeIgniter\View\View->render()
#4 /home/emerling/Proyectos/gelab-backup/app/Controllers/Crud.php(37): view()
#5 /home/emerling/Proyectos/gelab-backup/system/CodeIgniter.php(824): App\Controllers\Crud->index()
#6 /home/emerling/Proyectos/gelab-backup/system/CodeIgniter.php(410): CodeIgniter\CodeIgniter->runController()
#7 /home/emerling/Proyectos/gelab-backup/system/CodeIgniter.php(318): CodeIgniter\CodeIgniter->handleRequest()
#8 /home/emerling/Proyectos/gelab-backup/public/index.php(37): CodeIgniter\CodeIgniter->run()
#9 /home/emerling/Proyectos/gelab-backup/system/Commands/Server/rewrite.php(43): require_once('/home/emerling/...')
#10 {main}
CRITICAL - 2021-12-14 12:15:18 --> Undefined variable: result
#0 /home/emerling/Proyectos/gelab-backup/app/Views/usuarios/listado.php(28): CodeIgniter\Debug\Exceptions->errorHandler()
#1 /home/emerling/Proyectos/gelab-backup/system/View/View.php(214): include('/home/emerling/...')
#2 /home/emerling/Proyectos/gelab-backup/system/View/View.php(217): CodeIgniter\View\View->CodeIgniter\View\{closure}()
#3 /home/emerling/Proyectos/gelab-backup/system/Common.php(1097): CodeIgniter\View\View->render()
#4 /home/emerling/Proyectos/gelab-backup/app/Controllers/Crud.php(37): view()
#5 /home/emerling/Proyectos/gelab-backup/system/CodeIgniter.php(824): App\Controllers\Crud->index()
#6 /home/emerling/Proyectos/gelab-backup/system/CodeIgniter.php(410): CodeIgniter\CodeIgniter->runController()
#7 /home/emerling/Proyectos/gelab-backup/system/CodeIgniter.php(318): CodeIgniter\CodeIgniter->handleRequest()
#8 /home/emerling/Proyectos/gelab-backup/public/index.php(37): CodeIgniter\CodeIgniter->run()
#9 /home/emerling/Proyectos/gelab-backup/system/Commands/Server/rewrite.php(43): require_once('/home/emerling/...')
#10 {main}
CRITICAL - 2021-12-14 12:16:26 --> Undefined index: usuario
#0 /home/emerling/Proyectos/gelab-backup/app/Views/usuarios/listado.php(30): CodeIgniter\Debug\Exceptions->errorHandler()
#1 /home/emerling/Proyectos/gelab-backup/system/View/View.php(214): include('/home/emerling/...')
#2 /home/emerling/Proyectos/gelab-backup/system/View/View.php(217): CodeIgniter\View\View->CodeIgniter\View\{closure}()
#3 /home/emerling/Proyectos/gelab-backup/system/Common.php(1097): CodeIgniter\View\View->render()
#4 /home/emerling/Proyectos/gelab-backup/app/Controllers/Crud.php(37): view()
#5 /home/emerling/Proyectos/gelab-backup/system/CodeIgniter.php(824): App\Controllers\Crud->index()
#6 /home/emerling/Proyectos/gelab-backup/system/CodeIgniter.php(410): CodeIgniter\CodeIgniter->runController()
#7 /home/emerling/Proyectos/gelab-backup/system/CodeIgniter.php(318): CodeIgniter\CodeIgniter->handleRequest()
#8 /home/emerling/Proyectos/gelab-backup/public/index.php(37): CodeIgniter\CodeIgniter->run()
#9 /home/emerling/Proyectos/gelab-backup/system/Commands/Server/rewrite.php(43): require_once('/home/emerling/...')
#10 {main}
CRITICAL - 2021-12-14 12:17:25 --> Undefined index: usuario
#0 /home/emerling/Proyectos/gelab-backup/app/Views/usuarios/listado.php(30): CodeIgniter\Debug\Exceptions->errorHandler()
#1 /home/emerling/Proyectos/gelab-backup/system/View/View.php(214): include('/home/emerling/...')
#2 /home/emerling/Proyectos/gelab-backup/system/View/View.php(217): CodeIgniter\View\View->CodeIgniter\View\{closure}()
#3 /home/emerling/Proyectos/gelab-backup/system/Common.php(1097): CodeIgniter\View\View->render()
#4 /home/emerling/Proyectos/gelab-backup/app/Controllers/Crud.php(38): view()
#5 /home/emerling/Proyectos/gelab-backup/system/CodeIgniter.php(824): App\Controllers\Crud->index()
#6 /home/emerling/Proyectos/gelab-backup/system/CodeIgniter.php(410): CodeIgniter\CodeIgniter->runController()
#7 /home/emerling/Proyectos/gelab-backup/system/CodeIgniter.php(318): CodeIgniter\CodeIgniter->handleRequest()
#8 /home/emerling/Proyectos/gelab-backup/public/index.php(37): CodeIgniter\CodeIgniter->run()
#9 /home/emerling/Proyectos/gelab-backup/system/Commands/Server/rewrite.php(43): require_once('/home/emerling/...')
#10 {main}
CRITICAL - 2021-12-14 12:17:27 --> Undefined index: usuario
#0 /home/emerling/Proyectos/gelab-backup/app/Views/usuarios/listado.php(30): CodeIgniter\Debug\Exceptions->errorHandler()
#1 /home/emerling/Proyectos/gelab-backup/system/View/View.php(214): include('/home/emerling/...')
#2 /home/emerling/Proyectos/gelab-backup/system/View/View.php(217): CodeIgniter\View\View->CodeIgniter\View\{closure}()
#3 /home/emerling/Proyectos/gelab-backup/system/Common.php(1097): CodeIgniter\View\View->render()
#4 /home/emerling/Proyectos/gelab-backup/app/Controllers/Crud.php(38): view()
#5 /home/emerling/Proyectos/gelab-backup/system/CodeIgniter.php(824): App\Controllers\Crud->index()
#6 /home/emerling/Proyectos/gelab-backup/system/CodeIgniter.php(410): CodeIgniter\CodeIgniter->runController()
#7 /home/emerling/Proyectos/gelab-backup/system/CodeIgniter.php(318): CodeIgniter\CodeIgniter->handleRequest()
#8 /home/emerling/Proyectos/gelab-backup/public/index.php(37): CodeIgniter\CodeIgniter->run()
#9 /home/emerling/Proyectos/gelab-backup/system/Commands/Server/rewrite.php(43): require_once('/home/emerling/...')
#10 {main}
CRITICAL - 2021-12-14 12:19:34 --> syntax error, unexpected '<'
#0 /home/emerling/Proyectos/gelab-backup/system/View/View.php(217): CodeIgniter\View\View->CodeIgniter\View\{closure}()
#1 /home/emerling/Proyectos/gelab-backup/system/Common.php(1097): CodeIgniter\View\View->render()
#2 /home/emerling/Proyectos/gelab-backup/app/Controllers/Crud.php(38): view()
#3 /home/emerling/Proyectos/gelab-backup/system/CodeIgniter.php(824): App\Controllers\Crud->index()
#4 /home/emerling/Proyectos/gelab-backup/system/CodeIgniter.php(410): CodeIgniter\CodeIgniter->runController()
#5 /home/emerling/Proyectos/gelab-backup/system/CodeIgniter.php(318): CodeIgniter\CodeIgniter->handleRequest()
#6 /home/emerling/Proyectos/gelab-backup/public/index.php(37): CodeIgniter\CodeIgniter->run()
#7 /home/emerling/Proyectos/gelab-backup/system/Commands/Server/rewrite.php(43): require_once('/home/emerling/...')
#8 {main}
CRITICAL - 2021-12-14 12:28:21 --> syntax error, unexpected end of file
#0 /home/emerling/Proyectos/gelab-backup/system/View/View.php(217): CodeIgniter\View\View->CodeIgniter\View\{closure}()
#1 /home/emerling/Proyectos/gelab-backup/system/Common.php(1097): CodeIgniter\View\View->render()
#2 /home/emerling/Proyectos/gelab-backup/app/Controllers/Crud.php(38): view()
#3 /home/emerling/Proyectos/gelab-backup/system/CodeIgniter.php(824): App\Controllers\Crud->index()
#4 /home/emerling/Proyectos/gelab-backup/system/CodeIgniter.php(410): CodeIgniter\CodeIgniter->runController()
#5 /home/emerling/Proyectos/gelab-backup/system/CodeIgniter.php(318): CodeIgniter\CodeIgniter->handleRequest()
#6 /home/emerling/Proyectos/gelab-backup/public/index.php(37): CodeIgniter\CodeIgniter->run()
#7 /home/emerling/Proyectos/gelab-backup/system/Commands/Server/rewrite.php(43): require_once('/home/emerling/...')
#8 {main}
CRITICAL - 2021-12-14 12:29:36 --> Undefined variable: key
#0 /home/emerling/Proyectos/gelab-backup/app/Views/usuarios/listado.php(27): CodeIgniter\Debug\Exceptions->errorHandler()
#1 /home/emerling/Proyectos/gelab-backup/system/View/View.php(214): include('/home/emerling/...')
#2 /home/emerling/Proyectos/gelab-backup/system/View/View.php(217): CodeIgniter\View\View->CodeIgniter\View\{closure}()
#3 /home/emerling/Proyectos/gelab-backup/system/Common.php(1097): CodeIgniter\View\View->render()
#4 /home/emerling/Proyectos/gelab-backup/app/Controllers/Crud.php(38): view()
#5 /home/emerling/Proyectos/gelab-backup/system/CodeIgniter.php(824): App\Controllers\Crud->index()
#6 /home/emerling/Proyectos/gelab-backup/system/CodeIgniter.php(410): CodeIgniter\CodeIgniter->runController()
#7 /home/emerling/Proyectos/gelab-backup/system/CodeIgniter.php(318): CodeIgniter\CodeIgniter->handleRequest()
#8 /home/emerling/Proyectos/gelab-backup/public/index.php(37): CodeIgniter\CodeIgniter->run()
#9 /home/emerling/Proyectos/gelab-backup/system/Commands/Server/rewrite.php(43): require_once('/home/emerling/...')
#10 {main}
CRITICAL - 2021-12-14 12:30:07 --> Undefined variable: row
#0 /home/emerling/Proyectos/gelab-backup/app/Views/usuarios/listado.php(27): CodeIgniter\Debug\Exceptions->errorHandler()
#1 /home/emerling/Proyectos/gelab-backup/system/View/View.php(214): include('/home/emerling/...')
#2 /home/emerling/Proyectos/gelab-backup/system/View/View.php(217): CodeIgniter\View\View->CodeIgniter\View\{closure}()
#3 /home/emerling/Proyectos/gelab-backup/system/Common.php(1097): CodeIgniter\View\View->render()
#4 /home/emerling/Proyectos/gelab-backup/app/Controllers/Crud.php(38): view()
#5 /home/emerling/Proyectos/gelab-backup/system/CodeIgniter.php(824): App\Controllers\Crud->index()
#6 /home/emerling/Proyectos/gelab-backup/system/CodeIgniter.php(410): CodeIgniter\CodeIgniter->runController()
#7 /home/emerling/Proyectos/gelab-backup/system/CodeIgniter.php(318): CodeIgniter\CodeIgniter->handleRequest()
#8 /home/emerling/Proyectos/gelab-backup/public/index.php(37): CodeIgniter\CodeIgniter->run()
#9 /home/emerling/Proyectos/gelab-backup/system/Commands/Server/rewrite.php(43): require_once('/home/emerling/...')
#10 {main}
CRITICAL - 2021-12-14 12:32:12 --> Trying to get property 'usuario' of non-object
#0 /home/emerling/Proyectos/gelab-backup/app/Views/usuarios/listado.php(33): CodeIgniter\Debug\Exceptions->errorHandler()
#1 /home/emerling/Proyectos/gelab-backup/system/View/View.php(214): include('/home/emerling/...')
#2 /home/emerling/Proyectos/gelab-backup/system/View/View.php(217): CodeIgniter\View\View->CodeIgniter\View\{closure}()
#3 /home/emerling/Proyectos/gelab-backup/system/Common.php(1097): CodeIgniter\View\View->render()
#4 /home/emerling/Proyectos/gelab-backup/app/Controllers/Crud.php(38): view()
#5 /home/emerling/Proyectos/gelab-backup/system/CodeIgniter.php(824): App\Controllers\Crud->index()
#6 /home/emerling/Proyectos/gelab-backup/system/CodeIgniter.php(410): CodeIgniter\CodeIgniter->runController()
#7 /home/emerling/Proyectos/gelab-backup/system/CodeIgniter.php(318): CodeIgniter\CodeIgniter->handleRequest()
#8 /home/emerling/Proyectos/gelab-backup/public/index.php(37): CodeIgniter\CodeIgniter->run()
#9 /home/emerling/Proyectos/gelab-backup/system/Commands/Server/rewrite.php(43): require_once('/home/emerling/...')
#10 {main}
CRITICAL - 2021-12-14 12:32:43 --> Array to string conversion
#0 /home/emerling/Proyectos/gelab-backup/app/Views/usuarios/listado.php(33): CodeIgniter\Debug\Exceptions->errorHandler()
#1 /home/emerling/Proyectos/gelab-backup/system/View/View.php(214): include('/home/emerling/...')
#2 /home/emerling/Proyectos/gelab-backup/system/View/View.php(217): CodeIgniter\View\View->CodeIgniter\View\{closure}()
#3 /home/emerling/Proyectos/gelab-backup/system/Common.php(1097): CodeIgniter\View\View->render()
#4 /home/emerling/Proyectos/gelab-backup/app/Controllers/Crud.php(38): view()
#5 /home/emerling/Proyectos/gelab-backup/system/CodeIgniter.php(824): App\Controllers\Crud->index()
#6 /home/emerling/Proyectos/gelab-backup/system/CodeIgniter.php(410): CodeIgniter\CodeIgniter->runController()
#7 /home/emerling/Proyectos/gelab-backup/system/CodeIgniter.php(318): CodeIgniter\CodeIgniter->handleRequest()
#8 /home/emerling/Proyectos/gelab-backup/public/index.php(37): CodeIgniter\CodeIgniter->run()
#9 /home/emerling/Proyectos/gelab-backup/system/Commands/Server/rewrite.php(43): require_once('/home/emerling/...')
#10 {main}
CRITICAL - 2021-12-14 12:33:17 --> Array to string conversion
#0 /home/emerling/Proyectos/gelab-backup/app/Views/usuarios/listado.php(33): CodeIgniter\Debug\Exceptions->errorHandler()
#1 /home/emerling/Proyectos/gelab-backup/system/View/View.php(214): include('/home/emerling/...')
#2 /home/emerling/Proyectos/gelab-backup/system/View/View.php(217): CodeIgniter\View\View->CodeIgniter\View\{closure}()
#3 /home/emerling/Proyectos/gelab-backup/system/Common.php(1097): CodeIgniter\View\View->render()
#4 /home/emerling/Proyectos/gelab-backup/app/Controllers/Crud.php(38): view()
#5 /home/emerling/Proyectos/gelab-backup/system/CodeIgniter.php(824): App\Controllers\Crud->index()
#6 /home/emerling/Proyectos/gelab-backup/system/CodeIgniter.php(410): CodeIgniter\CodeIgniter->runController()
#7 /home/emerling/Proyectos/gelab-backup/system/CodeIgniter.php(318): CodeIgniter\CodeIgniter->handleRequest()
#8 /home/emerling/Proyectos/gelab-backup/public/index.php(37): CodeIgniter\CodeIgniter->run()
#9 /home/emerling/Proyectos/gelab-backup/system/Commands/Server/rewrite.php(43): require_once('/home/emerling/...')
#10 {main}
CRITICAL - 2021-12-14 12:43:53 --> Trying to get property 'type' of non-object
#0 /home/emerling/Proyectos/gelab-backup/app/Views/usuarios/listado.php(34): CodeIgniter\Debug\Exceptions->errorHandler()
#1 /home/emerling/Proyectos/gelab-backup/system/View/View.php(214): include('/home/emerling/...')
#2 /home/emerling/Proyectos/gelab-backup/system/View/View.php(217): CodeIgniter\View\View->CodeIgniter\View\{closure}()
#3 /home/emerling/Proyectos/gelab-backup/system/Common.php(1097): CodeIgniter\View\View->render()
#4 /home/emerling/Proyectos/gelab-backup/app/Controllers/Crud.php(38): view()
#5 /home/emerling/Proyectos/gelab-backup/system/CodeIgniter.php(824): App\Controllers\Crud->index()
#6 /home/emerling/Proyectos/gelab-backup/system/CodeIgniter.php(410): CodeIgniter\CodeIgniter->runController()
#7 /home/emerling/Proyectos/gelab-backup/system/CodeIgniter.php(318): CodeIgniter\CodeIgniter->handleRequest()
#8 /home/emerling/Proyectos/gelab-backup/public/index.php(37): CodeIgniter\CodeIgniter->run()
#9 /home/emerling/Proyectos/gelab-backup/system/Commands/Server/rewrite.php(43): require_once('/home/emerling/...')
#10 {main}
CRITICAL - 2021-12-14 12:44:28 --> Trying to get property 'usuario' of non-object
#0 /home/emerling/Proyectos/gelab-backup/app/Views/usuarios/listado.php(34): CodeIgniter\Debug\Exceptions->errorHandler()
#1 /home/emerling/Proyectos/gelab-backup/system/View/View.php(214): include('/home/emerling/...')
#2 /home/emerling/Proyectos/gelab-backup/system/View/View.php(217): CodeIgniter\View\View->CodeIgniter\View\{closure}()
#3 /home/emerling/Proyectos/gelab-backup/system/Common.php(1097): CodeIgniter\View\View->render()
#4 /home/emerling/Proyectos/gelab-backup/app/Controllers/Crud.php(38): view()
#5 /home/emerling/Proyectos/gelab-backup/system/CodeIgniter.php(824): App\Controllers\Crud->index()
#6 /home/emerling/Proyectos/gelab-backup/system/CodeIgniter.php(410): CodeIgniter\CodeIgniter->runController()
#7 /home/emerling/Proyectos/gelab-backup/system/CodeIgniter.php(318): CodeIgniter\CodeIgniter->handleRequest()
#8 /home/emerling/Proyectos/gelab-backup/public/index.php(37): CodeIgniter\CodeIgniter->run()
#9 /home/emerling/Proyectos/gelab-backup/system/Commands/Server/rewrite.php(43): require_once('/home/emerling/...')
#10 {main}
CRITICAL - 2021-12-14 12:44:42 --> Trying to get property 'usuario' of non-object
#0 /home/emerling/Proyectos/gelab-backup/app/Views/usuarios/listado.php(34): CodeIgniter\Debug\Exceptions->errorHandler()
#1 /home/emerling/Proyectos/gelab-backup/system/View/View.php(214): include('/home/emerling/...')
#2 /home/emerling/Proyectos/gelab-backup/system/View/View.php(217): CodeIgniter\View\View->CodeIgniter\View\{closure}()
#3 /home/emerling/Proyectos/gelab-backup/system/Common.php(1097): CodeIgniter\View\View->render()
#4 /home/emerling/Proyectos/gelab-backup/app/Controllers/Crud.php(38): view()
#5 /home/emerling/Proyectos/gelab-backup/system/CodeIgniter.php(824): App\Controllers\Crud->index()
#6 /home/emerling/Proyectos/gelab-backup/system/CodeIgniter.php(410): CodeIgniter\CodeIgniter->runController()
#7 /home/emerling/Proyectos/gelab-backup/system/CodeIgniter.php(318): CodeIgniter\CodeIgniter->handleRequest()
#8 /home/emerling/Proyectos/gelab-backup/public/index.php(37): CodeIgniter\CodeIgniter->run()
#9 /home/emerling/Proyectos/gelab-backup/system/Commands/Server/rewrite.php(43): require_once('/home/emerling/...')
#10 {main}
CRITICAL - 2021-12-14 12:46:12 --> Array to string conversion
#0 /home/emerling/Proyectos/gelab-backup/app/Views/usuarios/listado.php(34): CodeIgniter\Debug\Exceptions->errorHandler()
#1 /home/emerling/Proyectos/gelab-backup/system/View/View.php(214): include('/home/emerling/...')
#2 /home/emerling/Proyectos/gelab-backup/system/View/View.php(217): CodeIgniter\View\View->CodeIgniter\View\{closure}()
#3 /home/emerling/Proyectos/gelab-backup/system/Common.php(1097): CodeIgniter\View\View->render()
#4 /home/emerling/Proyectos/gelab-backup/app/Controllers/Crud.php(38): view()
#5 /home/emerling/Proyectos/gelab-backup/system/CodeIgniter.php(824): App\Controllers\Crud->index()
#6 /home/emerling/Proyectos/gelab-backup/system/CodeIgniter.php(410): CodeIgniter\CodeIgniter->runController()
#7 /home/emerling/Proyectos/gelab-backup/system/CodeIgniter.php(318): CodeIgniter\CodeIgniter->handleRequest()
#8 /home/emerling/Proyectos/gelab-backup/public/index.php(37): CodeIgniter\CodeIgniter->run()
#9 /home/emerling/Proyectos/gelab-backup/system/Commands/Server/rewrite.php(43): require_once('/home/emerling/...')
#10 {main}
CRITICAL - 2021-12-14 12:48:55 --> Array to string conversion
#0 /home/emerling/Proyectos/gelab-backup/app/Views/usuarios/listado.php(34): CodeIgniter\Debug\Exceptions->errorHandler()
#1 /home/emerling/Proyectos/gelab-backup/system/View/View.php(214): include('/home/emerling/...')
#2 /home/emerling/Proyectos/gelab-backup/system/View/View.php(217): CodeIgniter\View\View->CodeIgniter\View\{closure}()
#3 /home/emerling/Proyectos/gelab-backup/system/Common.php(1097): CodeIgniter\View\View->render()
#4 /home/emerling/Proyectos/gelab-backup/app/Controllers/Crud.php(34): view()
#5 /home/emerling/Proyectos/gelab-backup/system/CodeIgniter.php(824): App\Controllers\Crud->index()
#6 /home/emerling/Proyectos/gelab-backup/system/CodeIgniter.php(410): CodeIgniter\CodeIgniter->runController()
#7 /home/emerling/Proyectos/gelab-backup/system/CodeIgniter.php(318): CodeIgniter\CodeIgniter->handleRequest()
#8 /home/emerling/Proyectos/gelab-backup/public/index.php(37): CodeIgniter\CodeIgniter->run()
#9 /home/emerling/Proyectos/gelab-backup/system/Commands/Server/rewrite.php(43): require_once('/home/emerling/...')
#10 {main}
CRITICAL - 2021-12-14 12:49:17 --> Undefined variable: result
#0 /home/emerling/Proyectos/gelab-backup/app/Views/usuarios/listado.php(31): CodeIgniter\Debug\Exceptions->errorHandler()
#1 /home/emerling/Proyectos/gelab-backup/system/View/View.php(214): include('/home/emerling/...')
#2 /home/emerling/Proyectos/gelab-backup/system/View/View.php(217): CodeIgniter\View\View->CodeIgniter\View\{closure}()
#3 /home/emerling/Proyectos/gelab-backup/system/Common.php(1097): CodeIgniter\View\View->render()
#4 /home/emerling/Proyectos/gelab-backup/app/Controllers/Crud.php(32): view()
#5 /home/emerling/Proyectos/gelab-backup/system/CodeIgniter.php(824): App\Controllers\Crud->index()
#6 /home/emerling/Proyectos/gelab-backup/system/CodeIgniter.php(410): CodeIgniter\CodeIgniter->runController()
#7 /home/emerling/Proyectos/gelab-backup/system/CodeIgniter.php(318): CodeIgniter\CodeIgniter->handleRequest()
#8 /home/emerling/Proyectos/gelab-backup/public/index.php(37): CodeIgniter\CodeIgniter->run()
#9 /home/emerling/Proyectos/gelab-backup/system/Commands/Server/rewrite.php(43): require_once('/home/emerling/...')
#10 {main}
CRITICAL - 2021-12-14 12:53:37 --> Function name must be a string
#0 /home/emerling/Proyectos/gelab-backup/system/CodeIgniter.php(824): App\Controllers\Crud->index()
#1 /home/emerling/Proyectos/gelab-backup/system/CodeIgniter.php(410): CodeIgniter\CodeIgniter->runController()
#2 /home/emerling/Proyectos/gelab-backup/system/CodeIgniter.php(318): CodeIgniter\CodeIgniter->handleRequest()
#3 /home/emerling/Proyectos/gelab-backup/public/index.php(37): CodeIgniter\CodeIgniter->run()
#4 /home/emerling/Proyectos/gelab-backup/system/Commands/Server/rewrite.php(43): require_once('/home/emerling/...')
#5 {main}
CRITICAL - 2021-12-14 12:54:11 --> Function name must be a string
#0 /home/emerling/Proyectos/gelab-backup/system/CodeIgniter.php(824): App\Controllers\Crud->index()
#1 /home/emerling/Proyectos/gelab-backup/system/CodeIgniter.php(410): CodeIgniter\CodeIgniter->runController()
#2 /home/emerling/Proyectos/gelab-backup/system/CodeIgniter.php(318): CodeIgniter\CodeIgniter->handleRequest()
#3 /home/emerling/Proyectos/gelab-backup/public/index.php(37): CodeIgniter\CodeIgniter->run()
#4 /home/emerling/Proyectos/gelab-backup/system/Commands/Server/rewrite.php(43): require_once('/home/emerling/...')
#5 {main}
CRITICAL - 2021-12-14 12:54:28 --> Function name must be a string
#0 /home/emerling/Proyectos/gelab-backup/system/CodeIgniter.php(824): App\Controllers\Crud->index()
#1 /home/emerling/Proyectos/gelab-backup/system/CodeIgniter.php(410): CodeIgniter\CodeIgniter->runController()
#2 /home/emerling/Proyectos/gelab-backup/system/CodeIgniter.php(318): CodeIgniter\CodeIgniter->handleRequest()
#3 /home/emerling/Proyectos/gelab-backup/public/index.php(37): CodeIgniter\CodeIgniter->run()
#4 /home/emerling/Proyectos/gelab-backup/system/Commands/Server/rewrite.php(43): require_once('/home/emerling/...')
#5 {main}
CRITICAL - 2021-12-14 12:54:42 --> Object of class stdClass could not be converted to string
#0 /home/emerling/Proyectos/gelab-backup/system/View/View.php(214): include()
#1 /home/emerling/Proyectos/gelab-backup/system/View/View.php(217): CodeIgniter\View\View->CodeIgniter\View\{closure}()
#2 /home/emerling/Proyectos/gelab-backup/system/Common.php(1097): CodeIgniter\View\View->render()
#3 /home/emerling/Proyectos/gelab-backup/app/Controllers/Crud.php(33): view()
#4 /home/emerling/Proyectos/gelab-backup/system/CodeIgniter.php(824): App\Controllers\Crud->index()
#5 /home/emerling/Proyectos/gelab-backup/system/CodeIgniter.php(410): CodeIgniter\CodeIgniter->runController()
#6 /home/emerling/Proyectos/gelab-backup/system/CodeIgniter.php(318): CodeIgniter\CodeIgniter->handleRequest()
#7 /home/emerling/Proyectos/gelab-backup/public/index.php(37): CodeIgniter\CodeIgniter->run()
#8 /home/emerling/Proyectos/gelab-backup/system/Commands/Server/rewrite.php(43): require_once('/home/emerling/...')
#9 {main}
CRITICAL - 2021-12-14 12:57:46 --> Undefined index: usuario
#0 /home/emerling/Proyectos/gelab-backup/app/Controllers/Crud.php(22): CodeIgniter\Debug\Exceptions->errorHandler()
#1 /home/emerling/Proyectos/gelab-backup/system/CodeIgniter.php(824): App\Controllers\Crud->index()
#2 /home/emerling/Proyectos/gelab-backup/system/CodeIgniter.php(410): CodeIgniter\CodeIgniter->runController()
#3 /home/emerling/Proyectos/gelab-backup/system/CodeIgniter.php(318): CodeIgniter\CodeIgniter->handleRequest()
#4 /home/emerling/Proyectos/gelab-backup/public/index.php(37): CodeIgniter\CodeIgniter->run()
#5 /home/emerling/Proyectos/gelab-backup/system/Commands/Server/rewrite.php(43): require_once('/home/emerling/...')
#6 {main}
CRITICAL - 2021-12-14 12:58:25 --> Undefined index: criterio
#0 /home/emerling/Proyectos/gelab-backup/app/Controllers/Crud.php(22): CodeIgniter\Debug\Exceptions->errorHandler()
#1 /home/emerling/Proyectos/gelab-backup/system/CodeIgniter.php(824): App\Controllers\Crud->index()
#2 /home/emerling/Proyectos/gelab-backup/system/CodeIgniter.php(410): CodeIgniter\CodeIgniter->runController()
#3 /home/emerling/Proyectos/gelab-backup/system/CodeIgniter.php(318): CodeIgniter\CodeIgniter->handleRequest()
#4 /home/emerling/Proyectos/gelab-backup/public/index.php(37): CodeIgniter\CodeIgniter->run()
#5 /home/emerling/Proyectos/gelab-backup/system/Commands/Server/rewrite.php(43): require_once('/home/emerling/...')
#6 {main}
CRITICAL - 2021-12-14 12:59:23 --> Function name must be a string
#0 /home/emerling/Proyectos/gelab-backup/system/CodeIgniter.php(824): App\Controllers\Crud->index()
#1 /home/emerling/Proyectos/gelab-backup/system/CodeIgniter.php(410): CodeIgniter\CodeIgniter->runController()
#2 /home/emerling/Proyectos/gelab-backup/system/CodeIgniter.php(318): CodeIgniter\CodeIgniter->handleRequest()
#3 /home/emerling/Proyectos/gelab-backup/public/index.php(37): CodeIgniter\CodeIgniter->run()
#4 /home/emerling/Proyectos/gelab-backup/system/Commands/Server/rewrite.php(43): require_once('/home/emerling/...')
#5 {main}
CRITICAL - 2021-12-14 12:59:48 --> Function name must be a string
#0 /home/emerling/Proyectos/gelab-backup/system/CodeIgniter.php(824): App\Controllers\Crud->index()
#1 /home/emerling/Proyectos/gelab-backup/system/CodeIgniter.php(410): CodeIgniter\CodeIgniter->runController()
#2 /home/emerling/Proyectos/gelab-backup/system/CodeIgniter.php(318): CodeIgniter\CodeIgniter->handleRequest()
#3 /home/emerling/Proyectos/gelab-backup/public/index.php(37): CodeIgniter\CodeIgniter->run()
#4 /home/emerling/Proyectos/gelab-backup/system/Commands/Server/rewrite.php(43): require_once('/home/emerling/...')
#5 {main}
CRITICAL - 2021-12-14 13:00:21 --> Function name must be a string
#0 /home/emerling/Proyectos/gelab-backup/system/CodeIgniter.php(824): App\Controllers\Crud->index()
#1 /home/emerling/Proyectos/gelab-backup/system/CodeIgniter.php(410): CodeIgniter\CodeIgniter->runController()
#2 /home/emerling/Proyectos/gelab-backup/system/CodeIgniter.php(318): CodeIgniter\CodeIgniter->handleRequest()
#3 /home/emerling/Proyectos/gelab-backup/public/index.php(37): CodeIgniter\CodeIgniter->run()
#4 /home/emerling/Proyectos/gelab-backup/system/Commands/Server/rewrite.php(43): require_once('/home/emerling/...')
#5 {main}
CRITICAL - 2021-12-14 13:06:12 --> Undefined property: App\Controllers\Crud::$data
#0 /home/emerling/Proyectos/gelab-backup/app/Controllers/Crud.php(22): CodeIgniter\Debug\Exceptions->errorHandler()
#1 /home/emerling/Proyectos/gelab-backup/system/CodeIgniter.php(824): App\Controllers\Crud->index()
#2 /home/emerling/Proyectos/gelab-backup/system/CodeIgniter.php(410): CodeIgniter\CodeIgniter->runController()
#3 /home/emerling/Proyectos/gelab-backup/system/CodeIgniter.php(318): CodeIgniter\CodeIgniter->handleRequest()
#4 /home/emerling/Proyectos/gelab-backup/public/index.php(37): CodeIgniter\CodeIgniter->run()
#5 /home/emerling/Proyectos/gelab-backup/system/Commands/Server/rewrite.php(43): require_once('/home/emerling/...')
#6 {main}
CRITICAL - 2021-12-14 13:07:33 --> Undefined property: App\Controllers\Crud::$data
#0 /home/emerling/Proyectos/gelab-backup/app/Controllers/Crud.php(22): CodeIgniter\Debug\Exceptions->errorHandler()
#1 /home/emerling/Proyectos/gelab-backup/system/CodeIgniter.php(824): App\Controllers\Crud->index()
#2 /home/emerling/Proyectos/gelab-backup/system/CodeIgniter.php(410): CodeIgniter\CodeIgniter->runController()
#3 /home/emerling/Proyectos/gelab-backup/system/CodeIgniter.php(318): CodeIgniter\CodeIgniter->handleRequest()
#4 /home/emerling/Proyectos/gelab-backup/public/index.php(37): CodeIgniter\CodeIgniter->run()
#5 /home/emerling/Proyectos/gelab-backup/system/Commands/Server/rewrite.php(43): require_once('/home/emerling/...')
#6 {main}
CRITICAL - 2021-12-14 13:09:07 --> Undefined variable: result
#0 /home/emerling/Proyectos/gelab-backup/app/Views/usuarios/listado.php(30): CodeIgniter\Debug\Exceptions->errorHandler()
#1 /home/emerling/Proyectos/gelab-backup/system/View/View.php(214): include('/home/emerling/...')
#2 /home/emerling/Proyectos/gelab-backup/system/View/View.php(217): CodeIgniter\View\View->CodeIgniter\View\{closure}()
#3 /home/emerling/Proyectos/gelab-backup/system/Common.php(1097): CodeIgniter\View\View->render()
#4 /home/emerling/Proyectos/gelab-backup/app/Controllers/Crud.php(31): view()
#5 /home/emerling/Proyectos/gelab-backup/system/CodeIgniter.php(824): App\Controllers\Crud->index()
#6 /home/emerling/Proyectos/gelab-backup/system/CodeIgniter.php(410): CodeIgniter\CodeIgniter->runController()
#7 /home/emerling/Proyectos/gelab-backup/system/CodeIgniter.php(318): CodeIgniter\CodeIgniter->handleRequest()
#8 /home/emerling/Proyectos/gelab-backup/public/index.php(37): CodeIgniter\CodeIgniter->run()
#9 /home/emerling/Proyectos/gelab-backup/system/Commands/Server/rewrite.php(43): require_once('/home/emerling/...')
#10 {main}
