CRITICAL - 2021-11-30 08:20:06 --> Undefined variable: userInfo
#0 /home/emerling/Proyectos/glab/app/Controllers/Auth.php(124): CodeIgniter\Debug\Exceptions->errorHandler()
#1 /home/emerling/Proyectos/glab/system/CodeIgniter.php(824): App\Controllers\Auth->check()
#2 /home/emerling/Proyectos/glab/system/CodeIgniter.php(410): CodeIgniter\CodeIgniter->runController()
#3 /home/emerling/Proyectos/glab/system/CodeIgniter.php(318): CodeIgniter\CodeIgniter->handleRequest()
#4 /home/emerling/Proyectos/glab/public/index.php(37): CodeIgniter\CodeIgniter->run()
#5 /home/emerling/Proyectos/glab/system/Commands/Server/rewrite.php(43): require_once('/home/emerling/...')
#6 {main}
CRITICAL - 2021-11-30 08:32:38 --> Argument 3 passed to CodeIgniter\Router\RouteCollection::get() must be of the type array or null, string given, called in /home/emerling/Proyectos/glab/app/Config/Routes.php on line 38
#0 /home/emerling/Proyectos/glab/app/Config/Routes.php(38): CodeIgniter\Router\RouteCollection->get()
#1 /home/emerling/Proyectos/glab/system/Router/RouteCollection.php(607): CodeIgniter\CodeIgniter->Config\{closure}()
#2 /home/emerling/Proyectos/glab/app/Config/Routes.php(39): CodeIgniter\Router\RouteCollection->group()
#3 /home/emerling/Proyectos/glab/system/CodeIgniter.php(705): require('/home/emerling/...')
#4 /home/emerling/Proyectos/glab/system/CodeIgniter.php(359): CodeIgniter\CodeIgniter->tryToRouteIt()
#5 /home/emerling/Proyectos/glab/system/CodeIgniter.php(318): CodeIgniter\CodeIgniter->handleRequest()
#6 /home/emerling/Proyectos/glab/system/CLI/Console.php(48): CodeIgniter\CodeIgniter->run()
#7 /home/emerling/Proyectos/glab/spark(63): CodeIgniter\CLI\Console->run()
#8 {main}
CRITICAL - 2021-11-30 08:32:45 --> Argument 3 passed to CodeIgniter\Router\RouteCollection::get() must be of the type array or null, string given, called in /home/emerling/Proyectos/glab/app/Config/Routes.php on line 38
#0 /home/emerling/Proyectos/glab/app/Config/Routes.php(38): CodeIgniter\Router\RouteCollection->get()
#1 /home/emerling/Proyectos/glab/system/Router/RouteCollection.php(607): CodeIgniter\CodeIgniter->Config\{closure}()
#2 /home/emerling/Proyectos/glab/app/Config/Routes.php(39): CodeIgniter\Router\RouteCollection->group()
#3 /home/emerling/Proyectos/glab/system/CodeIgniter.php(705): require('/home/emerling/...')
#4 /home/emerling/Proyectos/glab/system/CodeIgniter.php(359): CodeIgniter\CodeIgniter->tryToRouteIt()
#5 /home/emerling/Proyectos/glab/system/CodeIgniter.php(318): CodeIgniter\CodeIgniter->handleRequest()
#6 /home/emerling/Proyectos/glab/system/CLI/Console.php(48): CodeIgniter\CodeIgniter->run()
#7 /home/emerling/Proyectos/glab/spark(63): CodeIgniter\CLI\Console->run()
#8 {main}
CRITICAL - 2021-11-30 08:33:23 --> Argument 3 passed to CodeIgniter\Router\RouteCollection::get() must be of the type array or null, string given, called in /home/emerling/Proyectos/glab/app/Config/Routes.php on line 38
#0 /home/emerling/Proyectos/glab/app/Config/Routes.php(38): CodeIgniter\Router\RouteCollection->get()
#1 /home/emerling/Proyectos/glab/system/Router/RouteCollection.php(607): CodeIgniter\CodeIgniter->Config\{closure}()
#2 /home/emerling/Proyectos/glab/app/Config/Routes.php(39): CodeIgniter\Router\RouteCollection->group()
#3 /home/emerling/Proyectos/glab/system/CodeIgniter.php(705): require('/home/emerling/...')
#4 /home/emerling/Proyectos/glab/system/CodeIgniter.php(359): CodeIgniter\CodeIgniter->tryToRouteIt()
#5 /home/emerling/Proyectos/glab/system/CodeIgniter.php(318): CodeIgniter\CodeIgniter->handleRequest()
#6 /home/emerling/Proyectos/glab/system/CLI/Console.php(48): CodeIgniter\CodeIgniter->run()
#7 /home/emerling/Proyectos/glab/spark(63): CodeIgniter\CLI\Console->run()
#8 {main}
CRITICAL - 2021-11-30 17:04:10 --> Undefined variable: user_info
#0 /home/emerling/Proyectos/glab/app/Views/dashboard/admin.php(11): CodeIgniter\Debug\Exceptions->errorHandler()
#1 /home/emerling/Proyectos/glab/system/View/View.php(214): include('/home/emerling/...')
#2 /home/emerling/Proyectos/glab/system/View/View.php(217): CodeIgniter\View\View->CodeIgniter\View\{closure}()
#3 /home/emerling/Proyectos/glab/system/Common.php(1097): CodeIgniter\View\View->render()
#4 /home/emerling/Proyectos/glab/app/Controllers/Dashboard.php(27): view()
#5 /home/emerling/Proyectos/glab/system/CodeIgniter.php(824): App\Controllers\Dashboard->admin()
#6 /home/emerling/Proyectos/glab/system/CodeIgniter.php(410): CodeIgniter\CodeIgniter->runController()
#7 /home/emerling/Proyectos/glab/system/CodeIgniter.php(318): CodeIgniter\CodeIgniter->handleRequest()
#8 /home/emerling/Proyectos/glab/public/index.php(37): CodeIgniter\CodeIgniter->run()
#9 /home/emerling/Proyectos/glab/system/Commands/Server/rewrite.php(43): require_once('/home/emerling/...')
#10 {main}
CRITICAL - 2021-11-30 17:05:46 --> Undefined variable: usersModels
#0 /home/emerling/Proyectos/glab/app/Views/dashboard/admin.php(12): CodeIgniter\Debug\Exceptions->errorHandler()
#1 /home/emerling/Proyectos/glab/system/View/View.php(214): include('/home/emerling/...')
#2 /home/emerling/Proyectos/glab/system/View/View.php(217): CodeIgniter\View\View->CodeIgniter\View\{closure}()
#3 /home/emerling/Proyectos/glab/system/Common.php(1097): CodeIgniter\View\View->render()
#4 /home/emerling/Proyectos/glab/app/Controllers/Dashboard.php(27): view()
#5 /home/emerling/Proyectos/glab/system/CodeIgniter.php(824): App\Controllers\Dashboard->admin()
#6 /home/emerling/Proyectos/glab/system/CodeIgniter.php(410): CodeIgniter\CodeIgniter->runController()
#7 /home/emerling/Proyectos/glab/system/CodeIgniter.php(318): CodeIgniter\CodeIgniter->handleRequest()
#8 /home/emerling/Proyectos/glab/public/index.php(37): CodeIgniter\CodeIgniter->run()
#9 /home/emerling/Proyectos/glab/system/Commands/Server/rewrite.php(43): require_once('/home/emerling/...')
#10 {main}
CRITICAL - 2021-11-30 17:06:52 --> Undefined variable: usuario
#0 /home/emerling/Proyectos/glab/app/Views/dashboard/admin.php(15): CodeIgniter\Debug\Exceptions->errorHandler()
#1 /home/emerling/Proyectos/glab/system/View/View.php(214): include('/home/emerling/...')
#2 /home/emerling/Proyectos/glab/system/View/View.php(217): CodeIgniter\View\View->CodeIgniter\View\{closure}()
#3 /home/emerling/Proyectos/glab/system/Common.php(1097): CodeIgniter\View\View->render()
#4 /home/emerling/Proyectos/glab/app/Controllers/Dashboard.php(27): view()
#5 /home/emerling/Proyectos/glab/system/CodeIgniter.php(824): App\Controllers\Dashboard->admin()
#6 /home/emerling/Proyectos/glab/system/CodeIgniter.php(410): CodeIgniter\CodeIgniter->runController()
#7 /home/emerling/Proyectos/glab/system/CodeIgniter.php(318): CodeIgniter\CodeIgniter->handleRequest()
#8 /home/emerling/Proyectos/glab/public/index.php(37): CodeIgniter\CodeIgniter->run()
#9 /home/emerling/Proyectos/glab/system/Commands/Server/rewrite.php(43): require_once('/home/emerling/...')
#10 {main}
CRITICAL - 2021-11-30 17:08:08 --> Undefined property: CodeIgniter\View\View::$request
#0 /home/emerling/Proyectos/glab/app/Views/dashboard/admin.php(14): CodeIgniter\Debug\Exceptions->errorHandler()
#1 /home/emerling/Proyectos/glab/system/View/View.php(214): include('/home/emerling/...')
#2 /home/emerling/Proyectos/glab/system/View/View.php(217): CodeIgniter\View\View->CodeIgniter\View\{closure}()
#3 /home/emerling/Proyectos/glab/system/Common.php(1097): CodeIgniter\View\View->render()
#4 /home/emerling/Proyectos/glab/app/Controllers/Dashboard.php(27): view()
#5 /home/emerling/Proyectos/glab/system/CodeIgniter.php(824): App\Controllers\Dashboard->admin()
#6 /home/emerling/Proyectos/glab/system/CodeIgniter.php(410): CodeIgniter\CodeIgniter->runController()
#7 /home/emerling/Proyectos/glab/system/CodeIgniter.php(318): CodeIgniter\CodeIgniter->handleRequest()
#8 /home/emerling/Proyectos/glab/public/index.php(37): CodeIgniter\CodeIgniter->run()
#9 /home/emerling/Proyectos/glab/system/Commands/Server/rewrite.php(43): require_once('/home/emerling/...')
#10 {main}
CRITICAL - 2021-11-30 17:08:43 --> Undefined property: CodeIgniter\View\View::$request
#0 /home/emerling/Proyectos/glab/app/Views/dashboard/admin.php(14): CodeIgniter\Debug\Exceptions->errorHandler()
#1 /home/emerling/Proyectos/glab/system/View/View.php(214): include('/home/emerling/...')
#2 /home/emerling/Proyectos/glab/system/View/View.php(217): CodeIgniter\View\View->CodeIgniter\View\{closure}()
#3 /home/emerling/Proyectos/glab/system/Common.php(1097): CodeIgniter\View\View->render()
#4 /home/emerling/Proyectos/glab/app/Controllers/Dashboard.php(27): view()
#5 /home/emerling/Proyectos/glab/system/CodeIgniter.php(824): App\Controllers\Dashboard->admin()
#6 /home/emerling/Proyectos/glab/system/CodeIgniter.php(410): CodeIgniter\CodeIgniter->runController()
#7 /home/emerling/Proyectos/glab/system/CodeIgniter.php(318): CodeIgniter\CodeIgniter->handleRequest()
#8 /home/emerling/Proyectos/glab/public/index.php(37): CodeIgniter\CodeIgniter->run()
#9 /home/emerling/Proyectos/glab/system/Commands/Server/rewrite.php(43): require_once('/home/emerling/...')
#10 {main}
CRITICAL - 2021-11-30 17:08:46 --> Undefined property: CodeIgniter\View\View::$request
#0 /home/emerling/Proyectos/glab/app/Views/dashboard/admin.php(14): CodeIgniter\Debug\Exceptions->errorHandler()
#1 /home/emerling/Proyectos/glab/system/View/View.php(214): include('/home/emerling/...')
#2 /home/emerling/Proyectos/glab/system/View/View.php(217): CodeIgniter\View\View->CodeIgniter\View\{closure}()
#3 /home/emerling/Proyectos/glab/system/Common.php(1097): CodeIgniter\View\View->render()
#4 /home/emerling/Proyectos/glab/app/Controllers/Dashboard.php(27): view()
#5 /home/emerling/Proyectos/glab/system/CodeIgniter.php(824): App\Controllers\Dashboard->admin()
#6 /home/emerling/Proyectos/glab/system/CodeIgniter.php(410): CodeIgniter\CodeIgniter->runController()
#7 /home/emerling/Proyectos/glab/system/CodeIgniter.php(318): CodeIgniter\CodeIgniter->handleRequest()
#8 /home/emerling/Proyectos/glab/public/index.php(37): CodeIgniter\CodeIgniter->run()
#9 /home/emerling/Proyectos/glab/system/Commands/Server/rewrite.php(43): require_once('/home/emerling/...')
#10 {main}
CRITICAL - 2021-11-30 17:08:47 --> Undefined property: CodeIgniter\View\View::$request
#0 /home/emerling/Proyectos/glab/app/Views/dashboard/admin.php(14): CodeIgniter\Debug\Exceptions->errorHandler()
#1 /home/emerling/Proyectos/glab/system/View/View.php(214): include('/home/emerling/...')
#2 /home/emerling/Proyectos/glab/system/View/View.php(217): CodeIgniter\View\View->CodeIgniter\View\{closure}()
#3 /home/emerling/Proyectos/glab/system/Common.php(1097): CodeIgniter\View\View->render()
#4 /home/emerling/Proyectos/glab/app/Controllers/Dashboard.php(27): view()
#5 /home/emerling/Proyectos/glab/system/CodeIgniter.php(824): App\Controllers\Dashboard->admin()
#6 /home/emerling/Proyectos/glab/system/CodeIgniter.php(410): CodeIgniter\CodeIgniter->runController()
#7 /home/emerling/Proyectos/glab/system/CodeIgniter.php(318): CodeIgniter\CodeIgniter->handleRequest()
#8 /home/emerling/Proyectos/glab/public/index.php(37): CodeIgniter\CodeIgniter->run()
#9 /home/emerling/Proyectos/glab/system/Commands/Server/rewrite.php(43): require_once('/home/emerling/...')
#10 {main}
CRITICAL - 2021-11-30 17:11:26 --> Undefined property: CodeIgniter\View\View::$request
#0 /home/emerling/Proyectos/glab/app/Views/dashboard/admin.php(18): CodeIgniter\Debug\Exceptions->errorHandler()
#1 /home/emerling/Proyectos/glab/system/View/View.php(214): include('/home/emerling/...')
#2 /home/emerling/Proyectos/glab/system/View/View.php(217): CodeIgniter\View\View->CodeIgniter\View\{closure}()
#3 /home/emerling/Proyectos/glab/system/Common.php(1097): CodeIgniter\View\View->render()
#4 /home/emerling/Proyectos/glab/app/Controllers/Dashboard.php(27): view()
#5 /home/emerling/Proyectos/glab/system/CodeIgniter.php(824): App\Controllers\Dashboard->admin()
#6 /home/emerling/Proyectos/glab/system/CodeIgniter.php(410): CodeIgniter\CodeIgniter->runController()
#7 /home/emerling/Proyectos/glab/system/CodeIgniter.php(318): CodeIgniter\CodeIgniter->handleRequest()
#8 /home/emerling/Proyectos/glab/public/index.php(37): CodeIgniter\CodeIgniter->run()
#9 /home/emerling/Proyectos/glab/system/Commands/Server/rewrite.php(43): require_once('/home/emerling/...')
#10 {main}
CRITICAL - 2021-11-30 17:53:09 --> Undefined variable: user_info
#0 /home/emerling/Proyectos/glab/app/Views/dashboard/admin.php(23): CodeIgniter\Debug\Exceptions->errorHandler()
#1 /home/emerling/Proyectos/glab/system/View/View.php(214): include('/home/emerling/...')
#2 /home/emerling/Proyectos/glab/system/View/View.php(217): CodeIgniter\View\View->CodeIgniter\View\{closure}()
#3 /home/emerling/Proyectos/glab/system/Common.php(1097): CodeIgniter\View\View->render()
#4 /home/emerling/Proyectos/glab/app/Controllers/Dashboard.php(27): view()
#5 /home/emerling/Proyectos/glab/system/CodeIgniter.php(824): App\Controllers\Dashboard->admin()
#6 /home/emerling/Proyectos/glab/system/CodeIgniter.php(410): CodeIgniter\CodeIgniter->runController()
#7 /home/emerling/Proyectos/glab/system/CodeIgniter.php(318): CodeIgniter\CodeIgniter->handleRequest()
#8 /home/emerling/Proyectos/glab/public/index.php(37): CodeIgniter\CodeIgniter->run()
#9 /home/emerling/Proyectos/glab/system/Commands/Server/rewrite.php(43): require_once('/home/emerling/...')
#10 {main}
CRITICAL - 2021-11-30 17:57:42 --> syntax error, unexpected '$userInfo' (T_VARIABLE), expecting ';' or ','
#0 /home/emerling/Proyectos/glab/system/View/View.php(217): CodeIgniter\View\View->CodeIgniter\View\{closure}()
#1 /home/emerling/Proyectos/glab/system/Common.php(1097): CodeIgniter\View\View->render()
#2 /home/emerling/Proyectos/glab/app/Controllers/Dashboard.php(27): view()
#3 /home/emerling/Proyectos/glab/system/CodeIgniter.php(824): App\Controllers\Dashboard->admin()
#4 /home/emerling/Proyectos/glab/system/CodeIgniter.php(410): CodeIgniter\CodeIgniter->runController()
#5 /home/emerling/Proyectos/glab/system/CodeIgniter.php(318): CodeIgniter\CodeIgniter->handleRequest()
#6 /home/emerling/Proyectos/glab/public/index.php(37): CodeIgniter\CodeIgniter->run()
#7 /home/emerling/Proyectos/glab/system/Commands/Server/rewrite.php(43): require_once('/home/emerling/...')
#8 {main}
CRITICAL - 2021-11-30 18:02:19 --> syntax error, unexpected '==' (T_IS_EQUAL)
#0 /home/emerling/Proyectos/glab/system/View/View.php(217): CodeIgniter\View\View->CodeIgniter\View\{closure}()
#1 /home/emerling/Proyectos/glab/system/Common.php(1097): CodeIgniter\View\View->render()
#2 /home/emerling/Proyectos/glab/app/Controllers/Dashboard.php(27): view()
#3 /home/emerling/Proyectos/glab/system/CodeIgniter.php(824): App\Controllers\Dashboard->admin()
#4 /home/emerling/Proyectos/glab/system/CodeIgniter.php(410): CodeIgniter\CodeIgniter->runController()
#5 /home/emerling/Proyectos/glab/system/CodeIgniter.php(318): CodeIgniter\CodeIgniter->handleRequest()
#6 /home/emerling/Proyectos/glab/public/index.php(37): CodeIgniter\CodeIgniter->run()
#7 /home/emerling/Proyectos/glab/system/Commands/Server/rewrite.php(43): require_once('/home/emerling/...')
#8 {main}
CRITICAL - 2021-11-30 18:02:41 --> syntax error, unexpected '==' (T_IS_EQUAL)
#0 /home/emerling/Proyectos/glab/system/View/View.php(217): CodeIgniter\View\View->CodeIgniter\View\{closure}()
#1 /home/emerling/Proyectos/glab/system/Common.php(1097): CodeIgniter\View\View->render()
#2 /home/emerling/Proyectos/glab/app/Controllers/Dashboard.php(27): view()
#3 /home/emerling/Proyectos/glab/system/CodeIgniter.php(824): App\Controllers\Dashboard->admin()
#4 /home/emerling/Proyectos/glab/system/CodeIgniter.php(410): CodeIgniter\CodeIgniter->runController()
#5 /home/emerling/Proyectos/glab/system/CodeIgniter.php(318): CodeIgniter\CodeIgniter->handleRequest()
#6 /home/emerling/Proyectos/glab/public/index.php(37): CodeIgniter\CodeIgniter->run()
#7 /home/emerling/Proyectos/glab/system/Commands/Server/rewrite.php(43): require_once('/home/emerling/...')
#8 {main}
CRITICAL - 2021-11-30 18:02:42 --> syntax error, unexpected '==' (T_IS_EQUAL)
#0 /home/emerling/Proyectos/glab/system/View/View.php(217): CodeIgniter\View\View->CodeIgniter\View\{closure}()
#1 /home/emerling/Proyectos/glab/system/Common.php(1097): CodeIgniter\View\View->render()
#2 /home/emerling/Proyectos/glab/app/Controllers/Dashboard.php(27): view()
#3 /home/emerling/Proyectos/glab/system/CodeIgniter.php(824): App\Controllers\Dashboard->admin()
#4 /home/emerling/Proyectos/glab/system/CodeIgniter.php(410): CodeIgniter\CodeIgniter->runController()
#5 /home/emerling/Proyectos/glab/system/CodeIgniter.php(318): CodeIgniter\CodeIgniter->handleRequest()
#6 /home/emerling/Proyectos/glab/public/index.php(37): CodeIgniter\CodeIgniter->run()
#7 /home/emerling/Proyectos/glab/system/Commands/Server/rewrite.php(43): require_once('/home/emerling/...')
#8 {main}
CRITICAL - 2021-11-30 18:04:08 --> Array to string conversion
#0 /home/emerling/Proyectos/glab/app/Views/dashboard/admin.php(28): CodeIgniter\Debug\Exceptions->errorHandler()
#1 /home/emerling/Proyectos/glab/system/View/View.php(214): include('/home/emerling/...')
#2 /home/emerling/Proyectos/glab/system/View/View.php(217): CodeIgniter\View\View->CodeIgniter\View\{closure}()
#3 /home/emerling/Proyectos/glab/system/Common.php(1097): CodeIgniter\View\View->render()
#4 /home/emerling/Proyectos/glab/app/Controllers/Dashboard.php(27): view()
#5 /home/emerling/Proyectos/glab/system/CodeIgniter.php(824): App\Controllers\Dashboard->admin()
#6 /home/emerling/Proyectos/glab/system/CodeIgniter.php(410): CodeIgniter\CodeIgniter->runController()
#7 /home/emerling/Proyectos/glab/system/CodeIgniter.php(318): CodeIgniter\CodeIgniter->handleRequest()
#8 /home/emerling/Proyectos/glab/public/index.php(37): CodeIgniter\CodeIgniter->run()
#9 /home/emerling/Proyectos/glab/system/Commands/Server/rewrite.php(43): require_once('/home/emerling/...')
#10 {main}
CRITICAL - 2021-11-30 18:05:29 --> Undefined index: 
#0 /home/emerling/Proyectos/glab/app/Views/dashboard/admin.php(23): CodeIgniter\Debug\Exceptions->errorHandler()
#1 /home/emerling/Proyectos/glab/system/View/View.php(214): include('/home/emerling/...')
#2 /home/emerling/Proyectos/glab/system/View/View.php(217): CodeIgniter\View\View->CodeIgniter\View\{closure}()
#3 /home/emerling/Proyectos/glab/system/Common.php(1097): CodeIgniter\View\View->render()
#4 /home/emerling/Proyectos/glab/app/Controllers/Dashboard.php(27): view()
#5 /home/emerling/Proyectos/glab/system/CodeIgniter.php(824): App\Controllers\Dashboard->admin()
#6 /home/emerling/Proyectos/glab/system/CodeIgniter.php(410): CodeIgniter\CodeIgniter->runController()
#7 /home/emerling/Proyectos/glab/system/CodeIgniter.php(318): CodeIgniter\CodeIgniter->handleRequest()
#8 /home/emerling/Proyectos/glab/public/index.php(37): CodeIgniter\CodeIgniter->run()
#9 /home/emerling/Proyectos/glab/system/Commands/Server/rewrite.php(43): require_once('/home/emerling/...')
#10 {main}
CRITICAL - 2021-11-30 18:06:27 --> Undefined index: 
#0 /home/emerling/Proyectos/glab/app/Views/dashboard/admin.php(23): CodeIgniter\Debug\Exceptions->errorHandler()
#1 /home/emerling/Proyectos/glab/system/View/View.php(214): include('/home/emerling/...')
#2 /home/emerling/Proyectos/glab/system/View/View.php(217): CodeIgniter\View\View->CodeIgniter\View\{closure}()
#3 /home/emerling/Proyectos/glab/system/Common.php(1097): CodeIgniter\View\View->render()
#4 /home/emerling/Proyectos/glab/app/Controllers/Dashboard.php(27): view()
#5 /home/emerling/Proyectos/glab/system/CodeIgniter.php(824): App\Controllers\Dashboard->admin()
#6 /home/emerling/Proyectos/glab/system/CodeIgniter.php(410): CodeIgniter\CodeIgniter->runController()
#7 /home/emerling/Proyectos/glab/system/CodeIgniter.php(318): CodeIgniter\CodeIgniter->handleRequest()
#8 /home/emerling/Proyectos/glab/public/index.php(37): CodeIgniter\CodeIgniter->run()
#9 /home/emerling/Proyectos/glab/system/Commands/Server/rewrite.php(43): require_once('/home/emerling/...')
#10 {main}
CRITICAL - 2021-11-30 18:06:46 --> Function name must be a string
#0 /home/emerling/Proyectos/glab/system/View/View.php(214): include()
#1 /home/emerling/Proyectos/glab/system/View/View.php(217): CodeIgniter\View\View->CodeIgniter\View\{closure}()
#2 /home/emerling/Proyectos/glab/system/Common.php(1097): CodeIgniter\View\View->render()
#3 /home/emerling/Proyectos/glab/app/Controllers/Dashboard.php(27): view()
#4 /home/emerling/Proyectos/glab/system/CodeIgniter.php(824): App\Controllers\Dashboard->admin()
#5 /home/emerling/Proyectos/glab/system/CodeIgniter.php(410): CodeIgniter\CodeIgniter->runController()
#6 /home/emerling/Proyectos/glab/system/CodeIgniter.php(318): CodeIgniter\CodeIgniter->handleRequest()
#7 /home/emerling/Proyectos/glab/public/index.php(37): CodeIgniter\CodeIgniter->run()
#8 /home/emerling/Proyectos/glab/system/Commands/Server/rewrite.php(43): require_once('/home/emerling/...')
#9 {main}
CRITICAL - 2021-11-30 18:54:31 --> syntax error, unexpected '}', expecting end of file
#0 /home/emerling/Proyectos/glab/system/Router/Router.php(176): CodeIgniter\Router\Router->autoRoute()
#1 /home/emerling/Proyectos/glab/system/CodeIgniter.php(718): CodeIgniter\Router\Router->handle()
#2 /home/emerling/Proyectos/glab/system/CodeIgniter.php(359): CodeIgniter\CodeIgniter->tryToRouteIt()
#3 /home/emerling/Proyectos/glab/system/CodeIgniter.php(318): CodeIgniter\CodeIgniter->handleRequest()
#4 /home/emerling/Proyectos/glab/public/index.php(37): CodeIgniter\CodeIgniter->run()
#5 /home/emerling/Proyectos/glab/system/Commands/Server/rewrite.php(43): require_once('/home/emerling/...')
#6 {main}
CRITICAL - 2021-11-30 19:35:05 --> Undefined index: usuario
#0 /home/emerling/Proyectos/glab/app/Views/dashboard/admin.php(25): CodeIgniter\Debug\Exceptions->errorHandler()
#1 /home/emerling/Proyectos/glab/system/View/View.php(214): include('/home/emerling/...')
#2 /home/emerling/Proyectos/glab/system/View/View.php(217): CodeIgniter\View\View->CodeIgniter\View\{closure}()
#3 /home/emerling/Proyectos/glab/system/Common.php(1097): CodeIgniter\View\View->render()
#4 /home/emerling/Proyectos/glab/app/Controllers/Dashboard.php(27): view()
#5 /home/emerling/Proyectos/glab/system/CodeIgniter.php(824): App\Controllers\Dashboard->admin()
#6 /home/emerling/Proyectos/glab/system/CodeIgniter.php(410): CodeIgniter\CodeIgniter->runController()
#7 /home/emerling/Proyectos/glab/system/CodeIgniter.php(318): CodeIgniter\CodeIgniter->handleRequest()
#8 /home/emerling/Proyectos/glab/public/index.php(37): CodeIgniter\CodeIgniter->run()
#9 /home/emerling/Proyectos/glab/system/Commands/Server/rewrite.php(43): require_once('/home/emerling/...')
#10 {main}
CRITICAL - 2021-11-30 19:35:07 --> Undefined index: usuario
#0 /home/emerling/Proyectos/glab/app/Views/dashboard/admin.php(25): CodeIgniter\Debug\Exceptions->errorHandler()
#1 /home/emerling/Proyectos/glab/system/View/View.php(214): include('/home/emerling/...')
#2 /home/emerling/Proyectos/glab/system/View/View.php(217): CodeIgniter\View\View->CodeIgniter\View\{closure}()
#3 /home/emerling/Proyectos/glab/system/Common.php(1097): CodeIgniter\View\View->render()
#4 /home/emerling/Proyectos/glab/app/Controllers/Dashboard.php(27): view()
#5 /home/emerling/Proyectos/glab/system/CodeIgniter.php(824): App\Controllers\Dashboard->admin()
#6 /home/emerling/Proyectos/glab/system/CodeIgniter.php(410): CodeIgniter\CodeIgniter->runController()
#7 /home/emerling/Proyectos/glab/system/CodeIgniter.php(318): CodeIgniter\CodeIgniter->handleRequest()
#8 /home/emerling/Proyectos/glab/public/index.php(37): CodeIgniter\CodeIgniter->run()
#9 /home/emerling/Proyectos/glab/system/Commands/Server/rewrite.php(43): require_once('/home/emerling/...')
#10 {main}
CRITICAL - 2021-11-30 19:58:58 --> Undefined index: usuario
#0 /home/emerling/Proyectos/glab/app/Views/dashboard/index.php(26): CodeIgniter\Debug\Exceptions->errorHandler()
#1 /home/emerling/Proyectos/glab/system/View/View.php(214): include('/home/emerling/...')
#2 /home/emerling/Proyectos/glab/system/View/View.php(217): CodeIgniter\View\View->CodeIgniter\View\{closure}()
#3 /home/emerling/Proyectos/glab/system/Common.php(1097): CodeIgniter\View\View->render()
#4 /home/emerling/Proyectos/glab/app/Controllers/Dashboard.php(16): view()
#5 /home/emerling/Proyectos/glab/system/CodeIgniter.php(824): App\Controllers\Dashboard->index()
#6 /home/emerling/Proyectos/glab/system/CodeIgniter.php(410): CodeIgniter\CodeIgniter->runController()
#7 /home/emerling/Proyectos/glab/system/CodeIgniter.php(318): CodeIgniter\CodeIgniter->handleRequest()
#8 /home/emerling/Proyectos/glab/public/index.php(37): CodeIgniter\CodeIgniter->run()
#9 /home/emerling/Proyectos/glab/system/Commands/Server/rewrite.php(43): require_once('/home/emerling/...')
#10 {main}
CRITICAL - 2021-11-30 22:56:49 --> Undefined index: usuario
#0 /home/emerling/Proyectos/glab/app/Views/dashboard/index.php(26): CodeIgniter\Debug\Exceptions->errorHandler()
#1 /home/emerling/Proyectos/glab/system/View/View.php(214): include('/home/emerling/...')
#2 /home/emerling/Proyectos/glab/system/View/View.php(217): CodeIgniter\View\View->CodeIgniter\View\{closure}()
#3 /home/emerling/Proyectos/glab/system/Common.php(1097): CodeIgniter\View\View->render()
#4 /home/emerling/Proyectos/glab/app/Controllers/Dashboard.php(16): view()
#5 /home/emerling/Proyectos/glab/system/CodeIgniter.php(824): App\Controllers\Dashboard->index()
#6 /home/emerling/Proyectos/glab/system/CodeIgniter.php(410): CodeIgniter\CodeIgniter->runController()
#7 /home/emerling/Proyectos/glab/system/CodeIgniter.php(318): CodeIgniter\CodeIgniter->handleRequest()
#8 /home/emerling/Proyectos/glab/public/index.php(37): CodeIgniter\CodeIgniter->run()
#9 /home/emerling/Proyectos/glab/system/Commands/Server/rewrite.php(43): require_once('/home/emerling/...')
#10 {main}
CRITICAL - 2021-11-30 23:10:59 --> Undefined index: usuario
#0 /home/emerling/Proyectos/glab/app/Views/dashboard/index.php(26): CodeIgniter\Debug\Exceptions->errorHandler()
#1 /home/emerling/Proyectos/glab/system/View/View.php(214): include('/home/emerling/...')
#2 /home/emerling/Proyectos/glab/system/View/View.php(217): CodeIgniter\View\View->CodeIgniter\View\{closure}()
#3 /home/emerling/Proyectos/glab/system/Common.php(1097): CodeIgniter\View\View->render()
#4 /home/emerling/Proyectos/glab/app/Controllers/Dashboard.php(16): view()
#5 /home/emerling/Proyectos/glab/system/CodeIgniter.php(824): App\Controllers\Dashboard->index()
#6 /home/emerling/Proyectos/glab/system/CodeIgniter.php(410): CodeIgniter\CodeIgniter->runController()
#7 /home/emerling/Proyectos/glab/system/CodeIgniter.php(318): CodeIgniter\CodeIgniter->handleRequest()
#8 /home/emerling/Proyectos/glab/public/index.php(37): CodeIgniter\CodeIgniter->run()
#9 /home/emerling/Proyectos/glab/system/Commands/Server/rewrite.php(43): require_once('/home/emerling/...')
#10 {main}
CRITICAL - 2021-11-30 23:22:32 --> Undefined index: usuario
#0 /home/emerling/Proyectos/glab/app/Views/dashboard/index.php(26): CodeIgniter\Debug\Exceptions->errorHandler()
#1 /home/emerling/Proyectos/glab/system/View/View.php(214): include('/home/emerling/...')
#2 /home/emerling/Proyectos/glab/system/View/View.php(217): CodeIgniter\View\View->CodeIgniter\View\{closure}()
#3 /home/emerling/Proyectos/glab/system/Common.php(1097): CodeIgniter\View\View->render()
#4 /home/emerling/Proyectos/glab/app/Controllers/Dashboard.php(16): view()
#5 /home/emerling/Proyectos/glab/system/CodeIgniter.php(824): App\Controllers\Dashboard->index()
#6 /home/emerling/Proyectos/glab/system/CodeIgniter.php(410): CodeIgniter\CodeIgniter->runController()
#7 /home/emerling/Proyectos/glab/system/CodeIgniter.php(318): CodeIgniter\CodeIgniter->handleRequest()
#8 /home/emerling/Proyectos/glab/public/index.php(37): CodeIgniter\CodeIgniter->run()
#9 /home/emerling/Proyectos/glab/system/Commands/Server/rewrite.php(43): require_once('/home/emerling/...')
#10 {main}
CRITICAL - 2021-11-30 23:30:07 --> Class 'App\Filters\AuthCheckFilter' not found
#0 /home/emerling/Proyectos/glab/system/CodeIgniter.php(384): CodeIgniter\Filters\Filters->run()
#1 /home/emerling/Proyectos/glab/system/CodeIgniter.php(318): CodeIgniter\CodeIgniter->handleRequest()
#2 /home/emerling/Proyectos/glab/public/index.php(37): CodeIgniter\CodeIgniter->run()
#3 /home/emerling/Proyectos/glab/system/Commands/Server/rewrite.php(43): require_once('/home/emerling/...')
#4 {main}
CRITICAL - 2021-11-30 23:30:18 --> Class 'App\Filters\AuthCheckFilter' not found
#0 /home/emerling/Proyectos/glab/system/CodeIgniter.php(384): CodeIgniter\Filters\Filters->run()
#1 /home/emerling/Proyectos/glab/system/CodeIgniter.php(318): CodeIgniter\CodeIgniter->handleRequest()
#2 /home/emerling/Proyectos/glab/public/index.php(37): CodeIgniter\CodeIgniter->run()
#3 /home/emerling/Proyectos/glab/system/Commands/Server/rewrite.php(43): require_once('/home/emerling/...')
#4 {main}
CRITICAL - 2021-11-30 23:31:28 --> Class 'App\Filters\AuthCheckFilter' not found
#0 /home/emerling/Proyectos/glab/system/CodeIgniter.php(384): CodeIgniter\Filters\Filters->run()
#1 /home/emerling/Proyectos/glab/system/CodeIgniter.php(318): CodeIgniter\CodeIgniter->handleRequest()
#2 /home/emerling/Proyectos/glab/public/index.php(37): CodeIgniter\CodeIgniter->run()
#3 /home/emerling/Proyectos/glab/system/Commands/Server/rewrite.php(43): require_once('/home/emerling/...')
#4 {main}
CRITICAL - 2021-11-30 23:31:31 --> Class 'App\Filters\AuthCheckFilter' not found
#0 /home/emerling/Proyectos/glab/system/CodeIgniter.php(384): CodeIgniter\Filters\Filters->run()
#1 /home/emerling/Proyectos/glab/system/CodeIgniter.php(318): CodeIgniter\CodeIgniter->handleRequest()
#2 /home/emerling/Proyectos/glab/public/index.php(37): CodeIgniter\CodeIgniter->run()
#3 /home/emerling/Proyectos/glab/system/Commands/Server/rewrite.php(43): require_once('/home/emerling/...')
#4 {main}
CRITICAL - 2021-11-30 23:31:52 --> Class 'App\Filters\AuthCheckFilter' not found
#0 /home/emerling/Proyectos/glab/system/CodeIgniter.php(384): CodeIgniter\Filters\Filters->run()
#1 /home/emerling/Proyectos/glab/system/CodeIgniter.php(318): CodeIgniter\CodeIgniter->handleRequest()
#2 /home/emerling/Proyectos/glab/public/index.php(37): CodeIgniter\CodeIgniter->run()
#3 /home/emerling/Proyectos/glab/system/Commands/Server/rewrite.php(43): require_once('/home/emerling/...')
#4 {main}
CRITICAL - 2021-11-30 23:33:34 --> Class 'App\Filters\AuthCheckFilter' not found
#0 /home/emerling/Proyectos/glab/system/CodeIgniter.php(384): CodeIgniter\Filters\Filters->run()
#1 /home/emerling/Proyectos/glab/system/CodeIgniter.php(318): CodeIgniter\CodeIgniter->handleRequest()
#2 /home/emerling/Proyectos/glab/public/index.php(37): CodeIgniter\CodeIgniter->run()
#3 /home/emerling/Proyectos/glab/system/Commands/Server/rewrite.php(43): require_once('/home/emerling/...')
#4 {main}
CRITICAL - 2021-11-30 23:33:35 --> Class 'App\Filters\AuthCheckFilter' not found
#0 /home/emerling/Proyectos/glab/system/CodeIgniter.php(384): CodeIgniter\Filters\Filters->run()
#1 /home/emerling/Proyectos/glab/system/CodeIgniter.php(318): CodeIgniter\CodeIgniter->handleRequest()
#2 /home/emerling/Proyectos/glab/public/index.php(37): CodeIgniter\CodeIgniter->run()
#3 /home/emerling/Proyectos/glab/system/Commands/Server/rewrite.php(43): require_once('/home/emerling/...')
#4 {main}
CRITICAL - 2021-11-30 23:33:36 --> Class 'App\Filters\AuthCheckFilter' not found
#0 /home/emerling/Proyectos/glab/system/CodeIgniter.php(384): CodeIgniter\Filters\Filters->run()
#1 /home/emerling/Proyectos/glab/system/CodeIgniter.php(318): CodeIgniter\CodeIgniter->handleRequest()
#2 /home/emerling/Proyectos/glab/public/index.php(37): CodeIgniter\CodeIgniter->run()
#3 /home/emerling/Proyectos/glab/system/Commands/Server/rewrite.php(43): require_once('/home/emerling/...')
#4 {main}
CRITICAL - 2021-11-30 23:33:36 --> Class 'App\Filters\AuthCheckFilter' not found
#0 /home/emerling/Proyectos/glab/system/CodeIgniter.php(384): CodeIgniter\Filters\Filters->run()
#1 /home/emerling/Proyectos/glab/system/CodeIgniter.php(318): CodeIgniter\CodeIgniter->handleRequest()
#2 /home/emerling/Proyectos/glab/public/index.php(37): CodeIgniter\CodeIgniter->run()
#3 /home/emerling/Proyectos/glab/system/Commands/Server/rewrite.php(43): require_once('/home/emerling/...')
#4 {main}
CRITICAL - 2021-11-30 23:33:36 --> Class 'App\Filters\AuthCheckFilter' not found
#0 /home/emerling/Proyectos/glab/system/CodeIgniter.php(384): CodeIgniter\Filters\Filters->run()
#1 /home/emerling/Proyectos/glab/system/CodeIgniter.php(318): CodeIgniter\CodeIgniter->handleRequest()
#2 /home/emerling/Proyectos/glab/public/index.php(37): CodeIgniter\CodeIgniter->run()
#3 /home/emerling/Proyectos/glab/system/Commands/Server/rewrite.php(43): require_once('/home/emerling/...')
#4 {main}
CRITICAL - 2021-11-30 23:33:36 --> Class 'App\Filters\AuthCheckFilter' not found
#0 /home/emerling/Proyectos/glab/system/CodeIgniter.php(384): CodeIgniter\Filters\Filters->run()
#1 /home/emerling/Proyectos/glab/system/CodeIgniter.php(318): CodeIgniter\CodeIgniter->handleRequest()
#2 /home/emerling/Proyectos/glab/public/index.php(37): CodeIgniter\CodeIgniter->run()
#3 /home/emerling/Proyectos/glab/system/Commands/Server/rewrite.php(43): require_once('/home/emerling/...')
#4 {main}
CRITICAL - 2021-11-30 23:33:52 --> Class 'App\Filters\AuthCheckFilter' not found
#0 /home/emerling/Proyectos/glab/system/CodeIgniter.php(384): CodeIgniter\Filters\Filters->run()
#1 /home/emerling/Proyectos/glab/system/CodeIgniter.php(318): CodeIgniter\CodeIgniter->handleRequest()
#2 /home/emerling/Proyectos/glab/public/index.php(37): CodeIgniter\CodeIgniter->run()
#3 /home/emerling/Proyectos/glab/system/Commands/Server/rewrite.php(43): require_once('/home/emerling/...')
#4 {main}
CRITICAL - 2021-11-30 23:36:55 --> AuthCheckFilter filter must have a matching alias defined.
#0 /home/emerling/Proyectos/glab/system/Filters/Filters.php(340): CodeIgniter\Filters\Exceptions\FilterException::forNoAlias()
#1 /home/emerling/Proyectos/glab/system/CodeIgniter.php(375): CodeIgniter\Filters\Filters->enableFilter()
#2 /home/emerling/Proyectos/glab/system/CodeIgniter.php(318): CodeIgniter\CodeIgniter->handleRequest()
#3 /home/emerling/Proyectos/glab/public/index.php(37): CodeIgniter\CodeIgniter->run()
#4 /home/emerling/Proyectos/glab/system/Commands/Server/rewrite.php(43): require_once('/home/emerling/...')
#5 {main}
CRITICAL - 2021-11-30 23:37:40 --> AuthCheckFilter filter must have a matching alias defined.
#0 /home/emerling/Proyectos/glab/system/Filters/Filters.php(340): CodeIgniter\Filters\Exceptions\FilterException::forNoAlias()
#1 /home/emerling/Proyectos/glab/system/CodeIgniter.php(375): CodeIgniter\Filters\Filters->enableFilter()
#2 /home/emerling/Proyectos/glab/system/CodeIgniter.php(318): CodeIgniter\CodeIgniter->handleRequest()
#3 /home/emerling/Proyectos/glab/public/index.php(37): CodeIgniter\CodeIgniter->run()
#4 /home/emerling/Proyectos/glab/system/Commands/Server/rewrite.php(43): require_once('/home/emerling/...')
#5 {main}
CRITICAL - 2021-11-30 23:38:07 --> Undefined index: usuario
#0 /home/emerling/Proyectos/glab/app/Views/dashboard/index.php(26): CodeIgniter\Debug\Exceptions->errorHandler()
#1 /home/emerling/Proyectos/glab/system/View/View.php(214): include('/home/emerling/...')
#2 /home/emerling/Proyectos/glab/system/View/View.php(217): CodeIgniter\View\View->CodeIgniter\View\{closure}()
#3 /home/emerling/Proyectos/glab/system/Common.php(1097): CodeIgniter\View\View->render()
#4 /home/emerling/Proyectos/glab/app/Controllers/Dashboard.php(16): view()
#5 /home/emerling/Proyectos/glab/system/CodeIgniter.php(824): App\Controllers\Dashboard->index()
#6 /home/emerling/Proyectos/glab/system/CodeIgniter.php(410): CodeIgniter\CodeIgniter->runController()
#7 /home/emerling/Proyectos/glab/system/CodeIgniter.php(318): CodeIgniter\CodeIgniter->handleRequest()
#8 /home/emerling/Proyectos/glab/public/index.php(37): CodeIgniter\CodeIgniter->run()
#9 /home/emerling/Proyectos/glab/system/Commands/Server/rewrite.php(43): require_once('/home/emerling/...')
#10 {main}
CRITICAL - 2021-11-30 23:38:35 --> AuthCheckFilter filter must have a matching alias defined.
#0 /home/emerling/Proyectos/glab/system/Filters/Filters.php(340): CodeIgniter\Filters\Exceptions\FilterException::forNoAlias()
#1 /home/emerling/Proyectos/glab/system/CodeIgniter.php(375): CodeIgniter\Filters\Filters->enableFilter()
#2 /home/emerling/Proyectos/glab/system/CodeIgniter.php(318): CodeIgniter\CodeIgniter->handleRequest()
#3 /home/emerling/Proyectos/glab/public/index.php(37): CodeIgniter\CodeIgniter->run()
#4 /home/emerling/Proyectos/glab/system/Commands/Server/rewrite.php(43): require_once('/home/emerling/...')
#5 {main}
CRITICAL - 2021-11-30 23:58:08 --> Undefined index: usuario
#0 /home/emerling/Proyectos/glab/app/Views/dashboard/profile.php(29): CodeIgniter\Debug\Exceptions->errorHandler()
#1 /home/emerling/Proyectos/glab/system/View/View.php(214): include('/home/emerling/...')
#2 /home/emerling/Proyectos/glab/system/View/View.php(217): CodeIgniter\View\View->CodeIgniter\View\{closure}()
#3 /home/emerling/Proyectos/glab/system/Common.php(1097): CodeIgniter\View\View->render()
#4 /home/emerling/Proyectos/glab/app/Controllers/Dashboard.php(27): view()
#5 /home/emerling/Proyectos/glab/system/CodeIgniter.php(824): App\Controllers\Dashboard->profile()
#6 /home/emerling/Proyectos/glab/system/CodeIgniter.php(410): CodeIgniter\CodeIgniter->runController()
#7 /home/emerling/Proyectos/glab/system/CodeIgniter.php(318): CodeIgniter\CodeIgniter->handleRequest()
#8 /home/emerling/Proyectos/glab/public/index.php(37): CodeIgniter\CodeIgniter->run()
#9 /home/emerling/Proyectos/glab/system/Commands/Server/rewrite.php(43): require_once('/home/emerling/...')
#10 {main}
