CRITICAL - 2021-12-04 11:31:40 --> Undefined variable: user_info
#0 /home/emerling/Proyectos/glab/app/Views/dashboard/index.php(39): CodeIgniter\Debug\Exceptions->errorHandler()
#1 /home/emerling/Proyectos/glab/system/View/View.php(214): include('/home/emerling/...')
#2 /home/emerling/Proyectos/glab/system/View/View.php(217): CodeIgniter\View\View->CodeIgniter\View\{closure}()
#3 /home/emerling/Proyectos/glab/system/Common.php(1097): CodeIgniter\View\View->render()
#4 /home/emerling/Proyectos/glab/app/Controllers/Dashboard.php(18): view()
#5 /home/emerling/Proyectos/glab/system/CodeIgniter.php(824): App\Controllers\Dashboard->index()
#6 /home/emerling/Proyectos/glab/system/CodeIgniter.php(410): CodeIgniter\CodeIgniter->runController()
#7 /home/emerling/Proyectos/glab/system/CodeIgniter.php(318): CodeIgniter\CodeIgniter->handleRequest()
#8 /home/emerling/Proyectos/glab/public/index.php(37): CodeIgniter\CodeIgniter->run()
#9 /home/emerling/Proyectos/glab/system/Commands/Server/rewrite.php(43): require_once('/home/emerling/...')
#10 {main}
CRITICAL - 2021-12-04 14:14:24 --> Invalid file: dashboard/index.php
#0 /home/emerling/Proyectos/glab/system/View/View.php(198): CodeIgniter\Exceptions\FrameworkException::forInvalidFile()
#1 /home/emerling/Proyectos/glab/system/Common.php(1097): CodeIgniter\View\View->render()
#2 /home/emerling/Proyectos/glab/app/Controllers/Dashboard.php(18): view()
#3 /home/emerling/Proyectos/glab/system/CodeIgniter.php(824): App\Controllers\Dashboard->index()
#4 /home/emerling/Proyectos/glab/system/CodeIgniter.php(410): CodeIgniter\CodeIgniter->runController()
#5 /home/emerling/Proyectos/glab/system/CodeIgniter.php(318): CodeIgniter\CodeIgniter->handleRequest()
#6 /home/emerling/Proyectos/glab/public/index.php(37): CodeIgniter\CodeIgniter->run()
#7 /home/emerling/Proyectos/glab/system/Commands/Server/rewrite.php(43): require_once('/home/emerling/...')
#8 {main}
CRITICAL - 2021-12-04 15:19:06 --> Invalid file: dashboard/admin.php
#0 /home/emerling/Proyectos/glab/system/View/View.php(198): CodeIgniter\Exceptions\FrameworkException::forInvalidFile()
#1 /home/emerling/Proyectos/glab/system/Common.php(1097): CodeIgniter\View\View->render()
#2 /home/emerling/Proyectos/glab/app/Controllers/Dashboard.php(41): view()
#3 /home/emerling/Proyectos/glab/system/CodeIgniter.php(824): App\Controllers\Dashboard->admin()
#4 /home/emerling/Proyectos/glab/system/CodeIgniter.php(410): CodeIgniter\CodeIgniter->runController()
#5 /home/emerling/Proyectos/glab/system/CodeIgniter.php(318): CodeIgniter\CodeIgniter->handleRequest()
#6 /home/emerling/Proyectos/glab/public/index.php(37): CodeIgniter\CodeIgniter->run()
#7 /home/emerling/Proyectos/glab/system/Commands/Server/rewrite.php(43): require_once('/home/emerling/...')
#8 {main}
CRITICAL - 2021-12-04 15:19:12 --> Invalid file: dashboard/admin.php
#0 /home/emerling/Proyectos/glab/system/View/View.php(198): CodeIgniter\Exceptions\FrameworkException::forInvalidFile()
#1 /home/emerling/Proyectos/glab/system/Common.php(1097): CodeIgniter\View\View->render()
#2 /home/emerling/Proyectos/glab/app/Controllers/Dashboard.php(41): view()
#3 /home/emerling/Proyectos/glab/system/CodeIgniter.php(824): App\Controllers\Dashboard->admin()
#4 /home/emerling/Proyectos/glab/system/CodeIgniter.php(410): CodeIgniter\CodeIgniter->runController()
#5 /home/emerling/Proyectos/glab/system/CodeIgniter.php(318): CodeIgniter\CodeIgniter->handleRequest()
#6 /home/emerling/Proyectos/glab/public/index.php(37): CodeIgniter\CodeIgniter->run()
#7 /home/emerling/Proyectos/glab/system/Commands/Server/rewrite.php(43): require_once('/home/emerling/...')
#8 {main}
CRITICAL - 2021-12-04 15:19:12 --> Invalid file: dashboard/admin.php
#0 /home/emerling/Proyectos/glab/system/View/View.php(198): CodeIgniter\Exceptions\FrameworkException::forInvalidFile()
#1 /home/emerling/Proyectos/glab/system/Common.php(1097): CodeIgniter\View\View->render()
#2 /home/emerling/Proyectos/glab/app/Controllers/Dashboard.php(41): view()
#3 /home/emerling/Proyectos/glab/system/CodeIgniter.php(824): App\Controllers\Dashboard->admin()
#4 /home/emerling/Proyectos/glab/system/CodeIgniter.php(410): CodeIgniter\CodeIgniter->runController()
#5 /home/emerling/Proyectos/glab/system/CodeIgniter.php(318): CodeIgniter\CodeIgniter->handleRequest()
#6 /home/emerling/Proyectos/glab/public/index.php(37): CodeIgniter\CodeIgniter->run()
#7 /home/emerling/Proyectos/glab/system/Commands/Server/rewrite.php(43): require_once('/home/emerling/...')
#8 {main}
CRITICAL - 2021-12-04 15:21:14 --> Invalid file: dashboard/admin.php
#0 /home/emerling/Proyectos/glab/system/View/View.php(198): CodeIgniter\Exceptions\FrameworkException::forInvalidFile()
#1 /home/emerling/Proyectos/glab/system/Common.php(1097): CodeIgniter\View\View->render()
#2 /home/emerling/Proyectos/glab/app/Controllers/Dashboard.php(41): view()
#3 /home/emerling/Proyectos/glab/system/CodeIgniter.php(824): App\Controllers\Dashboard->admin()
#4 /home/emerling/Proyectos/glab/system/CodeIgniter.php(410): CodeIgniter\CodeIgniter->runController()
#5 /home/emerling/Proyectos/glab/system/CodeIgniter.php(318): CodeIgniter\CodeIgniter->handleRequest()
#6 /home/emerling/Proyectos/glab/public/index.php(37): CodeIgniter\CodeIgniter->run()
#7 /home/emerling/Proyectos/glab/system/Commands/Server/rewrite.php(43): require_once('/home/emerling/...')
#8 {main}
CRITICAL - 2021-12-04 15:21:16 --> Invalid file: dashboard/admin.php
#0 /home/emerling/Proyectos/glab/system/View/View.php(198): CodeIgniter\Exceptions\FrameworkException::forInvalidFile()
#1 /home/emerling/Proyectos/glab/system/Common.php(1097): CodeIgniter\View\View->render()
#2 /home/emerling/Proyectos/glab/app/Controllers/Dashboard.php(41): view()
#3 /home/emerling/Proyectos/glab/system/CodeIgniter.php(824): App\Controllers\Dashboard->admin()
#4 /home/emerling/Proyectos/glab/system/CodeIgniter.php(410): CodeIgniter\CodeIgniter->runController()
#5 /home/emerling/Proyectos/glab/system/CodeIgniter.php(318): CodeIgniter\CodeIgniter->handleRequest()
#6 /home/emerling/Proyectos/glab/public/index.php(37): CodeIgniter\CodeIgniter->run()
#7 /home/emerling/Proyectos/glab/system/Commands/Server/rewrite.php(43): require_once('/home/emerling/...')
#8 {main}
CRITICAL - 2021-12-04 16:33:18 --> Invalid file: dashboard/index.php
#0 /home/emerling/Proyectos/glab/system/View/View.php(198): CodeIgniter\Exceptions\FrameworkException::forInvalidFile()
#1 /home/emerling/Proyectos/glab/system/Common.php(1097): CodeIgniter\View\View->render()
#2 /home/emerling/Proyectos/glab/app/Controllers/Dashboard.php(18): view()
#3 /home/emerling/Proyectos/glab/system/CodeIgniter.php(824): App\Controllers\Dashboard->index()
#4 /home/emerling/Proyectos/glab/system/CodeIgniter.php(410): CodeIgniter\CodeIgniter->runController()
#5 /home/emerling/Proyectos/glab/system/CodeIgniter.php(318): CodeIgniter\CodeIgniter->handleRequest()
#6 /home/emerling/Proyectos/glab/public/index.php(37): CodeIgniter\CodeIgniter->run()
#7 /home/emerling/Proyectos/glab/system/Commands/Server/rewrite.php(43): require_once('/home/emerling/...')
#8 {main}
CRITICAL - 2021-12-04 19:48:58 --> Invalid file: dashboard/index.php
#0 /home/emerling/Proyectos/glab/system/View/View.php(198): CodeIgniter\Exceptions\FrameworkException::forInvalidFile()
#1 /home/emerling/Proyectos/glab/system/Common.php(1097): CodeIgniter\View\View->render()
#2 /home/emerling/Proyectos/glab/app/Controllers/Dashboard.php(18): view()
#3 /home/emerling/Proyectos/glab/system/CodeIgniter.php(824): App\Controllers\Dashboard->index()
#4 /home/emerling/Proyectos/glab/system/CodeIgniter.php(410): CodeIgniter\CodeIgniter->runController()
#5 /home/emerling/Proyectos/glab/system/CodeIgniter.php(318): CodeIgniter\CodeIgniter->handleRequest()
#6 /home/emerling/Proyectos/glab/public/index.php(37): CodeIgniter\CodeIgniter->run()
#7 /home/emerling/Proyectos/glab/system/Commands/Server/rewrite.php(43): require_once('/home/emerling/...')
#8 {main}
CRITICAL - 2021-12-04 20:03:44 --> Invalid body indentation level (expecting an indentation level of at least 4)
#0 /home/emerling/Proyectos/glab/system/View/View.php(217): CodeIgniter\View\View->CodeIgniter\View\{closure}()
#1 /home/emerling/Proyectos/glab/system/Common.php(1097): CodeIgniter\View\View->render()
#2 /home/emerling/Proyectos/glab/app/Controllers/Dashboard.php(18): view()
#3 /home/emerling/Proyectos/glab/system/CodeIgniter.php(824): App\Controllers\Dashboard->index()
#4 /home/emerling/Proyectos/glab/system/CodeIgniter.php(410): CodeIgniter\CodeIgniter->runController()
#5 /home/emerling/Proyectos/glab/system/CodeIgniter.php(318): CodeIgniter\CodeIgniter->handleRequest()
#6 /home/emerling/Proyectos/glab/public/index.php(37): CodeIgniter\CodeIgniter->run()
#7 /home/emerling/Proyectos/glab/system/Commands/Server/rewrite.php(43): require_once('/home/emerling/...')
#8 {main}
CRITICAL - 2021-12-04 20:04:10 --> Invalid body indentation level (expecting an indentation level of at least 4)
#0 /home/emerling/Proyectos/glab/system/View/View.php(217): CodeIgniter\View\View->CodeIgniter\View\{closure}()
#1 /home/emerling/Proyectos/glab/system/Common.php(1097): CodeIgniter\View\View->render()
#2 /home/emerling/Proyectos/glab/app/Controllers/Dashboard.php(18): view()
#3 /home/emerling/Proyectos/glab/system/CodeIgniter.php(824): App\Controllers\Dashboard->index()
#4 /home/emerling/Proyectos/glab/system/CodeIgniter.php(410): CodeIgniter\CodeIgniter->runController()
#5 /home/emerling/Proyectos/glab/system/CodeIgniter.php(318): CodeIgniter\CodeIgniter->handleRequest()
#6 /home/emerling/Proyectos/glab/public/index.php(37): CodeIgniter\CodeIgniter->run()
#7 /home/emerling/Proyectos/glab/system/Commands/Server/rewrite.php(43): require_once('/home/emerling/...')
#8 {main}
CRITICAL - 2021-12-04 20:06:43 --> syntax error, unexpected end of file, expecting variable (T_VARIABLE) or heredoc end (T_END_HEREDOC) or ${ (T_DOLLAR_OPEN_CURLY_BRACES) or {$ (T_CURLY_OPEN)
#0 /home/emerling/Proyectos/glab/system/View/View.php(217): CodeIgniter\View\View->CodeIgniter\View\{closure}()
#1 /home/emerling/Proyectos/glab/system/Common.php(1097): CodeIgniter\View\View->render()
#2 /home/emerling/Proyectos/glab/app/Controllers/Dashboard.php(18): view()
#3 /home/emerling/Proyectos/glab/system/CodeIgniter.php(824): App\Controllers\Dashboard->index()
#4 /home/emerling/Proyectos/glab/system/CodeIgniter.php(410): CodeIgniter\CodeIgniter->runController()
#5 /home/emerling/Proyectos/glab/system/CodeIgniter.php(318): CodeIgniter\CodeIgniter->handleRequest()
#6 /home/emerling/Proyectos/glab/public/index.php(37): CodeIgniter\CodeIgniter->run()
#7 /home/emerling/Proyectos/glab/system/Commands/Server/rewrite.php(43): require_once('/home/emerling/...')
#8 {main}
