CRITICAL - 2021-12-11 14:53:43 --> Undefined variable: userInfo
#0 /home/emerling/Proyectos/gelab-backup/app/Views/listadoUsuarios.php(27): CodeIgniter\Debug\Exceptions->errorHandler()
#1 /home/emerling/Proyectos/gelab-backup/system/View/View.php(214): include('/home/emerling/...')
#2 /home/emerling/Proyectos/gelab-backup/system/View/View.php(217): CodeIgniter\View\View->CodeIgniter\View\{closure}()
#3 /home/emerling/Proyectos/gelab-backup/system/Common.php(1097): CodeIgniter\View\View->render()
#4 /home/emerling/Proyectos/gelab-backup/app/Controllers/CrudUsuarios.php(9): view()
#5 /home/emerling/Proyectos/gelab-backup/system/CodeIgniter.php(824): App\Controllers\CrudUsuarios->index()
#6 /home/emerling/Proyectos/gelab-backup/system/CodeIgniter.php(410): CodeIgniter\CodeIgniter->runController()
#7 /home/emerling/Proyectos/gelab-backup/system/CodeIgniter.php(318): CodeIgniter\CodeIgniter->handleRequest()
#8 /home/emerling/Proyectos/gelab-backup/public/index.php(37): CodeIgniter\CodeIgniter->run()
#9 /home/emerling/Proyectos/gelab-backup/system/Commands/Server/rewrite.php(43): require_once('/home/emerling/...')
#10 {main}
CRITICAL - 2021-12-11 15:18:44 --> Call to undefined function set_value()
#0 /home/emerling/Proyectos/gelab-backup/system/View/View.php(214): include()
#1 /home/emerling/Proyectos/gelab-backup/system/View/View.php(217): CodeIgniter\View\View->CodeIgniter\View\{closure}()
#2 /home/emerling/Proyectos/gelab-backup/system/Common.php(1097): CodeIgniter\View\View->render()
#3 /home/emerling/Proyectos/gelab-backup/app/Controllers/CrudUsuarios.php(9): view()
#4 /home/emerling/Proyectos/gelab-backup/system/CodeIgniter.php(824): App\Controllers\CrudUsuarios->index()
#5 /home/emerling/Proyectos/gelab-backup/system/CodeIgniter.php(410): CodeIgniter\CodeIgniter->runController()
#6 /home/emerling/Proyectos/gelab-backup/system/CodeIgniter.php(318): CodeIgniter\CodeIgniter->handleRequest()
#7 /home/emerling/Proyectos/gelab-backup/public/index.php(37): CodeIgniter\CodeIgniter->run()
#8 /home/emerling/Proyectos/gelab-backup/system/Commands/Server/rewrite.php(43): require_once('/home/emerling/...')
#9 {main}
CRITICAL - 2021-12-11 15:49:46 --> Call to undefined function set_value()
#0 /home/emerling/Proyectos/gelab-backup/system/View/View.php(214): include()
#1 /home/emerling/Proyectos/gelab-backup/system/View/View.php(217): CodeIgniter\View\View->CodeIgniter\View\{closure}()
#2 /home/emerling/Proyectos/gelab-backup/system/Common.php(1097): CodeIgniter\View\View->render()
#3 /home/emerling/Proyectos/gelab-backup/app/Controllers/CrudUsuarios.php(9): view()
#4 /home/emerling/Proyectos/gelab-backup/system/CodeIgniter.php(824): App\Controllers\CrudUsuarios->index()
#5 /home/emerling/Proyectos/gelab-backup/system/CodeIgniter.php(410): CodeIgniter\CodeIgniter->runController()
#6 /home/emerling/Proyectos/gelab-backup/system/CodeIgniter.php(318): CodeIgniter\CodeIgniter->handleRequest()
#7 /home/emerling/Proyectos/gelab-backup/public/index.php(37): CodeIgniter\CodeIgniter->run()
#8 /home/emerling/Proyectos/gelab-backup/system/Commands/Server/rewrite.php(43): require_once('/home/emerling/...')
#9 {main}
CRITICAL - 2021-12-11 16:03:40 --> Undefined variable: userInfo
#0 /home/emerling/Proyectos/gelab-backup/app/Views/usuarios/listadoUsuarios.php(85): CodeIgniter\Debug\Exceptions->errorHandler()
#1 /home/emerling/Proyectos/gelab-backup/system/View/View.php(214): include('/home/emerling/...')
#2 /home/emerling/Proyectos/gelab-backup/system/View/View.php(217): CodeIgniter\View\View->CodeIgniter\View\{closure}()
#3 /home/emerling/Proyectos/gelab-backup/system/Common.php(1097): CodeIgniter\View\View->render()
#4 /home/emerling/Proyectos/gelab-backup/app/Controllers/CrudUsuarios.php(9): view()
#5 /home/emerling/Proyectos/gelab-backup/system/CodeIgniter.php(824): App\Controllers\CrudUsuarios->index()
#6 /home/emerling/Proyectos/gelab-backup/system/CodeIgniter.php(410): CodeIgniter\CodeIgniter->runController()
#7 /home/emerling/Proyectos/gelab-backup/system/CodeIgniter.php(318): CodeIgniter\CodeIgniter->handleRequest()
#8 /home/emerling/Proyectos/gelab-backup/public/index.php(37): CodeIgniter\CodeIgniter->run()
#9 /home/emerling/Proyectos/gelab-backup/system/Commands/Server/rewrite.php(43): require_once('/home/emerling/...')
#10 {main}
CRITICAL - 2021-12-11 16:04:42 --> Undefined variable: userInfo
#0 /home/emerling/Proyectos/gelab-backup/app/Views/usuarios/listadoUsuarios.php(85): CodeIgniter\Debug\Exceptions->errorHandler()
#1 /home/emerling/Proyectos/gelab-backup/system/View/View.php(214): include('/home/emerling/...')
#2 /home/emerling/Proyectos/gelab-backup/system/View/View.php(217): CodeIgniter\View\View->CodeIgniter\View\{closure}()
#3 /home/emerling/Proyectos/gelab-backup/system/Common.php(1097): CodeIgniter\View\View->render()
#4 /home/emerling/Proyectos/gelab-backup/app/Controllers/CrudUsuarios.php(9): view()
#5 /home/emerling/Proyectos/gelab-backup/system/CodeIgniter.php(824): App\Controllers\CrudUsuarios->index()
#6 /home/emerling/Proyectos/gelab-backup/system/CodeIgniter.php(410): CodeIgniter\CodeIgniter->runController()
#7 /home/emerling/Proyectos/gelab-backup/system/CodeIgniter.php(318): CodeIgniter\CodeIgniter->handleRequest()
#8 /home/emerling/Proyectos/gelab-backup/public/index.php(37): CodeIgniter\CodeIgniter->run()
#9 /home/emerling/Proyectos/gelab-backup/system/Commands/Server/rewrite.php(43): require_once('/home/emerling/...')
#10 {main}
CRITICAL - 2021-12-11 16:05:40 --> Undefined variable: userInfo
#0 /home/emerling/Proyectos/gelab-backup/app/Views/usuarios/listadoUsuarios.php(86): CodeIgniter\Debug\Exceptions->errorHandler()
#1 /home/emerling/Proyectos/gelab-backup/system/View/View.php(214): include('/home/emerling/...')
#2 /home/emerling/Proyectos/gelab-backup/system/View/View.php(217): CodeIgniter\View\View->CodeIgniter\View\{closure}()
#3 /home/emerling/Proyectos/gelab-backup/system/Common.php(1097): CodeIgniter\View\View->render()
#4 /home/emerling/Proyectos/gelab-backup/app/Controllers/CrudUsuarios.php(9): view()
#5 /home/emerling/Proyectos/gelab-backup/system/CodeIgniter.php(824): App\Controllers\CrudUsuarios->index()
#6 /home/emerling/Proyectos/gelab-backup/system/CodeIgniter.php(410): CodeIgniter\CodeIgniter->runController()
#7 /home/emerling/Proyectos/gelab-backup/system/CodeIgniter.php(318): CodeIgniter\CodeIgniter->handleRequest()
#8 /home/emerling/Proyectos/gelab-backup/public/index.php(37): CodeIgniter\CodeIgniter->run()
#9 /home/emerling/Proyectos/gelab-backup/system/Commands/Server/rewrite.php(43): require_once('/home/emerling/...')
#10 {main}
CRITICAL - 2021-12-11 16:06:01 --> Undefined variable: userInfo
#0 /home/emerling/Proyectos/gelab-backup/app/Views/usuarios/listadoUsuarios.php(86): CodeIgniter\Debug\Exceptions->errorHandler()
#1 /home/emerling/Proyectos/gelab-backup/system/View/View.php(214): include('/home/emerling/...')
#2 /home/emerling/Proyectos/gelab-backup/system/View/View.php(217): CodeIgniter\View\View->CodeIgniter\View\{closure}()
#3 /home/emerling/Proyectos/gelab-backup/system/Common.php(1097): CodeIgniter\View\View->render()
#4 /home/emerling/Proyectos/gelab-backup/app/Controllers/CrudUsuarios.php(9): view()
#5 /home/emerling/Proyectos/gelab-backup/system/CodeIgniter.php(824): App\Controllers\CrudUsuarios->index()
#6 /home/emerling/Proyectos/gelab-backup/system/CodeIgniter.php(410): CodeIgniter\CodeIgniter->runController()
#7 /home/emerling/Proyectos/gelab-backup/system/CodeIgniter.php(318): CodeIgniter\CodeIgniter->handleRequest()
#8 /home/emerling/Proyectos/gelab-backup/public/index.php(37): CodeIgniter\CodeIgniter->run()
#9 /home/emerling/Proyectos/gelab-backup/system/Commands/Server/rewrite.php(43): require_once('/home/emerling/...')
#10 {main}
CRITICAL - 2021-12-11 16:06:04 --> Undefined variable: userInfo
#0 /home/emerling/Proyectos/gelab-backup/app/Views/usuarios/listadoUsuarios.php(86): CodeIgniter\Debug\Exceptions->errorHandler()
#1 /home/emerling/Proyectos/gelab-backup/system/View/View.php(214): include('/home/emerling/...')
#2 /home/emerling/Proyectos/gelab-backup/system/View/View.php(217): CodeIgniter\View\View->CodeIgniter\View\{closure}()
#3 /home/emerling/Proyectos/gelab-backup/system/Common.php(1097): CodeIgniter\View\View->render()
#4 /home/emerling/Proyectos/gelab-backup/app/Controllers/CrudUsuarios.php(9): view()
#5 /home/emerling/Proyectos/gelab-backup/system/CodeIgniter.php(824): App\Controllers\CrudUsuarios->index()
#6 /home/emerling/Proyectos/gelab-backup/system/CodeIgniter.php(410): CodeIgniter\CodeIgniter->runController()
#7 /home/emerling/Proyectos/gelab-backup/system/CodeIgniter.php(318): CodeIgniter\CodeIgniter->handleRequest()
#8 /home/emerling/Proyectos/gelab-backup/public/index.php(37): CodeIgniter\CodeIgniter->run()
#9 /home/emerling/Proyectos/gelab-backup/system/Commands/Server/rewrite.php(43): require_once('/home/emerling/...')
#10 {main}
CRITICAL - 2021-12-11 16:06:28 --> Undefined variable: userInfo
#0 /home/emerling/Proyectos/gelab-backup/app/Views/usuarios/listadoUsuarios.php(86): CodeIgniter\Debug\Exceptions->errorHandler()
#1 /home/emerling/Proyectos/gelab-backup/system/View/View.php(214): include('/home/emerling/...')
#2 /home/emerling/Proyectos/gelab-backup/system/View/View.php(217): CodeIgniter\View\View->CodeIgniter\View\{closure}()
#3 /home/emerling/Proyectos/gelab-backup/system/Common.php(1097): CodeIgniter\View\View->render()
#4 /home/emerling/Proyectos/gelab-backup/app/Controllers/CrudUsuarios.php(9): view()
#5 /home/emerling/Proyectos/gelab-backup/system/CodeIgniter.php(824): App\Controllers\CrudUsuarios->index()
#6 /home/emerling/Proyectos/gelab-backup/system/CodeIgniter.php(410): CodeIgniter\CodeIgniter->runController()
#7 /home/emerling/Proyectos/gelab-backup/system/CodeIgniter.php(318): CodeIgniter\CodeIgniter->handleRequest()
#8 /home/emerling/Proyectos/gelab-backup/public/index.php(37): CodeIgniter\CodeIgniter->run()
#9 /home/emerling/Proyectos/gelab-backup/system/Commands/Server/rewrite.php(43): require_once('/home/emerling/...')
#10 {main}
CRITICAL - 2021-12-11 16:22:16 --> Call to undefined function set_value()
#0 /home/emerling/Proyectos/gelab-backup/system/View/View.php(214): include()
#1 /home/emerling/Proyectos/gelab-backup/system/View/View.php(217): CodeIgniter\View\View->CodeIgniter\View\{closure}()
#2 /home/emerling/Proyectos/gelab-backup/system/Common.php(1097): CodeIgniter\View\View->render()
#3 /home/emerling/Proyectos/gelab-backup/app/Controllers/CrudUsuarios.php(9): view()
#4 /home/emerling/Proyectos/gelab-backup/system/CodeIgniter.php(824): App\Controllers\CrudUsuarios->index()
#5 /home/emerling/Proyectos/gelab-backup/system/CodeIgniter.php(410): CodeIgniter\CodeIgniter->runController()
#6 /home/emerling/Proyectos/gelab-backup/system/CodeIgniter.php(318): CodeIgniter\CodeIgniter->handleRequest()
#7 /home/emerling/Proyectos/gelab-backup/public/index.php(37): CodeIgniter\CodeIgniter->run()
#8 /home/emerling/Proyectos/gelab-backup/system/Commands/Server/rewrite.php(43): require_once('/home/emerling/...')
#9 {main}
CRITICAL - 2021-12-11 16:25:38 --> Call to undefined function set_value()
#0 /home/emerling/Proyectos/gelab-backup/system/View/View.php(214): include()
#1 /home/emerling/Proyectos/gelab-backup/system/View/View.php(217): CodeIgniter\View\View->CodeIgniter\View\{closure}()
#2 /home/emerling/Proyectos/gelab-backup/system/Common.php(1097): CodeIgniter\View\View->render()
#3 /home/emerling/Proyectos/gelab-backup/app/Controllers/CrudUsuarios.php(9): view()
#4 /home/emerling/Proyectos/gelab-backup/system/CodeIgniter.php(824): App\Controllers\CrudUsuarios->index()
#5 /home/emerling/Proyectos/gelab-backup/system/CodeIgniter.php(410): CodeIgniter\CodeIgniter->runController()
#6 /home/emerling/Proyectos/gelab-backup/system/CodeIgniter.php(318): CodeIgniter\CodeIgniter->handleRequest()
#7 /home/emerling/Proyectos/gelab-backup/public/index.php(37): CodeIgniter\CodeIgniter->run()
#8 /home/emerling/Proyectos/gelab-backup/system/Commands/Server/rewrite.php(43): require_once('/home/emerling/...')
#9 {main}
CRITICAL - 2021-12-11 16:28:58 --> Call to undefined function set_value()
#0 /home/emerling/Proyectos/gelab-backup/system/View/View.php(214): include()
#1 /home/emerling/Proyectos/gelab-backup/system/View/View.php(217): CodeIgniter\View\View->CodeIgniter\View\{closure}()
#2 /home/emerling/Proyectos/gelab-backup/system/Common.php(1097): CodeIgniter\View\View->render()
#3 /home/emerling/Proyectos/gelab-backup/app/Controllers/CrudUsuarios.php(9): view()
#4 /home/emerling/Proyectos/gelab-backup/system/CodeIgniter.php(824): App\Controllers\CrudUsuarios->index()
#5 /home/emerling/Proyectos/gelab-backup/system/CodeIgniter.php(410): CodeIgniter\CodeIgniter->runController()
#6 /home/emerling/Proyectos/gelab-backup/system/CodeIgniter.php(318): CodeIgniter\CodeIgniter->handleRequest()
#7 /home/emerling/Proyectos/gelab-backup/public/index.php(37): CodeIgniter\CodeIgniter->run()
#8 /home/emerling/Proyectos/gelab-backup/system/Commands/Server/rewrite.php(43): require_once('/home/emerling/...')
#9 {main}
CRITICAL - 2021-12-11 16:29:21 --> Call to undefined function set_value()
#0 /home/emerling/Proyectos/gelab-backup/system/View/View.php(214): include()
#1 /home/emerling/Proyectos/gelab-backup/system/View/View.php(217): CodeIgniter\View\View->CodeIgniter\View\{closure}()
#2 /home/emerling/Proyectos/gelab-backup/system/Common.php(1097): CodeIgniter\View\View->render()
#3 /home/emerling/Proyectos/gelab-backup/app/Controllers/CrudUsuarios.php(9): view()
#4 /home/emerling/Proyectos/gelab-backup/system/CodeIgniter.php(824): App\Controllers\CrudUsuarios->index()
#5 /home/emerling/Proyectos/gelab-backup/system/CodeIgniter.php(410): CodeIgniter\CodeIgniter->runController()
#6 /home/emerling/Proyectos/gelab-backup/system/CodeIgniter.php(318): CodeIgniter\CodeIgniter->handleRequest()
#7 /home/emerling/Proyectos/gelab-backup/public/index.php(37): CodeIgniter\CodeIgniter->run()
#8 /home/emerling/Proyectos/gelab-backup/system/Commands/Server/rewrite.php(43): require_once('/home/emerling/...')
#9 {main}
CRITICAL - 2021-12-11 16:30:09 --> Call to undefined function set_value()
#0 /home/emerling/Proyectos/gelab-backup/system/View/View.php(214): include()
#1 /home/emerling/Proyectos/gelab-backup/system/View/View.php(217): CodeIgniter\View\View->CodeIgniter\View\{closure}()
#2 /home/emerling/Proyectos/gelab-backup/system/Common.php(1097): CodeIgniter\View\View->render()
#3 /home/emerling/Proyectos/gelab-backup/app/Controllers/CrudUsuarios.php(9): view()
#4 /home/emerling/Proyectos/gelab-backup/system/CodeIgniter.php(824): App\Controllers\CrudUsuarios->index()
#5 /home/emerling/Proyectos/gelab-backup/system/CodeIgniter.php(410): CodeIgniter\CodeIgniter->runController()
#6 /home/emerling/Proyectos/gelab-backup/system/CodeIgniter.php(318): CodeIgniter\CodeIgniter->handleRequest()
#7 /home/emerling/Proyectos/gelab-backup/public/index.php(37): CodeIgniter\CodeIgniter->run()
#8 /home/emerling/Proyectos/gelab-backup/system/Commands/Server/rewrite.php(43): require_once('/home/emerling/...')
#9 {main}
CRITICAL - 2021-12-11 16:35:49 --> Call to undefined function set_value()
#0 /home/emerling/Proyectos/gelab-backup/system/View/View.php(214): include()
#1 /home/emerling/Proyectos/gelab-backup/system/View/View.php(217): CodeIgniter\View\View->CodeIgniter\View\{closure}()
#2 /home/emerling/Proyectos/gelab-backup/system/Common.php(1097): CodeIgniter\View\View->render()
#3 /home/emerling/Proyectos/gelab-backup/app/Controllers/CrudUsuarios.php(9): view()
#4 /home/emerling/Proyectos/gelab-backup/system/CodeIgniter.php(824): App\Controllers\CrudUsuarios->index()
#5 /home/emerling/Proyectos/gelab-backup/system/CodeIgniter.php(410): CodeIgniter\CodeIgniter->runController()
#6 /home/emerling/Proyectos/gelab-backup/system/CodeIgniter.php(318): CodeIgniter\CodeIgniter->handleRequest()
#7 /home/emerling/Proyectos/gelab-backup/public/index.php(37): CodeIgniter\CodeIgniter->run()
#8 /home/emerling/Proyectos/gelab-backup/system/Commands/Server/rewrite.php(43): require_once('/home/emerling/...')
#9 {main}
CRITICAL - 2021-12-11 17:58:29 --> Call to undefined function set_value()
#0 /home/emerling/Proyectos/gelab-backup/system/View/View.php(214): include()
#1 /home/emerling/Proyectos/gelab-backup/system/View/View.php(217): CodeIgniter\View\View->CodeIgniter\View\{closure}()
#2 /home/emerling/Proyectos/gelab-backup/system/Common.php(1097): CodeIgniter\View\View->render()
#3 /home/emerling/Proyectos/gelab-backup/app/Controllers/CrudUsuarios.php(14): view()
#4 /home/emerling/Proyectos/gelab-backup/system/CodeIgniter.php(824): App\Controllers\CrudUsuarios->registrar()
#5 /home/emerling/Proyectos/gelab-backup/system/CodeIgniter.php(410): CodeIgniter\CodeIgniter->runController()
#6 /home/emerling/Proyectos/gelab-backup/system/CodeIgniter.php(318): CodeIgniter\CodeIgniter->handleRequest()
#7 /home/emerling/Proyectos/gelab-backup/public/index.php(37): CodeIgniter\CodeIgniter->run()
#8 /home/emerling/Proyectos/gelab-backup/system/Commands/Server/rewrite.php(43): require_once('/home/emerling/...')
#9 {main}
CRITICAL - 2021-12-11 17:59:36 --> Call to undefined function set_value()
#0 /home/emerling/Proyectos/gelab-backup/system/Router/Router.php(519): include_once()
#1 /home/emerling/Proyectos/gelab-backup/system/Router/Router.php(176): CodeIgniter\Router\Router->autoRoute()
#2 /home/emerling/Proyectos/gelab-backup/system/CodeIgniter.php(718): CodeIgniter\Router\Router->handle()
#3 /home/emerling/Proyectos/gelab-backup/system/CodeIgniter.php(359): CodeIgniter\CodeIgniter->tryToRouteIt()
#4 /home/emerling/Proyectos/gelab-backup/system/CodeIgniter.php(318): CodeIgniter\CodeIgniter->handleRequest()
#5 /home/emerling/Proyectos/gelab-backup/public/index.php(37): CodeIgniter\CodeIgniter->run()
#6 /home/emerling/Proyectos/gelab-backup/system/Commands/Server/rewrite.php(43): require_once('/home/emerling/...')
#7 {main}
CRITICAL - 2021-12-11 17:59:39 --> Call to undefined function set_value()
#0 /home/emerling/Proyectos/gelab-backup/system/Router/Router.php(519): include_once()
#1 /home/emerling/Proyectos/gelab-backup/system/Router/Router.php(176): CodeIgniter\Router\Router->autoRoute()
#2 /home/emerling/Proyectos/gelab-backup/system/CodeIgniter.php(718): CodeIgniter\Router\Router->handle()
#3 /home/emerling/Proyectos/gelab-backup/system/CodeIgniter.php(359): CodeIgniter\CodeIgniter->tryToRouteIt()
#4 /home/emerling/Proyectos/gelab-backup/system/CodeIgniter.php(318): CodeIgniter\CodeIgniter->handleRequest()
#5 /home/emerling/Proyectos/gelab-backup/public/index.php(37): CodeIgniter\CodeIgniter->run()
#6 /home/emerling/Proyectos/gelab-backup/system/Commands/Server/rewrite.php(43): require_once('/home/emerling/...')
#7 {main}
CRITICAL - 2021-12-11 17:59:40 --> Call to undefined function set_value()
#0 /home/emerling/Proyectos/gelab-backup/system/Router/Router.php(519): include_once()
#1 /home/emerling/Proyectos/gelab-backup/system/Router/Router.php(176): CodeIgniter\Router\Router->autoRoute()
#2 /home/emerling/Proyectos/gelab-backup/system/CodeIgniter.php(718): CodeIgniter\Router\Router->handle()
#3 /home/emerling/Proyectos/gelab-backup/system/CodeIgniter.php(359): CodeIgniter\CodeIgniter->tryToRouteIt()
#4 /home/emerling/Proyectos/gelab-backup/system/CodeIgniter.php(318): CodeIgniter\CodeIgniter->handleRequest()
#5 /home/emerling/Proyectos/gelab-backup/public/index.php(37): CodeIgniter\CodeIgniter->run()
#6 /home/emerling/Proyectos/gelab-backup/system/Commands/Server/rewrite.php(43): require_once('/home/emerling/...')
#7 {main}
CRITICAL - 2021-12-11 17:59:41 --> Call to undefined function set_value()
#0 /home/emerling/Proyectos/gelab-backup/system/Router/Router.php(519): include_once()
#1 /home/emerling/Proyectos/gelab-backup/system/Router/Router.php(176): CodeIgniter\Router\Router->autoRoute()
#2 /home/emerling/Proyectos/gelab-backup/system/CodeIgniter.php(718): CodeIgniter\Router\Router->handle()
#3 /home/emerling/Proyectos/gelab-backup/system/CodeIgniter.php(359): CodeIgniter\CodeIgniter->tryToRouteIt()
#4 /home/emerling/Proyectos/gelab-backup/system/CodeIgniter.php(318): CodeIgniter\CodeIgniter->handleRequest()
#5 /home/emerling/Proyectos/gelab-backup/public/index.php(37): CodeIgniter\CodeIgniter->run()
#6 /home/emerling/Proyectos/gelab-backup/system/Commands/Server/rewrite.php(43): require_once('/home/emerling/...')
#7 {main}
CRITICAL - 2021-12-11 18:00:37 --> Call to undefined function set_value()
#0 /home/emerling/Proyectos/gelab-backup/system/Router/Router.php(519): include_once()
#1 /home/emerling/Proyectos/gelab-backup/system/Router/Router.php(176): CodeIgniter\Router\Router->autoRoute()
#2 /home/emerling/Proyectos/gelab-backup/system/CodeIgniter.php(718): CodeIgniter\Router\Router->handle()
#3 /home/emerling/Proyectos/gelab-backup/system/CodeIgniter.php(359): CodeIgniter\CodeIgniter->tryToRouteIt()
#4 /home/emerling/Proyectos/gelab-backup/system/CodeIgniter.php(318): CodeIgniter\CodeIgniter->handleRequest()
#5 /home/emerling/Proyectos/gelab-backup/public/index.php(37): CodeIgniter\CodeIgniter->run()
#6 /home/emerling/Proyectos/gelab-backup/system/Commands/Server/rewrite.php(43): require_once('/home/emerling/...')
#7 {main}
CRITICAL - 2021-12-11 18:00:39 --> Call to undefined function set_value()
#0 /home/emerling/Proyectos/gelab-backup/system/Router/Router.php(519): include_once()
#1 /home/emerling/Proyectos/gelab-backup/system/Router/Router.php(176): CodeIgniter\Router\Router->autoRoute()
#2 /home/emerling/Proyectos/gelab-backup/system/CodeIgniter.php(718): CodeIgniter\Router\Router->handle()
#3 /home/emerling/Proyectos/gelab-backup/system/CodeIgniter.php(359): CodeIgniter\CodeIgniter->tryToRouteIt()
#4 /home/emerling/Proyectos/gelab-backup/system/CodeIgniter.php(318): CodeIgniter\CodeIgniter->handleRequest()
#5 /home/emerling/Proyectos/gelab-backup/public/index.php(37): CodeIgniter\CodeIgniter->run()
#6 /home/emerling/Proyectos/gelab-backup/system/Commands/Server/rewrite.php(43): require_once('/home/emerling/...')
#7 {main}
CRITICAL - 2021-12-11 18:00:43 --> Call to undefined function set_value()
#0 /home/emerling/Proyectos/gelab-backup/system/Router/Router.php(519): include_once()
#1 /home/emerling/Proyectos/gelab-backup/system/Router/Router.php(176): CodeIgniter\Router\Router->autoRoute()
#2 /home/emerling/Proyectos/gelab-backup/system/CodeIgniter.php(718): CodeIgniter\Router\Router->handle()
#3 /home/emerling/Proyectos/gelab-backup/system/CodeIgniter.php(359): CodeIgniter\CodeIgniter->tryToRouteIt()
#4 /home/emerling/Proyectos/gelab-backup/system/CodeIgniter.php(318): CodeIgniter\CodeIgniter->handleRequest()
#5 /home/emerling/Proyectos/gelab-backup/public/index.php(37): CodeIgniter\CodeIgniter->run()
#6 /home/emerling/Proyectos/gelab-backup/system/Commands/Server/rewrite.php(43): require_once('/home/emerling/...')
#7 {main}
CRITICAL - 2021-12-11 18:02:12 --> Call to undefined function set_value()
#0 /home/emerling/Proyectos/gelab-backup/system/Router/Router.php(519): include_once()
#1 /home/emerling/Proyectos/gelab-backup/system/Router/Router.php(176): CodeIgniter\Router\Router->autoRoute()
#2 /home/emerling/Proyectos/gelab-backup/system/CodeIgniter.php(718): CodeIgniter\Router\Router->handle()
#3 /home/emerling/Proyectos/gelab-backup/system/CodeIgniter.php(359): CodeIgniter\CodeIgniter->tryToRouteIt()
#4 /home/emerling/Proyectos/gelab-backup/system/CodeIgniter.php(318): CodeIgniter\CodeIgniter->handleRequest()
#5 /home/emerling/Proyectos/gelab-backup/public/index.php(37): CodeIgniter\CodeIgniter->run()
#6 /home/emerling/Proyectos/gelab-backup/system/Commands/Server/rewrite.php(43): require_once('/home/emerling/...')
#7 {main}
CRITICAL - 2021-12-11 18:32:52 --> Undefined variable: title
#0 /home/emerling/Proyectos/gelab-backup/app/Views/auth/register.php(81): CodeIgniter\Debug\Exceptions->errorHandler()
#1 /home/emerling/Proyectos/gelab-backup/system/View/View.php(214): include('/home/emerling/...')
#2 /home/emerling/Proyectos/gelab-backup/system/View/View.php(217): CodeIgniter\View\View->CodeIgniter\View\{closure}()
#3 /home/emerling/Proyectos/gelab-backup/system/Common.php(1097): CodeIgniter\View\View->render()
#4 /home/emerling/Proyectos/gelab-backup/app/Controllers/Auth.php(18): view()
#5 /home/emerling/Proyectos/gelab-backup/system/CodeIgniter.php(824): App\Controllers\Auth->register()
#6 /home/emerling/Proyectos/gelab-backup/system/CodeIgniter.php(410): CodeIgniter\CodeIgniter->runController()
#7 /home/emerling/Proyectos/gelab-backup/system/CodeIgniter.php(318): CodeIgniter\CodeIgniter->handleRequest()
#8 /home/emerling/Proyectos/gelab-backup/public/index.php(37): CodeIgniter\CodeIgniter->run()
#9 /home/emerling/Proyectos/gelab-backup/system/Commands/Server/rewrite.php(43): require_once('/home/emerling/...')
#10 {main}
CRITICAL - 2021-12-11 18:34:43 --> Undefined variable: title
#0 /home/emerling/Proyectos/gelab-backup/app/Views/auth/register.php(81): CodeIgniter\Debug\Exceptions->errorHandler()
#1 /home/emerling/Proyectos/gelab-backup/system/View/View.php(214): include('/home/emerling/...')
#2 /home/emerling/Proyectos/gelab-backup/system/View/View.php(217): CodeIgniter\View\View->CodeIgniter\View\{closure}()
#3 /home/emerling/Proyectos/gelab-backup/system/Common.php(1097): CodeIgniter\View\View->render()
#4 /home/emerling/Proyectos/gelab-backup/app/Controllers/Auth.php(18): view()
#5 /home/emerling/Proyectos/gelab-backup/system/CodeIgniter.php(824): App\Controllers\Auth->register()
#6 /home/emerling/Proyectos/gelab-backup/system/CodeIgniter.php(410): CodeIgniter\CodeIgniter->runController()
#7 /home/emerling/Proyectos/gelab-backup/system/CodeIgniter.php(318): CodeIgniter\CodeIgniter->handleRequest()
#8 /home/emerling/Proyectos/gelab-backup/public/index.php(37): CodeIgniter\CodeIgniter->run()
#9 /home/emerling/Proyectos/gelab-backup/system/Commands/Server/rewrite.php(43): require_once('/home/emerling/...')
#10 {main}
CRITICAL - 2021-12-11 18:35:23 --> Undefined variable: userInfo
#0 /home/emerling/Proyectos/gelab-backup/app/Views/auth/register.php(94): CodeIgniter\Debug\Exceptions->errorHandler()
#1 /home/emerling/Proyectos/gelab-backup/system/View/View.php(214): include('/home/emerling/...')
#2 /home/emerling/Proyectos/gelab-backup/system/View/View.php(217): CodeIgniter\View\View->CodeIgniter\View\{closure}()
#3 /home/emerling/Proyectos/gelab-backup/system/Common.php(1097): CodeIgniter\View\View->render()
#4 /home/emerling/Proyectos/gelab-backup/app/Controllers/Auth.php(18): view()
#5 /home/emerling/Proyectos/gelab-backup/system/CodeIgniter.php(824): App\Controllers\Auth->register()
#6 /home/emerling/Proyectos/gelab-backup/system/CodeIgniter.php(410): CodeIgniter\CodeIgniter->runController()
#7 /home/emerling/Proyectos/gelab-backup/system/CodeIgniter.php(318): CodeIgniter\CodeIgniter->handleRequest()
#8 /home/emerling/Proyectos/gelab-backup/public/index.php(37): CodeIgniter\CodeIgniter->run()
#9 /home/emerling/Proyectos/gelab-backup/system/Commands/Server/rewrite.php(43): require_once('/home/emerling/...')
#10 {main}
CRITICAL - 2021-12-11 18:36:24 --> Undefined variable: userInfo
#0 /home/emerling/Proyectos/gelab-backup/app/Views/auth/register.php(94): CodeIgniter\Debug\Exceptions->errorHandler()
#1 /home/emerling/Proyectos/gelab-backup/system/View/View.php(214): include('/home/emerling/...')
#2 /home/emerling/Proyectos/gelab-backup/system/View/View.php(217): CodeIgniter\View\View->CodeIgniter\View\{closure}()
#3 /home/emerling/Proyectos/gelab-backup/system/Common.php(1097): CodeIgniter\View\View->render()
#4 /home/emerling/Proyectos/gelab-backup/app/Controllers/Auth.php(18): view()
#5 /home/emerling/Proyectos/gelab-backup/system/CodeIgniter.php(824): App\Controllers\Auth->register()
#6 /home/emerling/Proyectos/gelab-backup/system/CodeIgniter.php(410): CodeIgniter\CodeIgniter->runController()
#7 /home/emerling/Proyectos/gelab-backup/system/CodeIgniter.php(318): CodeIgniter\CodeIgniter->handleRequest()
#8 /home/emerling/Proyectos/gelab-backup/public/index.php(37): CodeIgniter\CodeIgniter->run()
#9 /home/emerling/Proyectos/gelab-backup/system/Commands/Server/rewrite.php(43): require_once('/home/emerling/...')
#10 {main}
CRITICAL - 2021-12-11 18:36:26 --> Undefined variable: userInfo
#0 /home/emerling/Proyectos/gelab-backup/app/Views/auth/register.php(94): CodeIgniter\Debug\Exceptions->errorHandler()
#1 /home/emerling/Proyectos/gelab-backup/system/View/View.php(214): include('/home/emerling/...')
#2 /home/emerling/Proyectos/gelab-backup/system/View/View.php(217): CodeIgniter\View\View->CodeIgniter\View\{closure}()
#3 /home/emerling/Proyectos/gelab-backup/system/Common.php(1097): CodeIgniter\View\View->render()
#4 /home/emerling/Proyectos/gelab-backup/app/Controllers/Auth.php(18): view()
#5 /home/emerling/Proyectos/gelab-backup/system/CodeIgniter.php(824): App\Controllers\Auth->register()
#6 /home/emerling/Proyectos/gelab-backup/system/CodeIgniter.php(410): CodeIgniter\CodeIgniter->runController()
#7 /home/emerling/Proyectos/gelab-backup/system/CodeIgniter.php(318): CodeIgniter\CodeIgniter->handleRequest()
#8 /home/emerling/Proyectos/gelab-backup/public/index.php(37): CodeIgniter\CodeIgniter->run()
#9 /home/emerling/Proyectos/gelab-backup/system/Commands/Server/rewrite.php(43): require_once('/home/emerling/...')
#10 {main}
CRITICAL - 2021-12-11 18:36:56 --> Undefined variable: userInfo
#0 /home/emerling/Proyectos/gelab-backup/app/Views/auth/register.php(94): CodeIgniter\Debug\Exceptions->errorHandler()
#1 /home/emerling/Proyectos/gelab-backup/system/View/View.php(214): include('/home/emerling/...')
#2 /home/emerling/Proyectos/gelab-backup/system/View/View.php(217): CodeIgniter\View\View->CodeIgniter\View\{closure}()
#3 /home/emerling/Proyectos/gelab-backup/system/Common.php(1097): CodeIgniter\View\View->render()
#4 /home/emerling/Proyectos/gelab-backup/app/Controllers/Auth.php(18): view()
#5 /home/emerling/Proyectos/gelab-backup/system/CodeIgniter.php(824): App\Controllers\Auth->register()
#6 /home/emerling/Proyectos/gelab-backup/system/CodeIgniter.php(410): CodeIgniter\CodeIgniter->runController()
#7 /home/emerling/Proyectos/gelab-backup/system/CodeIgniter.php(318): CodeIgniter\CodeIgniter->handleRequest()
#8 /home/emerling/Proyectos/gelab-backup/public/index.php(37): CodeIgniter\CodeIgniter->run()
#9 /home/emerling/Proyectos/gelab-backup/system/Commands/Server/rewrite.php(43): require_once('/home/emerling/...')
#10 {main}
CRITICAL - 2021-12-11 18:39:34 --> Undefined variable: userInfo
#0 /home/emerling/Proyectos/gelab-backup/app/Views/auth/register.php(94): CodeIgniter\Debug\Exceptions->errorHandler()
#1 /home/emerling/Proyectos/gelab-backup/system/View/View.php(214): include('/home/emerling/...')
#2 /home/emerling/Proyectos/gelab-backup/system/View/View.php(217): CodeIgniter\View\View->CodeIgniter\View\{closure}()
#3 /home/emerling/Proyectos/gelab-backup/system/Common.php(1097): CodeIgniter\View\View->render()
#4 /home/emerling/Proyectos/gelab-backup/app/Controllers/Auth.php(18): view()
#5 /home/emerling/Proyectos/gelab-backup/system/CodeIgniter.php(824): App\Controllers\Auth->register()
#6 /home/emerling/Proyectos/gelab-backup/system/CodeIgniter.php(410): CodeIgniter\CodeIgniter->runController()
#7 /home/emerling/Proyectos/gelab-backup/system/CodeIgniter.php(318): CodeIgniter\CodeIgniter->handleRequest()
#8 /home/emerling/Proyectos/gelab-backup/public/index.php(37): CodeIgniter\CodeIgniter->run()
#9 /home/emerling/Proyectos/gelab-backup/system/Commands/Server/rewrite.php(43): require_once('/home/emerling/...')
#10 {main}
CRITICAL - 2021-12-11 18:39:36 --> Undefined variable: userInfo
#0 /home/emerling/Proyectos/gelab-backup/app/Views/auth/register.php(94): CodeIgniter\Debug\Exceptions->errorHandler()
#1 /home/emerling/Proyectos/gelab-backup/system/View/View.php(214): include('/home/emerling/...')
#2 /home/emerling/Proyectos/gelab-backup/system/View/View.php(217): CodeIgniter\View\View->CodeIgniter\View\{closure}()
#3 /home/emerling/Proyectos/gelab-backup/system/Common.php(1097): CodeIgniter\View\View->render()
#4 /home/emerling/Proyectos/gelab-backup/app/Controllers/Auth.php(18): view()
#5 /home/emerling/Proyectos/gelab-backup/system/CodeIgniter.php(824): App\Controllers\Auth->register()
#6 /home/emerling/Proyectos/gelab-backup/system/CodeIgniter.php(410): CodeIgniter\CodeIgniter->runController()
#7 /home/emerling/Proyectos/gelab-backup/system/CodeIgniter.php(318): CodeIgniter\CodeIgniter->handleRequest()
#8 /home/emerling/Proyectos/gelab-backup/public/index.php(37): CodeIgniter\CodeIgniter->run()
#9 /home/emerling/Proyectos/gelab-backup/system/Commands/Server/rewrite.php(43): require_once('/home/emerling/...')
#10 {main}
CRITICAL - 2021-12-11 18:39:37 --> Undefined variable: userInfo
#0 /home/emerling/Proyectos/gelab-backup/app/Views/auth/register.php(94): CodeIgniter\Debug\Exceptions->errorHandler()
#1 /home/emerling/Proyectos/gelab-backup/system/View/View.php(214): include('/home/emerling/...')
#2 /home/emerling/Proyectos/gelab-backup/system/View/View.php(217): CodeIgniter\View\View->CodeIgniter\View\{closure}()
#3 /home/emerling/Proyectos/gelab-backup/system/Common.php(1097): CodeIgniter\View\View->render()
#4 /home/emerling/Proyectos/gelab-backup/app/Controllers/Auth.php(18): view()
#5 /home/emerling/Proyectos/gelab-backup/system/CodeIgniter.php(824): App\Controllers\Auth->register()
#6 /home/emerling/Proyectos/gelab-backup/system/CodeIgniter.php(410): CodeIgniter\CodeIgniter->runController()
#7 /home/emerling/Proyectos/gelab-backup/system/CodeIgniter.php(318): CodeIgniter\CodeIgniter->handleRequest()
#8 /home/emerling/Proyectos/gelab-backup/public/index.php(37): CodeIgniter\CodeIgniter->run()
#9 /home/emerling/Proyectos/gelab-backup/system/Commands/Server/rewrite.php(43): require_once('/home/emerling/...')
#10 {main}
CRITICAL - 2021-12-11 18:39:47 --> Undefined variable: userInfo
#0 /home/emerling/Proyectos/gelab-backup/app/Views/auth/register.php(94): CodeIgniter\Debug\Exceptions->errorHandler()
#1 /home/emerling/Proyectos/gelab-backup/system/View/View.php(214): include('/home/emerling/...')
#2 /home/emerling/Proyectos/gelab-backup/system/View/View.php(217): CodeIgniter\View\View->CodeIgniter\View\{closure}()
#3 /home/emerling/Proyectos/gelab-backup/system/Common.php(1097): CodeIgniter\View\View->render()
#4 /home/emerling/Proyectos/gelab-backup/app/Controllers/Auth.php(18): view()
#5 /home/emerling/Proyectos/gelab-backup/system/CodeIgniter.php(824): App\Controllers\Auth->register()
#6 /home/emerling/Proyectos/gelab-backup/system/CodeIgniter.php(410): CodeIgniter\CodeIgniter->runController()
#7 /home/emerling/Proyectos/gelab-backup/system/CodeIgniter.php(318): CodeIgniter\CodeIgniter->handleRequest()
#8 /home/emerling/Proyectos/gelab-backup/public/index.php(37): CodeIgniter\CodeIgniter->run()
#9 /home/emerling/Proyectos/gelab-backup/system/Commands/Server/rewrite.php(43): require_once('/home/emerling/...')
#10 {main}
CRITICAL - 2021-12-11 22:58:04 --> Call to undefined method mysqli_result::getResult()
#0 /home/emerling/Proyectos/gelab-backup/app/Controllers/Crud.php(13): App\Models\CrudModel->listarnombres()
#1 /home/emerling/Proyectos/gelab-backup/system/CodeIgniter.php(824): App\Controllers\Crud->index()
#2 /home/emerling/Proyectos/gelab-backup/system/CodeIgniter.php(410): CodeIgniter\CodeIgniter->runController()
#3 /home/emerling/Proyectos/gelab-backup/system/CodeIgniter.php(318): CodeIgniter\CodeIgniter->handleRequest()
#4 /home/emerling/Proyectos/gelab-backup/public/index.php(37): CodeIgniter\CodeIgniter->run()
#5 /home/emerling/Proyectos/gelab-backup/system/Commands/Server/rewrite.php(43): require_once('/home/emerling/...')
#6 {main}
CRITICAL - 2021-12-11 23:12:33 --> Undefined variable: query
#0 /home/emerling/Proyectos/gelab-backup/app/Views/usuarios/listado.php(73): CodeIgniter\Debug\Exceptions->errorHandler()
#1 /home/emerling/Proyectos/gelab-backup/system/View/View.php(214): include('/home/emerling/...')
#2 /home/emerling/Proyectos/gelab-backup/system/View/View.php(217): CodeIgniter\View\View->CodeIgniter\View\{closure}()
#3 /home/emerling/Proyectos/gelab-backup/system/Common.php(1097): CodeIgniter\View\View->render()
#4 /home/emerling/Proyectos/gelab-backup/app/Controllers/Crud.php(20): view()
#5 /home/emerling/Proyectos/gelab-backup/system/CodeIgniter.php(824): App\Controllers\Crud->index()
#6 /home/emerling/Proyectos/gelab-backup/system/CodeIgniter.php(410): CodeIgniter\CodeIgniter->runController()
#7 /home/emerling/Proyectos/gelab-backup/system/CodeIgniter.php(318): CodeIgniter\CodeIgniter->handleRequest()
#8 /home/emerling/Proyectos/gelab-backup/public/index.php(37): CodeIgniter\CodeIgniter->run()
#9 /home/emerling/Proyectos/gelab-backup/system/Commands/Server/rewrite.php(43): require_once('/home/emerling/...')
#10 {main}
CRITICAL - 2021-12-11 23:13:01 --> Call to a member function getResult() on array
#0 /home/emerling/Proyectos/gelab-backup/system/View/View.php(214): include()
#1 /home/emerling/Proyectos/gelab-backup/system/View/View.php(217): CodeIgniter\View\View->CodeIgniter\View\{closure}()
#2 /home/emerling/Proyectos/gelab-backup/system/Common.php(1097): CodeIgniter\View\View->render()
#3 /home/emerling/Proyectos/gelab-backup/app/Controllers/Crud.php(20): view()
#4 /home/emerling/Proyectos/gelab-backup/system/CodeIgniter.php(824): App\Controllers\Crud->index()
#5 /home/emerling/Proyectos/gelab-backup/system/CodeIgniter.php(410): CodeIgniter\CodeIgniter->runController()
#6 /home/emerling/Proyectos/gelab-backup/system/CodeIgniter.php(318): CodeIgniter\CodeIgniter->handleRequest()
#7 /home/emerling/Proyectos/gelab-backup/public/index.php(37): CodeIgniter\CodeIgniter->run()
#8 /home/emerling/Proyectos/gelab-backup/system/Commands/Server/rewrite.php(43): require_once('/home/emerling/...')
#9 {main}
CRITICAL - 2021-12-11 23:13:03 --> Call to a member function getResult() on array
#0 /home/emerling/Proyectos/gelab-backup/system/View/View.php(214): include()
#1 /home/emerling/Proyectos/gelab-backup/system/View/View.php(217): CodeIgniter\View\View->CodeIgniter\View\{closure}()
#2 /home/emerling/Proyectos/gelab-backup/system/Common.php(1097): CodeIgniter\View\View->render()
#3 /home/emerling/Proyectos/gelab-backup/app/Controllers/Crud.php(20): view()
#4 /home/emerling/Proyectos/gelab-backup/system/CodeIgniter.php(824): App\Controllers\Crud->index()
#5 /home/emerling/Proyectos/gelab-backup/system/CodeIgniter.php(410): CodeIgniter\CodeIgniter->runController()
#6 /home/emerling/Proyectos/gelab-backup/system/CodeIgniter.php(318): CodeIgniter\CodeIgniter->handleRequest()
#7 /home/emerling/Proyectos/gelab-backup/public/index.php(37): CodeIgniter\CodeIgniter->run()
#8 /home/emerling/Proyectos/gelab-backup/system/Commands/Server/rewrite.php(43): require_once('/home/emerling/...')
#9 {main}
CRITICAL - 2021-12-11 23:13:04 --> Call to a member function getResult() on array
#0 /home/emerling/Proyectos/gelab-backup/system/View/View.php(214): include()
#1 /home/emerling/Proyectos/gelab-backup/system/View/View.php(217): CodeIgniter\View\View->CodeIgniter\View\{closure}()
#2 /home/emerling/Proyectos/gelab-backup/system/Common.php(1097): CodeIgniter\View\View->render()
#3 /home/emerling/Proyectos/gelab-backup/app/Controllers/Crud.php(20): view()
#4 /home/emerling/Proyectos/gelab-backup/system/CodeIgniter.php(824): App\Controllers\Crud->index()
#5 /home/emerling/Proyectos/gelab-backup/system/CodeIgniter.php(410): CodeIgniter\CodeIgniter->runController()
#6 /home/emerling/Proyectos/gelab-backup/system/CodeIgniter.php(318): CodeIgniter\CodeIgniter->handleRequest()
#7 /home/emerling/Proyectos/gelab-backup/public/index.php(37): CodeIgniter\CodeIgniter->run()
#8 /home/emerling/Proyectos/gelab-backup/system/Commands/Server/rewrite.php(43): require_once('/home/emerling/...')
#9 {main}
CRITICAL - 2021-12-11 23:13:06 --> Call to a member function getResult() on array
#0 /home/emerling/Proyectos/gelab-backup/system/View/View.php(214): include()
#1 /home/emerling/Proyectos/gelab-backup/system/View/View.php(217): CodeIgniter\View\View->CodeIgniter\View\{closure}()
#2 /home/emerling/Proyectos/gelab-backup/system/Common.php(1097): CodeIgniter\View\View->render()
#3 /home/emerling/Proyectos/gelab-backup/app/Controllers/Crud.php(20): view()
#4 /home/emerling/Proyectos/gelab-backup/system/CodeIgniter.php(824): App\Controllers\Crud->index()
#5 /home/emerling/Proyectos/gelab-backup/system/CodeIgniter.php(410): CodeIgniter\CodeIgniter->runController()
#6 /home/emerling/Proyectos/gelab-backup/system/CodeIgniter.php(318): CodeIgniter\CodeIgniter->handleRequest()
#7 /home/emerling/Proyectos/gelab-backup/public/index.php(37): CodeIgniter\CodeIgniter->run()
#8 /home/emerling/Proyectos/gelab-backup/system/Commands/Server/rewrite.php(43): require_once('/home/emerling/...')
#9 {main}
CRITICAL - 2021-12-11 23:13:08 --> Call to a member function getResult() on array
#0 /home/emerling/Proyectos/gelab-backup/system/View/View.php(214): include()
#1 /home/emerling/Proyectos/gelab-backup/system/View/View.php(217): CodeIgniter\View\View->CodeIgniter\View\{closure}()
#2 /home/emerling/Proyectos/gelab-backup/system/Common.php(1097): CodeIgniter\View\View->render()
#3 /home/emerling/Proyectos/gelab-backup/app/Controllers/Crud.php(20): view()
#4 /home/emerling/Proyectos/gelab-backup/system/CodeIgniter.php(824): App\Controllers\Crud->index()
#5 /home/emerling/Proyectos/gelab-backup/system/CodeIgniter.php(410): CodeIgniter\CodeIgniter->runController()
#6 /home/emerling/Proyectos/gelab-backup/system/CodeIgniter.php(318): CodeIgniter\CodeIgniter->handleRequest()
#7 /home/emerling/Proyectos/gelab-backup/public/index.php(37): CodeIgniter\CodeIgniter->run()
#8 /home/emerling/Proyectos/gelab-backup/system/Commands/Server/rewrite.php(43): require_once('/home/emerling/...')
#9 {main}
CRITICAL - 2021-12-11 23:14:07 --> syntax error, unexpected end of file
#0 /home/emerling/Proyectos/gelab-backup/system/View/View.php(217): CodeIgniter\View\View->CodeIgniter\View\{closure}()
#1 /home/emerling/Proyectos/gelab-backup/system/Common.php(1097): CodeIgniter\View\View->render()
#2 /home/emerling/Proyectos/gelab-backup/app/Controllers/Crud.php(20): view()
#3 /home/emerling/Proyectos/gelab-backup/system/CodeIgniter.php(824): App\Controllers\Crud->index()
#4 /home/emerling/Proyectos/gelab-backup/system/CodeIgniter.php(410): CodeIgniter\CodeIgniter->runController()
#5 /home/emerling/Proyectos/gelab-backup/system/CodeIgniter.php(318): CodeIgniter\CodeIgniter->handleRequest()
#6 /home/emerling/Proyectos/gelab-backup/public/index.php(37): CodeIgniter\CodeIgniter->run()
#7 /home/emerling/Proyectos/gelab-backup/system/Commands/Server/rewrite.php(43): require_once('/home/emerling/...')
#8 {main}
CRITICAL - 2021-12-11 23:32:46 --> Call to undefined function set_value()
#0 /home/emerling/Proyectos/gelab-backup/system/View/View.php(214): include()
#1 /home/emerling/Proyectos/gelab-backup/system/View/View.php(217): CodeIgniter\View\View->CodeIgniter\View\{closure}()
#2 /home/emerling/Proyectos/gelab-backup/system/Common.php(1097): CodeIgniter\View\View->render()
#3 /home/emerling/Proyectos/gelab-backup/app/Controllers/Crud.php(20): view()
#4 /home/emerling/Proyectos/gelab-backup/system/CodeIgniter.php(824): App\Controllers\Crud->index()
#5 /home/emerling/Proyectos/gelab-backup/system/CodeIgniter.php(410): CodeIgniter\CodeIgniter->runController()
#6 /home/emerling/Proyectos/gelab-backup/system/CodeIgniter.php(318): CodeIgniter\CodeIgniter->handleRequest()
#7 /home/emerling/Proyectos/gelab-backup/public/index.php(37): CodeIgniter\CodeIgniter->run()
#8 /home/emerling/Proyectos/gelab-backup/system/Commands/Server/rewrite.php(43): require_once('/home/emerling/...')
#9 {main}
CRITICAL - 2021-12-11 23:33:46 --> Call to undefined function set_value()
#0 /home/emerling/Proyectos/gelab-backup/system/View/View.php(214): include()
#1 /home/emerling/Proyectos/gelab-backup/system/View/View.php(217): CodeIgniter\View\View->CodeIgniter\View\{closure}()
#2 /home/emerling/Proyectos/gelab-backup/system/Common.php(1097): CodeIgniter\View\View->render()
#3 /home/emerling/Proyectos/gelab-backup/app/Controllers/Crud.php(20): view()
#4 /home/emerling/Proyectos/gelab-backup/system/CodeIgniter.php(824): App\Controllers\Crud->index()
#5 /home/emerling/Proyectos/gelab-backup/system/CodeIgniter.php(410): CodeIgniter\CodeIgniter->runController()
#6 /home/emerling/Proyectos/gelab-backup/system/CodeIgniter.php(318): CodeIgniter\CodeIgniter->handleRequest()
#7 /home/emerling/Proyectos/gelab-backup/public/index.php(37): CodeIgniter\CodeIgniter->run()
#8 /home/emerling/Proyectos/gelab-backup/system/Commands/Server/rewrite.php(43): require_once('/home/emerling/...')
#9 {main}
CRITICAL - 2021-12-11 23:34:28 --> Call to undefined function set_value()
#0 /home/emerling/Proyectos/gelab-backup/system/View/View.php(214): include()
#1 /home/emerling/Proyectos/gelab-backup/system/View/View.php(217): CodeIgniter\View\View->CodeIgniter\View\{closure}()
#2 /home/emerling/Proyectos/gelab-backup/system/Common.php(1097): CodeIgniter\View\View->render()
#3 /home/emerling/Proyectos/gelab-backup/app/Controllers/Crud.php(20): view()
#4 /home/emerling/Proyectos/gelab-backup/system/CodeIgniter.php(824): App\Controllers\Crud->index()
#5 /home/emerling/Proyectos/gelab-backup/system/CodeIgniter.php(410): CodeIgniter\CodeIgniter->runController()
#6 /home/emerling/Proyectos/gelab-backup/system/CodeIgniter.php(318): CodeIgniter\CodeIgniter->handleRequest()
#7 /home/emerling/Proyectos/gelab-backup/public/index.php(37): CodeIgniter\CodeIgniter->run()
#8 /home/emerling/Proyectos/gelab-backup/system/Commands/Server/rewrite.php(43): require_once('/home/emerling/...')
#9 {main}
CRITICAL - 2021-12-11 23:34:29 --> Call to undefined function set_value()
#0 /home/emerling/Proyectos/gelab-backup/system/View/View.php(214): include()
#1 /home/emerling/Proyectos/gelab-backup/system/View/View.php(217): CodeIgniter\View\View->CodeIgniter\View\{closure}()
#2 /home/emerling/Proyectos/gelab-backup/system/Common.php(1097): CodeIgniter\View\View->render()
#3 /home/emerling/Proyectos/gelab-backup/app/Controllers/Crud.php(20): view()
#4 /home/emerling/Proyectos/gelab-backup/system/CodeIgniter.php(824): App\Controllers\Crud->index()
#5 /home/emerling/Proyectos/gelab-backup/system/CodeIgniter.php(410): CodeIgniter\CodeIgniter->runController()
#6 /home/emerling/Proyectos/gelab-backup/system/CodeIgniter.php(318): CodeIgniter\CodeIgniter->handleRequest()
#7 /home/emerling/Proyectos/gelab-backup/public/index.php(37): CodeIgniter\CodeIgniter->run()
#8 /home/emerling/Proyectos/gelab-backup/system/Commands/Server/rewrite.php(43): require_once('/home/emerling/...')
#9 {main}
CRITICAL - 2021-12-11 23:34:30 --> Call to undefined function set_value()
#0 /home/emerling/Proyectos/gelab-backup/system/View/View.php(214): include()
#1 /home/emerling/Proyectos/gelab-backup/system/View/View.php(217): CodeIgniter\View\View->CodeIgniter\View\{closure}()
#2 /home/emerling/Proyectos/gelab-backup/system/Common.php(1097): CodeIgniter\View\View->render()
#3 /home/emerling/Proyectos/gelab-backup/app/Controllers/Crud.php(20): view()
#4 /home/emerling/Proyectos/gelab-backup/system/CodeIgniter.php(824): App\Controllers\Crud->index()
#5 /home/emerling/Proyectos/gelab-backup/system/CodeIgniter.php(410): CodeIgniter\CodeIgniter->runController()
#6 /home/emerling/Proyectos/gelab-backup/system/CodeIgniter.php(318): CodeIgniter\CodeIgniter->handleRequest()
#7 /home/emerling/Proyectos/gelab-backup/public/index.php(37): CodeIgniter\CodeIgniter->run()
#8 /home/emerling/Proyectos/gelab-backup/system/Commands/Server/rewrite.php(43): require_once('/home/emerling/...')
#9 {main}
CRITICAL - 2021-12-11 23:34:38 --> Call to undefined function set_value()
#0 /home/emerling/Proyectos/gelab-backup/system/View/View.php(214): include()
#1 /home/emerling/Proyectos/gelab-backup/system/View/View.php(217): CodeIgniter\View\View->CodeIgniter\View\{closure}()
#2 /home/emerling/Proyectos/gelab-backup/system/Common.php(1097): CodeIgniter\View\View->render()
#3 /home/emerling/Proyectos/gelab-backup/app/Controllers/Crud.php(20): view()
#4 /home/emerling/Proyectos/gelab-backup/system/CodeIgniter.php(824): App\Controllers\Crud->index()
#5 /home/emerling/Proyectos/gelab-backup/system/CodeIgniter.php(410): CodeIgniter\CodeIgniter->runController()
#6 /home/emerling/Proyectos/gelab-backup/system/CodeIgniter.php(318): CodeIgniter\CodeIgniter->handleRequest()
#7 /home/emerling/Proyectos/gelab-backup/public/index.php(37): CodeIgniter\CodeIgniter->run()
#8 /home/emerling/Proyectos/gelab-backup/system/Commands/Server/rewrite.php(43): require_once('/home/emerling/...')
#9 {main}
CRITICAL - 2021-12-11 23:35:38 --> Call to undefined function set_value()
#0 /home/emerling/Proyectos/gelab-backup/system/View/View.php(214): include()
#1 /home/emerling/Proyectos/gelab-backup/system/View/View.php(217): CodeIgniter\View\View->CodeIgniter\View\{closure}()
#2 /home/emerling/Proyectos/gelab-backup/system/Common.php(1097): CodeIgniter\View\View->render()
#3 /home/emerling/Proyectos/gelab-backup/app/Controllers/Crud.php(20): view()
#4 /home/emerling/Proyectos/gelab-backup/system/CodeIgniter.php(824): App\Controllers\Crud->index()
#5 /home/emerling/Proyectos/gelab-backup/system/CodeIgniter.php(410): CodeIgniter\CodeIgniter->runController()
#6 /home/emerling/Proyectos/gelab-backup/system/CodeIgniter.php(318): CodeIgniter\CodeIgniter->handleRequest()
#7 /home/emerling/Proyectos/gelab-backup/public/index.php(37): CodeIgniter\CodeIgniter->run()
#8 /home/emerling/Proyectos/gelab-backup/system/Commands/Server/rewrite.php(43): require_once('/home/emerling/...')
#9 {main}
CRITICAL - 2021-12-11 23:37:06 --> Call to undefined function set_value()
#0 /home/emerling/Proyectos/gelab-backup/system/View/View.php(214): include()
#1 /home/emerling/Proyectos/gelab-backup/system/View/View.php(217): CodeIgniter\View\View->CodeIgniter\View\{closure}()
#2 /home/emerling/Proyectos/gelab-backup/system/Common.php(1097): CodeIgniter\View\View->render()
#3 /home/emerling/Proyectos/gelab-backup/app/Controllers/Crud.php(20): view()
#4 /home/emerling/Proyectos/gelab-backup/system/CodeIgniter.php(824): App\Controllers\Crud->index()
#5 /home/emerling/Proyectos/gelab-backup/system/CodeIgniter.php(410): CodeIgniter\CodeIgniter->runController()
#6 /home/emerling/Proyectos/gelab-backup/system/CodeIgniter.php(318): CodeIgniter\CodeIgniter->handleRequest()
#7 /home/emerling/Proyectos/gelab-backup/public/index.php(37): CodeIgniter\CodeIgniter->run()
#8 /home/emerling/Proyectos/gelab-backup/system/Commands/Server/rewrite.php(43): require_once('/home/emerling/...')
#9 {main}
CRITICAL - 2021-12-11 23:37:11 --> Call to undefined function set_value()
#0 /home/emerling/Proyectos/gelab-backup/system/View/View.php(214): include()
#1 /home/emerling/Proyectos/gelab-backup/system/View/View.php(217): CodeIgniter\View\View->CodeIgniter\View\{closure}()
#2 /home/emerling/Proyectos/gelab-backup/system/Common.php(1097): CodeIgniter\View\View->render()
#3 /home/emerling/Proyectos/gelab-backup/app/Controllers/Crud.php(20): view()
#4 /home/emerling/Proyectos/gelab-backup/system/CodeIgniter.php(824): App\Controllers\Crud->index()
#5 /home/emerling/Proyectos/gelab-backup/system/CodeIgniter.php(410): CodeIgniter\CodeIgniter->runController()
#6 /home/emerling/Proyectos/gelab-backup/system/CodeIgniter.php(318): CodeIgniter\CodeIgniter->handleRequest()
#7 /home/emerling/Proyectos/gelab-backup/public/index.php(37): CodeIgniter\CodeIgniter->run()
#8 /home/emerling/Proyectos/gelab-backup/system/Commands/Server/rewrite.php(43): require_once('/home/emerling/...')
#9 {main}
CRITICAL - 2021-12-11 23:37:31 --> Call to undefined function set_value()
#0 /home/emerling/Proyectos/gelab-backup/system/View/View.php(214): include()
#1 /home/emerling/Proyectos/gelab-backup/system/View/View.php(217): CodeIgniter\View\View->CodeIgniter\View\{closure}()
#2 /home/emerling/Proyectos/gelab-backup/system/Common.php(1097): CodeIgniter\View\View->render()
#3 /home/emerling/Proyectos/gelab-backup/app/Controllers/Crud.php(20): view()
#4 /home/emerling/Proyectos/gelab-backup/system/CodeIgniter.php(824): App\Controllers\Crud->index()
#5 /home/emerling/Proyectos/gelab-backup/system/CodeIgniter.php(410): CodeIgniter\CodeIgniter->runController()
#6 /home/emerling/Proyectos/gelab-backup/system/CodeIgniter.php(318): CodeIgniter\CodeIgniter->handleRequest()
#7 /home/emerling/Proyectos/gelab-backup/public/index.php(37): CodeIgniter\CodeIgniter->run()
#8 /home/emerling/Proyectos/gelab-backup/system/Commands/Server/rewrite.php(43): require_once('/home/emerling/...')
#9 {main}
CRITICAL - 2021-12-11 23:37:32 --> Call to undefined function set_value()
#0 /home/emerling/Proyectos/gelab-backup/system/View/View.php(214): include()
#1 /home/emerling/Proyectos/gelab-backup/system/View/View.php(217): CodeIgniter\View\View->CodeIgniter\View\{closure}()
#2 /home/emerling/Proyectos/gelab-backup/system/Common.php(1097): CodeIgniter\View\View->render()
#3 /home/emerling/Proyectos/gelab-backup/app/Controllers/Crud.php(20): view()
#4 /home/emerling/Proyectos/gelab-backup/system/CodeIgniter.php(824): App\Controllers\Crud->index()
#5 /home/emerling/Proyectos/gelab-backup/system/CodeIgniter.php(410): CodeIgniter\CodeIgniter->runController()
#6 /home/emerling/Proyectos/gelab-backup/system/CodeIgniter.php(318): CodeIgniter\CodeIgniter->handleRequest()
#7 /home/emerling/Proyectos/gelab-backup/public/index.php(37): CodeIgniter\CodeIgniter->run()
#8 /home/emerling/Proyectos/gelab-backup/system/Commands/Server/rewrite.php(43): require_once('/home/emerling/...')
#9 {main}
CRITICAL - 2021-12-11 23:43:04 --> Call to undefined function set_value()
#0 /home/emerling/Proyectos/gelab-backup/system/View/View.php(214): include()
#1 /home/emerling/Proyectos/gelab-backup/system/View/View.php(217): CodeIgniter\View\View->CodeIgniter\View\{closure}()
#2 /home/emerling/Proyectos/gelab-backup/system/Common.php(1097): CodeIgniter\View\View->render()
#3 /home/emerling/Proyectos/gelab-backup/app/Controllers/Crud.php(20): view()
#4 /home/emerling/Proyectos/gelab-backup/system/CodeIgniter.php(824): App\Controllers\Crud->index()
#5 /home/emerling/Proyectos/gelab-backup/system/CodeIgniter.php(410): CodeIgniter\CodeIgniter->runController()
#6 /home/emerling/Proyectos/gelab-backup/system/CodeIgniter.php(318): CodeIgniter\CodeIgniter->handleRequest()
#7 /home/emerling/Proyectos/gelab-backup/public/index.php(37): CodeIgniter\CodeIgniter->run()
#8 /home/emerling/Proyectos/gelab-backup/system/Commands/Server/rewrite.php(43): require_once('/home/emerling/...')
#9 {main}
CRITICAL - 2021-12-11 23:43:06 --> Call to undefined function set_value()
#0 /home/emerling/Proyectos/gelab-backup/system/View/View.php(214): include()
#1 /home/emerling/Proyectos/gelab-backup/system/View/View.php(217): CodeIgniter\View\View->CodeIgniter\View\{closure}()
#2 /home/emerling/Proyectos/gelab-backup/system/Common.php(1097): CodeIgniter\View\View->render()
#3 /home/emerling/Proyectos/gelab-backup/app/Controllers/Crud.php(20): view()
#4 /home/emerling/Proyectos/gelab-backup/system/CodeIgniter.php(824): App\Controllers\Crud->index()
#5 /home/emerling/Proyectos/gelab-backup/system/CodeIgniter.php(410): CodeIgniter\CodeIgniter->runController()
#6 /home/emerling/Proyectos/gelab-backup/system/CodeIgniter.php(318): CodeIgniter\CodeIgniter->handleRequest()
#7 /home/emerling/Proyectos/gelab-backup/public/index.php(37): CodeIgniter\CodeIgniter->run()
#8 /home/emerling/Proyectos/gelab-backup/system/Commands/Server/rewrite.php(43): require_once('/home/emerling/...')
#9 {main}
CRITICAL - 2021-12-11 23:43:52 --> Call to undefined function set_value()
#0 /home/emerling/Proyectos/gelab-backup/system/View/View.php(214): include()
#1 /home/emerling/Proyectos/gelab-backup/system/View/View.php(217): CodeIgniter\View\View->CodeIgniter\View\{closure}()
#2 /home/emerling/Proyectos/gelab-backup/system/Common.php(1097): CodeIgniter\View\View->render()
#3 /home/emerling/Proyectos/gelab-backup/app/Controllers/Crud.php(20): view()
#4 /home/emerling/Proyectos/gelab-backup/system/CodeIgniter.php(824): App\Controllers\Crud->index()
#5 /home/emerling/Proyectos/gelab-backup/system/CodeIgniter.php(410): CodeIgniter\CodeIgniter->runController()
#6 /home/emerling/Proyectos/gelab-backup/system/CodeIgniter.php(318): CodeIgniter\CodeIgniter->handleRequest()
#7 /home/emerling/Proyectos/gelab-backup/public/index.php(37): CodeIgniter\CodeIgniter->run()
#8 /home/emerling/Proyectos/gelab-backup/system/Commands/Server/rewrite.php(43): require_once('/home/emerling/...')
#9 {main}
CRITICAL - 2021-12-11 23:58:26 --> Undefined variable: datos
#0 /home/emerling/Proyectos/gelab-backup/app/Views/usuarios/listado.php(27): CodeIgniter\Debug\Exceptions->errorHandler()
#1 /home/emerling/Proyectos/gelab-backup/system/View/View.php(214): include('/home/emerling/...')
#2 /home/emerling/Proyectos/gelab-backup/system/View/View.php(217): CodeIgniter\View\View->CodeIgniter\View\{closure}()
#3 /home/emerling/Proyectos/gelab-backup/system/Common.php(1097): CodeIgniter\View\View->render()
#4 /home/emerling/Proyectos/gelab-backup/app/Controllers/Auth.php(59): view()
#5 /home/emerling/Proyectos/gelab-backup/system/CodeIgniter.php(824): App\Controllers\Auth->save()
#6 /home/emerling/Proyectos/gelab-backup/system/CodeIgniter.php(410): CodeIgniter\CodeIgniter->runController()
#7 /home/emerling/Proyectos/gelab-backup/system/CodeIgniter.php(318): CodeIgniter\CodeIgniter->handleRequest()
#8 /home/emerling/Proyectos/gelab-backup/public/index.php(37): CodeIgniter\CodeIgniter->run()
#9 /home/emerling/Proyectos/gelab-backup/system/Commands/Server/rewrite.php(43): require_once('/home/emerling/...')
#10 {main}
CRITICAL - 2021-12-11 23:59:08 --> Invalid file: crud.php
#0 /home/emerling/Proyectos/gelab-backup/system/View/View.php(198): CodeIgniter\Exceptions\FrameworkException::forInvalidFile()
#1 /home/emerling/Proyectos/gelab-backup/system/Common.php(1097): CodeIgniter\View\View->render()
#2 /home/emerling/Proyectos/gelab-backup/app/Controllers/Auth.php(59): view()
#3 /home/emerling/Proyectos/gelab-backup/system/CodeIgniter.php(824): App\Controllers\Auth->save()
#4 /home/emerling/Proyectos/gelab-backup/system/CodeIgniter.php(410): CodeIgniter\CodeIgniter->runController()
#5 /home/emerling/Proyectos/gelab-backup/system/CodeIgniter.php(318): CodeIgniter\CodeIgniter->handleRequest()
#6 /home/emerling/Proyectos/gelab-backup/public/index.php(37): CodeIgniter\CodeIgniter->run()
#7 /home/emerling/Proyectos/gelab-backup/system/Commands/Server/rewrite.php(43): require_once('/home/emerling/...')
#8 {main}
CRITICAL - 2021-12-11 23:59:35 --> Invalid file: /crud.php
#0 /home/emerling/Proyectos/gelab-backup/system/View/View.php(198): CodeIgniter\Exceptions\FrameworkException::forInvalidFile()
#1 /home/emerling/Proyectos/gelab-backup/system/Common.php(1097): CodeIgniter\View\View->render()
#2 /home/emerling/Proyectos/gelab-backup/app/Controllers/Auth.php(59): view()
#3 /home/emerling/Proyectos/gelab-backup/system/CodeIgniter.php(824): App\Controllers\Auth->save()
#4 /home/emerling/Proyectos/gelab-backup/system/CodeIgniter.php(410): CodeIgniter\CodeIgniter->runController()
#5 /home/emerling/Proyectos/gelab-backup/system/CodeIgniter.php(318): CodeIgniter\CodeIgniter->handleRequest()
#6 /home/emerling/Proyectos/gelab-backup/public/index.php(37): CodeIgniter\CodeIgniter->run()
#7 /home/emerling/Proyectos/gelab-backup/system/Commands/Server/rewrite.php(43): require_once('/home/emerling/...')
#8 {main}
