ERROR - 2021-11-28 21:13:36 --> Error connecting to the database: Unknown database 'labdb222'
CRITICAL - 2021-11-28 21:13:36 --> Unable to connect to the database.
Main connection [MySQLi]: Unknown database 'labdb222'
#0 /home/emerling/Proyectos/glab/system/Database/BaseConnection.php(577): CodeIgniter\Database\BaseConnection->initialize()
#1 /home/emerling/Proyectos/glab/system/Database/BaseBuilder.php(1443): CodeIgniter\Database\BaseConnection->query()
#2 /home/emerling/Proyectos/glab/system/Validation/Rules.php(161): CodeIgniter\Database\BaseBuilder->get()
#3 /home/emerling/Proyectos/glab/system/Validation/Validation.php(277): CodeIgniter\Validation\Rules->is_unique()
#4 /home/emerling/Proyectos/glab/system/Validation/Validation.php(151): CodeIgniter\Validation\Validation->processRules()
#5 /home/emerling/Proyectos/glab/system/Controller.php(160): CodeIgniter\Validation\Validation->run()
#6 /home/emerling/Proyectos/glab/app/Controllers/Auth.php(21): CodeIgniter\Controller->validate()
#7 /home/emerling/Proyectos/glab/system/CodeIgniter.php(824): App\Controllers\Auth->save()
#8 /home/emerling/Proyectos/glab/system/CodeIgniter.php(410): CodeIgniter\CodeIgniter->runController()
#9 /home/emerling/Proyectos/glab/system/CodeIgniter.php(318): CodeIgniter\CodeIgniter->handleRequest()
#10 /home/emerling/Proyectos/glab/public/index.php(37): CodeIgniter\CodeIgniter->run()
#11 /home/emerling/Proyectos/glab/system/Commands/Server/rewrite.php(43): require_once('/home/emerling/...')
#12 {main}
CRITICAL - 2021-11-28 21:14:49 --> min_lenght is not a valid rule.
#0 /home/emerling/Proyectos/glab/system/Validation/Validation.php(285): CodeIgniter\Validation\Exceptions\ValidationException::forRuleNotFound()
#1 /home/emerling/Proyectos/glab/system/Validation/Validation.php(151): CodeIgniter\Validation\Validation->processRules()
#2 /home/emerling/Proyectos/glab/system/Controller.php(160): CodeIgniter\Validation\Validation->run()
#3 /home/emerling/Proyectos/glab/app/Controllers/Auth.php(21): CodeIgniter\Controller->validate()
#4 /home/emerling/Proyectos/glab/system/CodeIgniter.php(824): App\Controllers\Auth->save()
#5 /home/emerling/Proyectos/glab/system/CodeIgniter.php(410): CodeIgniter\CodeIgniter->runController()
#6 /home/emerling/Proyectos/glab/system/CodeIgniter.php(318): CodeIgniter\CodeIgniter->handleRequest()
#7 /home/emerling/Proyectos/glab/public/index.php(37): CodeIgniter\CodeIgniter->run()
#8 /home/emerling/Proyectos/glab/system/Commands/Server/rewrite.php(43): require_once('/home/emerling/...')
#9 {main}
CRITICAL - 2021-11-28 21:16:28 --> min_lenght is not a valid rule.
#0 /home/emerling/Proyectos/glab/system/Validation/Validation.php(285): CodeIgniter\Validation\Exceptions\ValidationException::forRuleNotFound()
#1 /home/emerling/Proyectos/glab/system/Validation/Validation.php(151): CodeIgniter\Validation\Validation->processRules()
#2 /home/emerling/Proyectos/glab/system/Controller.php(160): CodeIgniter\Validation\Validation->run()
#3 /home/emerling/Proyectos/glab/app/Controllers/Auth.php(21): CodeIgniter\Controller->validate()
#4 /home/emerling/Proyectos/glab/system/CodeIgniter.php(824): App\Controllers\Auth->save()
#5 /home/emerling/Proyectos/glab/system/CodeIgniter.php(410): CodeIgniter\CodeIgniter->runController()
#6 /home/emerling/Proyectos/glab/system/CodeIgniter.php(318): CodeIgniter\CodeIgniter->handleRequest()
#7 /home/emerling/Proyectos/glab/public/index.php(37): CodeIgniter\CodeIgniter->run()
#8 /home/emerling/Proyectos/glab/system/Commands/Server/rewrite.php(43): require_once('/home/emerling/...')
#9 {main}
CRITICAL - 2021-11-28 21:25:13 --> min_lenght is not a valid rule.
#0 /home/emerling/Proyectos/glab/system/Validation/Validation.php(285): CodeIgniter\Validation\Exceptions\ValidationException::forRuleNotFound()
#1 /home/emerling/Proyectos/glab/system/Validation/Validation.php(151): CodeIgniter\Validation\Validation->processRules()
#2 /home/emerling/Proyectos/glab/system/Controller.php(160): CodeIgniter\Validation\Validation->run()
#3 /home/emerling/Proyectos/glab/app/Controllers/Auth.php(21): CodeIgniter\Controller->validate()
#4 /home/emerling/Proyectos/glab/system/CodeIgniter.php(824): App\Controllers\Auth->save()
#5 /home/emerling/Proyectos/glab/system/CodeIgniter.php(410): CodeIgniter\CodeIgniter->runController()
#6 /home/emerling/Proyectos/glab/system/CodeIgniter.php(318): CodeIgniter\CodeIgniter->handleRequest()
#7 /home/emerling/Proyectos/glab/public/index.php(37): CodeIgniter\CodeIgniter->run()
#8 /home/emerling/Proyectos/glab/system/Commands/Server/rewrite.php(43): require_once('/home/emerling/...')
#9 {main}
CRITICAL - 2021-11-28 21:29:46 --> min_lenght is not a valid rule.
#0 /home/emerling/Proyectos/glab/system/Validation/Validation.php(285): CodeIgniter\Validation\Exceptions\ValidationException::forRuleNotFound()
#1 /home/emerling/Proyectos/glab/system/Validation/Validation.php(151): CodeIgniter\Validation\Validation->processRules()
#2 /home/emerling/Proyectos/glab/system/Controller.php(160): CodeIgniter\Validation\Validation->run()
#3 /home/emerling/Proyectos/glab/app/Controllers/Auth.php(21): CodeIgniter\Controller->validate()
#4 /home/emerling/Proyectos/glab/system/CodeIgniter.php(824): App\Controllers\Auth->save()
#5 /home/emerling/Proyectos/glab/system/CodeIgniter.php(410): CodeIgniter\CodeIgniter->runController()
#6 /home/emerling/Proyectos/glab/system/CodeIgniter.php(318): CodeIgniter\CodeIgniter->handleRequest()
#7 /home/emerling/Proyectos/glab/public/index.php(37): CodeIgniter\CodeIgniter->run()
#8 /home/emerling/Proyectos/glab/system/Commands/Server/rewrite.php(43): require_once('/home/emerling/...')
#9 {main}
CRITICAL - 2021-11-28 21:30:30 --> min_lenght is not a valid rule.
#0 /home/emerling/Proyectos/glab/system/Validation/Validation.php(285): CodeIgniter\Validation\Exceptions\ValidationException::forRuleNotFound()
#1 /home/emerling/Proyectos/glab/system/Validation/Validation.php(151): CodeIgniter\Validation\Validation->processRules()
#2 /home/emerling/Proyectos/glab/system/Controller.php(160): CodeIgniter\Validation\Validation->run()
#3 /home/emerling/Proyectos/glab/app/Controllers/Auth.php(21): CodeIgniter\Controller->validate()
#4 /home/emerling/Proyectos/glab/system/CodeIgniter.php(824): App\Controllers\Auth->save()
#5 /home/emerling/Proyectos/glab/system/CodeIgniter.php(410): CodeIgniter\CodeIgniter->runController()
#6 /home/emerling/Proyectos/glab/system/CodeIgniter.php(318): CodeIgniter\CodeIgniter->handleRequest()
#7 /home/emerling/Proyectos/glab/public/index.php(37): CodeIgniter\CodeIgniter->run()
#8 /home/emerling/Proyectos/glab/system/Commands/Server/rewrite.php(43): require_once('/home/emerling/...')
#9 {main}
