CRITICAL - 2021-12-13 09:52:12 --> Undefined variable: datos1
#0 /home/emerling/Proyectos/gelab-backup/app/Views/usuarios/listado.php(111): CodeIgniter\Debug\Exceptions->errorHandler()
#1 /home/emerling/Proyectos/gelab-backup/system/View/View.php(214): include('/home/emerling/...')
#2 /home/emerling/Proyectos/gelab-backup/system/View/View.php(217): CodeIgniter\View\View->CodeIgniter\View\{closure}()
#3 /home/emerling/Proyectos/gelab-backup/system/Common.php(1097): CodeIgniter\View\View->render()
#4 /home/emerling/Proyectos/gelab-backup/app/Controllers/Crud.php(24): view()
#5 /home/emerling/Proyectos/gelab-backup/system/CodeIgniter.php(824): App\Controllers\Crud->index()
#6 /home/emerling/Proyectos/gelab-backup/system/CodeIgniter.php(410): CodeIgniter\CodeIgniter->runController()
#7 /home/emerling/Proyectos/gelab-backup/system/CodeIgniter.php(318): CodeIgniter\CodeIgniter->handleRequest()
#8 /home/emerling/Proyectos/gelab-backup/public/index.php(37): CodeIgniter\CodeIgniter->run()
#9 /home/emerling/Proyectos/gelab-backup/system/Commands/Server/rewrite.php(43): require_once('/home/emerling/...')
#10 {main}
CRITICAL - 2021-12-13 09:55:35 --> Undefined variable: nombre
#0 /home/emerling/Proyectos/gelab-backup/app/Views/usuarios/listado.php(111): CodeIgniter\Debug\Exceptions->errorHandler()
#1 /home/emerling/Proyectos/gelab-backup/system/View/View.php(214): include('/home/emerling/...')
#2 /home/emerling/Proyectos/gelab-backup/system/View/View.php(217): CodeIgniter\View\View->CodeIgniter\View\{closure}()
#3 /home/emerling/Proyectos/gelab-backup/system/Common.php(1097): CodeIgniter\View\View->render()
#4 /home/emerling/Proyectos/gelab-backup/app/Controllers/Crud.php(24): view()
#5 /home/emerling/Proyectos/gelab-backup/system/CodeIgniter.php(824): App\Controllers\Crud->index()
#6 /home/emerling/Proyectos/gelab-backup/system/CodeIgniter.php(410): CodeIgniter\CodeIgniter->runController()
#7 /home/emerling/Proyectos/gelab-backup/system/CodeIgniter.php(318): CodeIgniter\CodeIgniter->handleRequest()
#8 /home/emerling/Proyectos/gelab-backup/public/index.php(37): CodeIgniter\CodeIgniter->run()
#9 /home/emerling/Proyectos/gelab-backup/system/Commands/Server/rewrite.php(43): require_once('/home/emerling/...')
#10 {main}
CRITICAL - 2021-12-13 09:55:38 --> Undefined variable: nombre
#0 /home/emerling/Proyectos/gelab-backup/app/Views/usuarios/listado.php(111): CodeIgniter\Debug\Exceptions->errorHandler()
#1 /home/emerling/Proyectos/gelab-backup/system/View/View.php(214): include('/home/emerling/...')
#2 /home/emerling/Proyectos/gelab-backup/system/View/View.php(217): CodeIgniter\View\View->CodeIgniter\View\{closure}()
#3 /home/emerling/Proyectos/gelab-backup/system/Common.php(1097): CodeIgniter\View\View->render()
#4 /home/emerling/Proyectos/gelab-backup/app/Controllers/Crud.php(24): view()
#5 /home/emerling/Proyectos/gelab-backup/system/CodeIgniter.php(824): App\Controllers\Crud->index()
#6 /home/emerling/Proyectos/gelab-backup/system/CodeIgniter.php(410): CodeIgniter\CodeIgniter->runController()
#7 /home/emerling/Proyectos/gelab-backup/system/CodeIgniter.php(318): CodeIgniter\CodeIgniter->handleRequest()
#8 /home/emerling/Proyectos/gelab-backup/public/index.php(37): CodeIgniter\CodeIgniter->run()
#9 /home/emerling/Proyectos/gelab-backup/system/Commands/Server/rewrite.php(43): require_once('/home/emerling/...')
#10 {main}
CRITICAL - 2021-12-13 09:55:39 --> Undefined variable: nombre
#0 /home/emerling/Proyectos/gelab-backup/app/Views/usuarios/listado.php(111): CodeIgniter\Debug\Exceptions->errorHandler()
#1 /home/emerling/Proyectos/gelab-backup/system/View/View.php(214): include('/home/emerling/...')
#2 /home/emerling/Proyectos/gelab-backup/system/View/View.php(217): CodeIgniter\View\View->CodeIgniter\View\{closure}()
#3 /home/emerling/Proyectos/gelab-backup/system/Common.php(1097): CodeIgniter\View\View->render()
#4 /home/emerling/Proyectos/gelab-backup/app/Controllers/Crud.php(24): view()
#5 /home/emerling/Proyectos/gelab-backup/system/CodeIgniter.php(824): App\Controllers\Crud->index()
#6 /home/emerling/Proyectos/gelab-backup/system/CodeIgniter.php(410): CodeIgniter\CodeIgniter->runController()
#7 /home/emerling/Proyectos/gelab-backup/system/CodeIgniter.php(318): CodeIgniter\CodeIgniter->handleRequest()
#8 /home/emerling/Proyectos/gelab-backup/public/index.php(37): CodeIgniter\CodeIgniter->run()
#9 /home/emerling/Proyectos/gelab-backup/system/Commands/Server/rewrite.php(43): require_once('/home/emerling/...')
#10 {main}
CRITICAL - 2021-12-13 09:57:14 --> Undefined variable: datos
#0 /home/emerling/Proyectos/gelab-backup/app/Views/usuarios/listado.php(130): CodeIgniter\Debug\Exceptions->errorHandler()
#1 /home/emerling/Proyectos/gelab-backup/system/View/View.php(214): include('/home/emerling/...')
#2 /home/emerling/Proyectos/gelab-backup/system/View/View.php(217): CodeIgniter\View\View->CodeIgniter\View\{closure}()
#3 /home/emerling/Proyectos/gelab-backup/system/Common.php(1097): CodeIgniter\View\View->render()
#4 /home/emerling/Proyectos/gelab-backup/app/Controllers/Crud.php(24): view()
#5 /home/emerling/Proyectos/gelab-backup/system/CodeIgniter.php(824): App\Controllers\Crud->index()
#6 /home/emerling/Proyectos/gelab-backup/system/CodeIgniter.php(410): CodeIgniter\CodeIgniter->runController()
#7 /home/emerling/Proyectos/gelab-backup/system/CodeIgniter.php(318): CodeIgniter\CodeIgniter->handleRequest()
#8 /home/emerling/Proyectos/gelab-backup/public/index.php(37): CodeIgniter\CodeIgniter->run()
#9 /home/emerling/Proyectos/gelab-backup/system/Commands/Server/rewrite.php(43): require_once('/home/emerling/...')
#10 {main}
CRITICAL - 2021-12-13 09:58:11 --> Undefined variable: datos
#0 /home/emerling/Proyectos/gelab-backup/app/Views/usuarios/listado.php(130): CodeIgniter\Debug\Exceptions->errorHandler()
#1 /home/emerling/Proyectos/gelab-backup/system/View/View.php(214): include('/home/emerling/...')
#2 /home/emerling/Proyectos/gelab-backup/system/View/View.php(217): CodeIgniter\View\View->CodeIgniter\View\{closure}()
#3 /home/emerling/Proyectos/gelab-backup/system/Common.php(1097): CodeIgniter\View\View->render()
#4 /home/emerling/Proyectos/gelab-backup/app/Controllers/Crud.php(24): view()
#5 /home/emerling/Proyectos/gelab-backup/system/CodeIgniter.php(824): App\Controllers\Crud->index()
#6 /home/emerling/Proyectos/gelab-backup/system/CodeIgniter.php(410): CodeIgniter\CodeIgniter->runController()
#7 /home/emerling/Proyectos/gelab-backup/system/CodeIgniter.php(318): CodeIgniter\CodeIgniter->handleRequest()
#8 /home/emerling/Proyectos/gelab-backup/public/index.php(37): CodeIgniter\CodeIgniter->run()
#9 /home/emerling/Proyectos/gelab-backup/system/Commands/Server/rewrite.php(43): require_once('/home/emerling/...')
#10 {main}
CRITICAL - 2021-12-13 09:58:12 --> Undefined variable: datos
#0 /home/emerling/Proyectos/gelab-backup/app/Views/usuarios/listado.php(130): CodeIgniter\Debug\Exceptions->errorHandler()
#1 /home/emerling/Proyectos/gelab-backup/system/View/View.php(214): include('/home/emerling/...')
#2 /home/emerling/Proyectos/gelab-backup/system/View/View.php(217): CodeIgniter\View\View->CodeIgniter\View\{closure}()
#3 /home/emerling/Proyectos/gelab-backup/system/Common.php(1097): CodeIgniter\View\View->render()
#4 /home/emerling/Proyectos/gelab-backup/app/Controllers/Crud.php(24): view()
#5 /home/emerling/Proyectos/gelab-backup/system/CodeIgniter.php(824): App\Controllers\Crud->index()
#6 /home/emerling/Proyectos/gelab-backup/system/CodeIgniter.php(410): CodeIgniter\CodeIgniter->runController()
#7 /home/emerling/Proyectos/gelab-backup/system/CodeIgniter.php(318): CodeIgniter\CodeIgniter->handleRequest()
#8 /home/emerling/Proyectos/gelab-backup/public/index.php(37): CodeIgniter\CodeIgniter->run()
#9 /home/emerling/Proyectos/gelab-backup/system/Commands/Server/rewrite.php(43): require_once('/home/emerling/...')
#10 {main}
CRITICAL - 2021-12-13 10:01:45 --> Undefined variable: data
#0 /home/emerling/Proyectos/gelab-backup/app/Views/welcome_message.php(223): CodeIgniter\Debug\Exceptions->errorHandler()
#1 /home/emerling/Proyectos/gelab-backup/system/View/View.php(214): include('/home/emerling/...')
#2 /home/emerling/Proyectos/gelab-backup/system/View/View.php(217): CodeIgniter\View\View->CodeIgniter\View\{closure}()
#3 /home/emerling/Proyectos/gelab-backup/system/Common.php(1097): CodeIgniter\View\View->render()
#4 /home/emerling/Proyectos/gelab-backup/app/Controllers/Crud.php(24): view()
#5 /home/emerling/Proyectos/gelab-backup/system/CodeIgniter.php(824): App\Controllers\Crud->index()
#6 /home/emerling/Proyectos/gelab-backup/system/CodeIgniter.php(410): CodeIgniter\CodeIgniter->runController()
#7 /home/emerling/Proyectos/gelab-backup/system/CodeIgniter.php(318): CodeIgniter\CodeIgniter->handleRequest()
#8 /home/emerling/Proyectos/gelab-backup/public/index.php(37): CodeIgniter\CodeIgniter->run()
#9 /home/emerling/Proyectos/gelab-backup/system/Commands/Server/rewrite.php(43): require_once('/home/emerling/...')
#10 {main}
CRITICAL - 2021-12-13 10:05:27 --> Undefined variable: datos1
#0 /home/emerling/Proyectos/gelab-backup/app/Controllers/Crud.php(27): CodeIgniter\Debug\Exceptions->errorHandler()
#1 /home/emerling/Proyectos/gelab-backup/system/CodeIgniter.php(824): App\Controllers\Crud->index()
#2 /home/emerling/Proyectos/gelab-backup/system/CodeIgniter.php(410): CodeIgniter\CodeIgniter->runController()
#3 /home/emerling/Proyectos/gelab-backup/system/CodeIgniter.php(318): CodeIgniter\CodeIgniter->handleRequest()
#4 /home/emerling/Proyectos/gelab-backup/public/index.php(37): CodeIgniter\CodeIgniter->run()
#5 /home/emerling/Proyectos/gelab-backup/system/Commands/Server/rewrite.php(43): require_once('/home/emerling/...')
#6 {main}
CRITICAL - 2021-12-13 10:05:46 --> Undefined variable: data
#0 /home/emerling/Proyectos/gelab-backup/app/Views/welcome_message.php(223): CodeIgniter\Debug\Exceptions->errorHandler()
#1 /home/emerling/Proyectos/gelab-backup/system/View/View.php(214): include('/home/emerling/...')
#2 /home/emerling/Proyectos/gelab-backup/system/View/View.php(217): CodeIgniter\View\View->CodeIgniter\View\{closure}()
#3 /home/emerling/Proyectos/gelab-backup/system/Common.php(1097): CodeIgniter\View\View->render()
#4 /home/emerling/Proyectos/gelab-backup/app/Controllers/Crud.php(27): view()
#5 /home/emerling/Proyectos/gelab-backup/system/CodeIgniter.php(824): App\Controllers\Crud->index()
#6 /home/emerling/Proyectos/gelab-backup/system/CodeIgniter.php(410): CodeIgniter\CodeIgniter->runController()
#7 /home/emerling/Proyectos/gelab-backup/system/CodeIgniter.php(318): CodeIgniter\CodeIgniter->handleRequest()
#8 /home/emerling/Proyectos/gelab-backup/public/index.php(37): CodeIgniter\CodeIgniter->run()
#9 /home/emerling/Proyectos/gelab-backup/system/Commands/Server/rewrite.php(43): require_once('/home/emerling/...')
#10 {main}
CRITICAL - 2021-12-13 10:08:39 --> Undefined variable: nombre
#0 /home/emerling/Proyectos/gelab-backup/app/Views/usuarios/listado.php(111): CodeIgniter\Debug\Exceptions->errorHandler()
#1 /home/emerling/Proyectos/gelab-backup/system/View/View.php(214): include('/home/emerling/...')
#2 /home/emerling/Proyectos/gelab-backup/system/View/View.php(217): CodeIgniter\View\View->CodeIgniter\View\{closure}()
#3 /home/emerling/Proyectos/gelab-backup/system/Common.php(1097): CodeIgniter\View\View->render()
#4 /home/emerling/Proyectos/gelab-backup/app/Controllers/Crud.php(27): view()
#5 /home/emerling/Proyectos/gelab-backup/system/CodeIgniter.php(824): App\Controllers\Crud->index()
#6 /home/emerling/Proyectos/gelab-backup/system/CodeIgniter.php(410): CodeIgniter\CodeIgniter->runController()
#7 /home/emerling/Proyectos/gelab-backup/system/CodeIgniter.php(318): CodeIgniter\CodeIgniter->handleRequest()
#8 /home/emerling/Proyectos/gelab-backup/public/index.php(37): CodeIgniter\CodeIgniter->run()
#9 /home/emerling/Proyectos/gelab-backup/system/Commands/Server/rewrite.php(43): require_once('/home/emerling/...')
#10 {main}
CRITICAL - 2021-12-13 10:36:30 --> syntax error, unexpected end of file
#0 /home/emerling/Proyectos/gelab-backup/system/View/View.php(217): CodeIgniter\View\View->CodeIgniter\View\{closure}()
#1 /home/emerling/Proyectos/gelab-backup/system/Common.php(1097): CodeIgniter\View\View->render()
#2 /home/emerling/Proyectos/gelab-backup/app/Controllers/Crud.php(27): view()
#3 /home/emerling/Proyectos/gelab-backup/system/CodeIgniter.php(824): App\Controllers\Crud->index()
#4 /home/emerling/Proyectos/gelab-backup/system/CodeIgniter.php(410): CodeIgniter\CodeIgniter->runController()
#5 /home/emerling/Proyectos/gelab-backup/system/CodeIgniter.php(318): CodeIgniter\CodeIgniter->handleRequest()
#6 /home/emerling/Proyectos/gelab-backup/public/index.php(37): CodeIgniter\CodeIgniter->run()
#7 /home/emerling/Proyectos/gelab-backup/system/Commands/Server/rewrite.php(43): require_once('/home/emerling/...')
#8 {main}
CRITICAL - 2021-12-13 10:43:36 --> Undefined variable: userInfo
#0 /home/emerling/Proyectos/gelab-backup/app/Views/usuarios/listado.php(24): CodeIgniter\Debug\Exceptions->errorHandler()
#1 /home/emerling/Proyectos/gelab-backup/system/View/View.php(214): include('/home/emerling/...')
#2 /home/emerling/Proyectos/gelab-backup/system/View/View.php(217): CodeIgniter\View\View->CodeIgniter\View\{closure}()
#3 /home/emerling/Proyectos/gelab-backup/system/Common.php(1097): CodeIgniter\View\View->render()
#4 /home/emerling/Proyectos/gelab-backup/app/Controllers/Crud.php(30): view()
#5 /home/emerling/Proyectos/gelab-backup/system/CodeIgniter.php(824): App\Controllers\Crud->index()
#6 /home/emerling/Proyectos/gelab-backup/system/CodeIgniter.php(410): CodeIgniter\CodeIgniter->runController()
#7 /home/emerling/Proyectos/gelab-backup/system/CodeIgniter.php(318): CodeIgniter\CodeIgniter->handleRequest()
#8 /home/emerling/Proyectos/gelab-backup/public/index.php(37): CodeIgniter\CodeIgniter->run()
#9 /home/emerling/Proyectos/gelab-backup/system/Commands/Server/rewrite.php(43): require_once('/home/emerling/...')
#10 {main}
CRITICAL - 2021-12-13 10:49:33 --> syntax error, unexpected '}', expecting end of file
#0 /home/emerling/Proyectos/gelab-backup/system/View/View.php(217): CodeIgniter\View\View->CodeIgniter\View\{closure}()
#1 /home/emerling/Proyectos/gelab-backup/system/Common.php(1097): CodeIgniter\View\View->render()
#2 /home/emerling/Proyectos/gelab-backup/app/Controllers/Crud.php(30): view()
#3 /home/emerling/Proyectos/gelab-backup/system/CodeIgniter.php(824): App\Controllers\Crud->index()
#4 /home/emerling/Proyectos/gelab-backup/system/CodeIgniter.php(410): CodeIgniter\CodeIgniter->runController()
#5 /home/emerling/Proyectos/gelab-backup/system/CodeIgniter.php(318): CodeIgniter\CodeIgniter->handleRequest()
#6 /home/emerling/Proyectos/gelab-backup/public/index.php(37): CodeIgniter\CodeIgniter->run()
#7 /home/emerling/Proyectos/gelab-backup/system/Commands/Server/rewrite.php(43): require_once('/home/emerling/...')
#8 {main}
CRITICAL - 2021-12-13 10:52:26 --> Array to string conversion
#0 /home/emerling/Proyectos/gelab-backup/app/Views/usuarios/listado.php(24): CodeIgniter\Debug\Exceptions->errorHandler()
#1 /home/emerling/Proyectos/gelab-backup/system/View/View.php(214): include('/home/emerling/...')
#2 /home/emerling/Proyectos/gelab-backup/system/View/View.php(217): CodeIgniter\View\View->CodeIgniter\View\{closure}()
#3 /home/emerling/Proyectos/gelab-backup/system/Common.php(1097): CodeIgniter\View\View->render()
#4 /home/emerling/Proyectos/gelab-backup/app/Controllers/Crud.php(30): view()
#5 /home/emerling/Proyectos/gelab-backup/system/CodeIgniter.php(824): App\Controllers\Crud->index()
#6 /home/emerling/Proyectos/gelab-backup/system/CodeIgniter.php(410): CodeIgniter\CodeIgniter->runController()
#7 /home/emerling/Proyectos/gelab-backup/system/CodeIgniter.php(318): CodeIgniter\CodeIgniter->handleRequest()
#8 /home/emerling/Proyectos/gelab-backup/public/index.php(37): CodeIgniter\CodeIgniter->run()
#9 /home/emerling/Proyectos/gelab-backup/system/Commands/Server/rewrite.php(43): require_once('/home/emerling/...')
#10 {main}
CRITICAL - 2021-12-13 10:54:03 --> Function name must be a string
#0 /home/emerling/Proyectos/gelab-backup/system/View/View.php(214): include()
#1 /home/emerling/Proyectos/gelab-backup/system/View/View.php(217): CodeIgniter\View\View->CodeIgniter\View\{closure}()
#2 /home/emerling/Proyectos/gelab-backup/system/Common.php(1097): CodeIgniter\View\View->render()
#3 /home/emerling/Proyectos/gelab-backup/app/Controllers/Crud.php(30): view()
#4 /home/emerling/Proyectos/gelab-backup/system/CodeIgniter.php(824): App\Controllers\Crud->index()
#5 /home/emerling/Proyectos/gelab-backup/system/CodeIgniter.php(410): CodeIgniter\CodeIgniter->runController()
#6 /home/emerling/Proyectos/gelab-backup/system/CodeIgniter.php(318): CodeIgniter\CodeIgniter->handleRequest()
#7 /home/emerling/Proyectos/gelab-backup/public/index.php(37): CodeIgniter\CodeIgniter->run()
#8 /home/emerling/Proyectos/gelab-backup/system/Commands/Server/rewrite.php(43): require_once('/home/emerling/...')
#9 {main}
CRITICAL - 2021-12-13 10:54:38 --> Undefined variable: data
#0 /home/emerling/Proyectos/gelab-backup/app/Views/usuarios/listado.php(24): CodeIgniter\Debug\Exceptions->errorHandler()
#1 /home/emerling/Proyectos/gelab-backup/system/View/View.php(214): include('/home/emerling/...')
#2 /home/emerling/Proyectos/gelab-backup/system/View/View.php(217): CodeIgniter\View\View->CodeIgniter\View\{closure}()
#3 /home/emerling/Proyectos/gelab-backup/system/Common.php(1097): CodeIgniter\View\View->render()
#4 /home/emerling/Proyectos/gelab-backup/app/Controllers/Crud.php(30): view()
#5 /home/emerling/Proyectos/gelab-backup/system/CodeIgniter.php(824): App\Controllers\Crud->index()
#6 /home/emerling/Proyectos/gelab-backup/system/CodeIgniter.php(410): CodeIgniter\CodeIgniter->runController()
#7 /home/emerling/Proyectos/gelab-backup/system/CodeIgniter.php(318): CodeIgniter\CodeIgniter->handleRequest()
#8 /home/emerling/Proyectos/gelab-backup/public/index.php(37): CodeIgniter\CodeIgniter->run()
#9 /home/emerling/Proyectos/gelab-backup/system/Commands/Server/rewrite.php(43): require_once('/home/emerling/...')
#10 {main}
CRITICAL - 2021-12-13 10:55:02 --> Undefined variable: data
#0 /home/emerling/Proyectos/gelab-backup/app/Views/usuarios/listado.php(24): CodeIgniter\Debug\Exceptions->errorHandler()
#1 /home/emerling/Proyectos/gelab-backup/system/View/View.php(214): include('/home/emerling/...')
#2 /home/emerling/Proyectos/gelab-backup/system/View/View.php(217): CodeIgniter\View\View->CodeIgniter\View\{closure}()
#3 /home/emerling/Proyectos/gelab-backup/system/Common.php(1097): CodeIgniter\View\View->render()
#4 /home/emerling/Proyectos/gelab-backup/app/Controllers/Crud.php(30): view()
#5 /home/emerling/Proyectos/gelab-backup/system/CodeIgniter.php(824): App\Controllers\Crud->index()
#6 /home/emerling/Proyectos/gelab-backup/system/CodeIgniter.php(410): CodeIgniter\CodeIgniter->runController()
#7 /home/emerling/Proyectos/gelab-backup/system/CodeIgniter.php(318): CodeIgniter\CodeIgniter->handleRequest()
#8 /home/emerling/Proyectos/gelab-backup/public/index.php(37): CodeIgniter\CodeIgniter->run()
#9 /home/emerling/Proyectos/gelab-backup/system/Commands/Server/rewrite.php(43): require_once('/home/emerling/...')
#10 {main}
CRITICAL - 2021-12-13 10:56:43 --> Undefined variable: data
#0 /home/emerling/Proyectos/gelab-backup/app/Views/usuarios/listado.php(24): CodeIgniter\Debug\Exceptions->errorHandler()
#1 /home/emerling/Proyectos/gelab-backup/system/View/View.php(214): include('/home/emerling/...')
#2 /home/emerling/Proyectos/gelab-backup/system/View/View.php(217): CodeIgniter\View\View->CodeIgniter\View\{closure}()
#3 /home/emerling/Proyectos/gelab-backup/system/Common.php(1097): CodeIgniter\View\View->render()
#4 /home/emerling/Proyectos/gelab-backup/app/Controllers/Crud.php(30): view()
#5 /home/emerling/Proyectos/gelab-backup/system/CodeIgniter.php(824): App\Controllers\Crud->index()
#6 /home/emerling/Proyectos/gelab-backup/system/CodeIgniter.php(410): CodeIgniter\CodeIgniter->runController()
#7 /home/emerling/Proyectos/gelab-backup/system/CodeIgniter.php(318): CodeIgniter\CodeIgniter->handleRequest()
#8 /home/emerling/Proyectos/gelab-backup/public/index.php(37): CodeIgniter\CodeIgniter->run()
#9 /home/emerling/Proyectos/gelab-backup/system/Commands/Server/rewrite.php(43): require_once('/home/emerling/...')
#10 {main}
CRITICAL - 2021-12-13 10:56:45 --> Undefined variable: data
#0 /home/emerling/Proyectos/gelab-backup/app/Views/usuarios/listado.php(24): CodeIgniter\Debug\Exceptions->errorHandler()
#1 /home/emerling/Proyectos/gelab-backup/system/View/View.php(214): include('/home/emerling/...')
#2 /home/emerling/Proyectos/gelab-backup/system/View/View.php(217): CodeIgniter\View\View->CodeIgniter\View\{closure}()
#3 /home/emerling/Proyectos/gelab-backup/system/Common.php(1097): CodeIgniter\View\View->render()
#4 /home/emerling/Proyectos/gelab-backup/app/Controllers/Crud.php(30): view()
#5 /home/emerling/Proyectos/gelab-backup/system/CodeIgniter.php(824): App\Controllers\Crud->index()
#6 /home/emerling/Proyectos/gelab-backup/system/CodeIgniter.php(410): CodeIgniter\CodeIgniter->runController()
#7 /home/emerling/Proyectos/gelab-backup/system/CodeIgniter.php(318): CodeIgniter\CodeIgniter->handleRequest()
#8 /home/emerling/Proyectos/gelab-backup/public/index.php(37): CodeIgniter\CodeIgniter->run()
#9 /home/emerling/Proyectos/gelab-backup/system/Commands/Server/rewrite.php(43): require_once('/home/emerling/...')
#10 {main}
CRITICAL - 2021-12-13 10:57:09 --> Array to string conversion
#0 /home/emerling/Proyectos/gelab-backup/app/Views/usuarios/listado.php(112): CodeIgniter\Debug\Exceptions->errorHandler()
#1 /home/emerling/Proyectos/gelab-backup/system/View/View.php(214): include('/home/emerling/...')
#2 /home/emerling/Proyectos/gelab-backup/system/View/View.php(217): CodeIgniter\View\View->CodeIgniter\View\{closure}()
#3 /home/emerling/Proyectos/gelab-backup/system/Common.php(1097): CodeIgniter\View\View->render()
#4 /home/emerling/Proyectos/gelab-backup/app/Controllers/Crud.php(30): view()
#5 /home/emerling/Proyectos/gelab-backup/system/CodeIgniter.php(824): App\Controllers\Crud->index()
#6 /home/emerling/Proyectos/gelab-backup/system/CodeIgniter.php(410): CodeIgniter\CodeIgniter->runController()
#7 /home/emerling/Proyectos/gelab-backup/system/CodeIgniter.php(318): CodeIgniter\CodeIgniter->handleRequest()
#8 /home/emerling/Proyectos/gelab-backup/public/index.php(37): CodeIgniter\CodeIgniter->run()
#9 /home/emerling/Proyectos/gelab-backup/system/Commands/Server/rewrite.php(43): require_once('/home/emerling/...')
#10 {main}
CRITICAL - 2021-12-13 11:06:45 --> Array to string conversion
#0 /home/emerling/Proyectos/gelab-backup/app/Views/usuarios/listado.php(115): CodeIgniter\Debug\Exceptions->errorHandler()
#1 /home/emerling/Proyectos/gelab-backup/system/View/View.php(214): include('/home/emerling/...')
#2 /home/emerling/Proyectos/gelab-backup/system/View/View.php(217): CodeIgniter\View\View->CodeIgniter\View\{closure}()
#3 /home/emerling/Proyectos/gelab-backup/system/Common.php(1097): CodeIgniter\View\View->render()
#4 /home/emerling/Proyectos/gelab-backup/app/Controllers/Crud.php(30): view()
#5 /home/emerling/Proyectos/gelab-backup/system/CodeIgniter.php(824): App\Controllers\Crud->index()
#6 /home/emerling/Proyectos/gelab-backup/system/CodeIgniter.php(410): CodeIgniter\CodeIgniter->runController()
#7 /home/emerling/Proyectos/gelab-backup/system/CodeIgniter.php(318): CodeIgniter\CodeIgniter->handleRequest()
#8 /home/emerling/Proyectos/gelab-backup/public/index.php(37): CodeIgniter\CodeIgniter->run()
#9 /home/emerling/Proyectos/gelab-backup/system/Commands/Server/rewrite.php(43): require_once('/home/emerling/...')
#10 {main}
CRITICAL - 2021-12-13 11:11:42 --> Undefined variable: userInfo
#0 /home/emerling/Proyectos/gelab-backup/app/Views/usuarios/listado.php(24): CodeIgniter\Debug\Exceptions->errorHandler()
#1 /home/emerling/Proyectos/gelab-backup/system/View/View.php(214): include('/home/emerling/...')
#2 /home/emerling/Proyectos/gelab-backup/system/View/View.php(217): CodeIgniter\View\View->CodeIgniter\View\{closure}()
#3 /home/emerling/Proyectos/gelab-backup/system/Common.php(1097): CodeIgniter\View\View->render()
#4 /home/emerling/Proyectos/gelab-backup/app/Controllers/Crud.php(30): view()
#5 /home/emerling/Proyectos/gelab-backup/system/CodeIgniter.php(824): App\Controllers\Crud->index()
#6 /home/emerling/Proyectos/gelab-backup/system/CodeIgniter.php(410): CodeIgniter\CodeIgniter->runController()
#7 /home/emerling/Proyectos/gelab-backup/system/CodeIgniter.php(318): CodeIgniter\CodeIgniter->handleRequest()
#8 /home/emerling/Proyectos/gelab-backup/public/index.php(37): CodeIgniter\CodeIgniter->run()
#9 /home/emerling/Proyectos/gelab-backup/system/Commands/Server/rewrite.php(43): require_once('/home/emerling/...')
#10 {main}
CRITICAL - 2021-12-13 11:24:03 --> Undefined variable: userInfo
#0 /home/emerling/Proyectos/gelab-backup/app/Views/usuarios/listado.php(89): CodeIgniter\Debug\Exceptions->errorHandler()
#1 /home/emerling/Proyectos/gelab-backup/system/View/View.php(214): include('/home/emerling/...')
#2 /home/emerling/Proyectos/gelab-backup/system/View/View.php(217): CodeIgniter\View\View->CodeIgniter\View\{closure}()
#3 /home/emerling/Proyectos/gelab-backup/system/Common.php(1097): CodeIgniter\View\View->render()
#4 /home/emerling/Proyectos/gelab-backup/app/Controllers/Crud.php(30): view()
#5 /home/emerling/Proyectos/gelab-backup/system/CodeIgniter.php(824): App\Controllers\Crud->index()
#6 /home/emerling/Proyectos/gelab-backup/system/CodeIgniter.php(410): CodeIgniter\CodeIgniter->runController()
#7 /home/emerling/Proyectos/gelab-backup/system/CodeIgniter.php(318): CodeIgniter\CodeIgniter->handleRequest()
#8 /home/emerling/Proyectos/gelab-backup/public/index.php(37): CodeIgniter\CodeIgniter->run()
#9 /home/emerling/Proyectos/gelab-backup/system/Commands/Server/rewrite.php(43): require_once('/home/emerling/...')
#10 {main}
CRITICAL - 2021-12-13 12:58:47 --> Undefined variable: userInfo
#0 /home/emerling/Proyectos/gelab-backup/app/Views/header.php(2): CodeIgniter\Debug\Exceptions->errorHandler()
#1 /home/emerling/Proyectos/gelab-backup/system/View/View.php(214): include('/home/emerling/...')
#2 /home/emerling/Proyectos/gelab-backup/system/View/View.php(217): CodeIgniter\View\View->CodeIgniter\View\{closure}()
#3 /home/emerling/Proyectos/gelab-backup/system/Common.php(1097): CodeIgniter\View\View->render()
#4 /home/emerling/Proyectos/gelab-backup/app/Controllers/Dashboard.php(19): view()
#5 /home/emerling/Proyectos/gelab-backup/system/CodeIgniter.php(824): App\Controllers\Dashboard->index()
#6 /home/emerling/Proyectos/gelab-backup/system/CodeIgniter.php(410): CodeIgniter\CodeIgniter->runController()
#7 /home/emerling/Proyectos/gelab-backup/system/CodeIgniter.php(318): CodeIgniter\CodeIgniter->handleRequest()
#8 /home/emerling/Proyectos/gelab-backup/public/index.php(37): CodeIgniter\CodeIgniter->run()
#9 /home/emerling/Proyectos/gelab-backup/system/Commands/Server/rewrite.php(43): require_once('/home/emerling/...')
#10 {main}
CRITICAL - 2021-12-13 13:00:12 --> Array to string conversion
#0 /home/emerling/Proyectos/gelab-backup/app/Controllers/Dashboard.php(18): CodeIgniter\Debug\Exceptions->errorHandler()
#1 /home/emerling/Proyectos/gelab-backup/system/CodeIgniter.php(824): App\Controllers\Dashboard->index()
#2 /home/emerling/Proyectos/gelab-backup/system/CodeIgniter.php(410): CodeIgniter\CodeIgniter->runController()
#3 /home/emerling/Proyectos/gelab-backup/system/CodeIgniter.php(318): CodeIgniter\CodeIgniter->handleRequest()
#4 /home/emerling/Proyectos/gelab-backup/public/index.php(37): CodeIgniter\CodeIgniter->run()
#5 /home/emerling/Proyectos/gelab-backup/system/Commands/Server/rewrite.php(43): require_once('/home/emerling/...')
#6 {main}
CRITICAL - 2021-12-13 13:27:51 --> syntax error, unexpected end of file
#0 /home/emerling/Proyectos/gelab-backup/system/View/View.php(217): CodeIgniter\View\View->CodeIgniter\View\{closure}()
#1 /home/emerling/Proyectos/gelab-backup/system/Common.php(1097): CodeIgniter\View\View->render()
#2 /home/emerling/Proyectos/gelab-backup/app/Controllers/Dashboard.php(20): view()
#3 /home/emerling/Proyectos/gelab-backup/system/CodeIgniter.php(824): App\Controllers\Dashboard->index()
#4 /home/emerling/Proyectos/gelab-backup/system/CodeIgniter.php(410): CodeIgniter\CodeIgniter->runController()
#5 /home/emerling/Proyectos/gelab-backup/system/CodeIgniter.php(318): CodeIgniter\CodeIgniter->handleRequest()
#6 /home/emerling/Proyectos/gelab-backup/public/index.php(37): CodeIgniter\CodeIgniter->run()
#7 /home/emerling/Proyectos/gelab-backup/system/Commands/Server/rewrite.php(43): require_once('/home/emerling/...')
#8 {main}
CRITICAL - 2021-12-13 15:21:54 --> Undefined variable: userInfo
#0 /home/emerling/Proyectos/gelab-backup/app/Views/header.php(2): CodeIgniter\Debug\Exceptions->errorHandler()
#1 /home/emerling/Proyectos/gelab-backup/system/View/View.php(214): include('/home/emerling/...')
#2 /home/emerling/Proyectos/gelab-backup/system/View/View.php(217): CodeIgniter\View\View->CodeIgniter\View\{closure}()
#3 /home/emerling/Proyectos/gelab-backup/system/Common.php(1097): CodeIgniter\View\View->render()
#4 /home/emerling/Proyectos/gelab-backup/app/Controllers/Crud.php(31): view()
#5 /home/emerling/Proyectos/gelab-backup/system/CodeIgniter.php(824): App\Controllers\Crud->index()
#6 /home/emerling/Proyectos/gelab-backup/system/CodeIgniter.php(410): CodeIgniter\CodeIgniter->runController()
#7 /home/emerling/Proyectos/gelab-backup/system/CodeIgniter.php(318): CodeIgniter\CodeIgniter->handleRequest()
#8 /home/emerling/Proyectos/gelab-backup/public/index.php(37): CodeIgniter\CodeIgniter->run()
#9 /home/emerling/Proyectos/gelab-backup/system/Commands/Server/rewrite.php(43): require_once('/home/emerling/...')
#10 {main}
CRITICAL - 2021-12-13 15:24:52 --> Undefined variable: userInfo
#0 /home/emerling/Proyectos/gelab-backup/app/Views/header.php(2): CodeIgniter\Debug\Exceptions->errorHandler()
#1 /home/emerling/Proyectos/gelab-backup/system/View/View.php(214): include('/home/emerling/...')
#2 /home/emerling/Proyectos/gelab-backup/system/View/View.php(217): CodeIgniter\View\View->CodeIgniter\View\{closure}()
#3 /home/emerling/Proyectos/gelab-backup/system/Common.php(1097): CodeIgniter\View\View->render()
#4 /home/emerling/Proyectos/gelab-backup/app/Controllers/Crud.php(31): view()
#5 /home/emerling/Proyectos/gelab-backup/system/CodeIgniter.php(824): App\Controllers\Crud->index()
#6 /home/emerling/Proyectos/gelab-backup/system/CodeIgniter.php(410): CodeIgniter\CodeIgniter->runController()
#7 /home/emerling/Proyectos/gelab-backup/system/CodeIgniter.php(318): CodeIgniter\CodeIgniter->handleRequest()
#8 /home/emerling/Proyectos/gelab-backup/public/index.php(37): CodeIgniter\CodeIgniter->run()
#9 /home/emerling/Proyectos/gelab-backup/system/Commands/Server/rewrite.php(43): require_once('/home/emerling/...')
#10 {main}
CRITICAL - 2021-12-13 15:27:15 --> Undefined variable: nivel
#0 /home/emerling/Proyectos/gelab-backup/app/Views/usuarios/listado.php(3): CodeIgniter\Debug\Exceptions->errorHandler()
#1 /home/emerling/Proyectos/gelab-backup/system/View/View.php(214): include('/home/emerling/...')
#2 /home/emerling/Proyectos/gelab-backup/system/View/View.php(217): CodeIgniter\View\View->CodeIgniter\View\{closure}()
#3 /home/emerling/Proyectos/gelab-backup/system/Common.php(1097): CodeIgniter\View\View->render()
#4 /home/emerling/Proyectos/gelab-backup/app/Controllers/Crud.php(32): view()
#5 /home/emerling/Proyectos/gelab-backup/system/CodeIgniter.php(824): App\Controllers\Crud->index()
#6 /home/emerling/Proyectos/gelab-backup/system/CodeIgniter.php(410): CodeIgniter\CodeIgniter->runController()
#7 /home/emerling/Proyectos/gelab-backup/system/CodeIgniter.php(318): CodeIgniter\CodeIgniter->handleRequest()
#8 /home/emerling/Proyectos/gelab-backup/public/index.php(37): CodeIgniter\CodeIgniter->run()
#9 /home/emerling/Proyectos/gelab-backup/system/Commands/Server/rewrite.php(43): require_once('/home/emerling/...')
#10 {main}
CRITICAL - 2021-12-13 15:27:57 --> Undefined variable: nivel
#0 /home/emerling/Proyectos/gelab-backup/app/Views/usuarios/listado.php(68): CodeIgniter\Debug\Exceptions->errorHandler()
#1 /home/emerling/Proyectos/gelab-backup/system/View/View.php(214): include('/home/emerling/...')
#2 /home/emerling/Proyectos/gelab-backup/system/View/View.php(217): CodeIgniter\View\View->CodeIgniter\View\{closure}()
#3 /home/emerling/Proyectos/gelab-backup/system/Common.php(1097): CodeIgniter\View\View->render()
#4 /home/emerling/Proyectos/gelab-backup/app/Controllers/Crud.php(32): view()
#5 /home/emerling/Proyectos/gelab-backup/system/CodeIgniter.php(824): App\Controllers\Crud->index()
#6 /home/emerling/Proyectos/gelab-backup/system/CodeIgniter.php(410): CodeIgniter\CodeIgniter->runController()
#7 /home/emerling/Proyectos/gelab-backup/system/CodeIgniter.php(318): CodeIgniter\CodeIgniter->handleRequest()
#8 /home/emerling/Proyectos/gelab-backup/public/index.php(37): CodeIgniter\CodeIgniter->run()
#9 /home/emerling/Proyectos/gelab-backup/system/Commands/Server/rewrite.php(43): require_once('/home/emerling/...')
#10 {main}
