CRITICAL - 2021-12-01 00:38:46 --> Class 'App\Filters\AlreadyLoggedInfilter' not found
#0 /home/emerling/Proyectos/glab/system/CodeIgniter.php(384): CodeIgniter\Filters\Filters->run()
#1 /home/emerling/Proyectos/glab/system/CodeIgniter.php(318): CodeIgniter\CodeIgniter->handleRequest()
#2 /home/emerling/Proyectos/glab/public/index.php(37): CodeIgniter\CodeIgniter->run()
#3 /home/emerling/Proyectos/glab/system/Commands/Server/rewrite.php(43): require_once('/home/emerling/...')
#4 {main}
CRITICAL - 2021-12-01 00:50:17 --> Class 'App\Filters\AlreadyLoggedInfilter' not found
#0 /home/emerling/Proyectos/glab/system/CodeIgniter.php(384): CodeIgniter\Filters\Filters->run()
#1 /home/emerling/Proyectos/glab/system/CodeIgniter.php(318): CodeIgniter\CodeIgniter->handleRequest()
#2 /home/emerling/Proyectos/glab/public/index.php(37): CodeIgniter\CodeIgniter->run()
#3 /home/emerling/Proyectos/glab/system/Commands/Server/rewrite.php(43): require_once('/home/emerling/...')
#4 {main}
CRITICAL - 2021-12-01 00:52:09 --> Class 'App\Filters\AlreadyLoggedInfilter' not found
#0 /home/emerling/Proyectos/glab/system/CodeIgniter.php(384): CodeIgniter\Filters\Filters->run()
#1 /home/emerling/Proyectos/glab/system/CodeIgniter.php(318): CodeIgniter\CodeIgniter->handleRequest()
#2 /home/emerling/Proyectos/glab/public/index.php(37): CodeIgniter\CodeIgniter->run()
#3 /home/emerling/Proyectos/glab/system/Commands/Server/rewrite.php(43): require_once('/home/emerling/...')
#4 {main}
CRITICAL - 2021-12-01 00:52:44 --> Class 'App\Filters\AlreadyLoggedInfilter' not found
#0 /home/emerling/Proyectos/glab/system/CodeIgniter.php(384): CodeIgniter\Filters\Filters->run()
#1 /home/emerling/Proyectos/glab/system/CodeIgniter.php(318): CodeIgniter\CodeIgniter->handleRequest()
#2 /home/emerling/Proyectos/glab/public/index.php(37): CodeIgniter\CodeIgniter->run()
#3 /home/emerling/Proyectos/glab/system/Commands/Server/rewrite.php(43): require_once('/home/emerling/...')
#4 {main}
CRITICAL - 2021-12-01 00:53:06 --> Class 'App\Filters\AlreadyLoggedInfilter' not found
#0 /home/emerling/Proyectos/glab/system/CodeIgniter.php(384): CodeIgniter\Filters\Filters->run()
#1 /home/emerling/Proyectos/glab/system/CodeIgniter.php(318): CodeIgniter\CodeIgniter->handleRequest()
#2 /home/emerling/Proyectos/glab/public/index.php(37): CodeIgniter\CodeIgniter->run()
#3 /home/emerling/Proyectos/glab/system/Commands/Server/rewrite.php(43): require_once('/home/emerling/...')
#4 {main}
CRITICAL - 2021-12-01 00:53:06 --> Class 'App\Filters\AlreadyLoggedInfilter' not found
#0 /home/emerling/Proyectos/glab/system/CodeIgniter.php(384): CodeIgniter\Filters\Filters->run()
#1 /home/emerling/Proyectos/glab/system/CodeIgniter.php(318): CodeIgniter\CodeIgniter->handleRequest()
#2 /home/emerling/Proyectos/glab/public/index.php(37): CodeIgniter\CodeIgniter->run()
#3 /home/emerling/Proyectos/glab/system/Commands/Server/rewrite.php(43): require_once('/home/emerling/...')
#4 {main}
CRITICAL - 2021-12-01 00:53:06 --> Class 'App\Filters\AlreadyLoggedInfilter' not found
#0 /home/emerling/Proyectos/glab/system/CodeIgniter.php(384): CodeIgniter\Filters\Filters->run()
#1 /home/emerling/Proyectos/glab/system/CodeIgniter.php(318): CodeIgniter\CodeIgniter->handleRequest()
#2 /home/emerling/Proyectos/glab/public/index.php(37): CodeIgniter\CodeIgniter->run()
#3 /home/emerling/Proyectos/glab/system/Commands/Server/rewrite.php(43): require_once('/home/emerling/...')
#4 {main}
CRITICAL - 2021-12-01 00:53:06 --> Class 'App\Filters\AlreadyLoggedInfilter' not found
#0 /home/emerling/Proyectos/glab/system/CodeIgniter.php(384): CodeIgniter\Filters\Filters->run()
#1 /home/emerling/Proyectos/glab/system/CodeIgniter.php(318): CodeIgniter\CodeIgniter->handleRequest()
#2 /home/emerling/Proyectos/glab/public/index.php(37): CodeIgniter\CodeIgniter->run()
#3 /home/emerling/Proyectos/glab/system/Commands/Server/rewrite.php(43): require_once('/home/emerling/...')
#4 {main}
CRITICAL - 2021-12-01 00:53:07 --> Class 'App\Filters\AlreadyLoggedInfilter' not found
#0 /home/emerling/Proyectos/glab/system/CodeIgniter.php(384): CodeIgniter\Filters\Filters->run()
#1 /home/emerling/Proyectos/glab/system/CodeIgniter.php(318): CodeIgniter\CodeIgniter->handleRequest()
#2 /home/emerling/Proyectos/glab/public/index.php(37): CodeIgniter\CodeIgniter->run()
#3 /home/emerling/Proyectos/glab/system/Commands/Server/rewrite.php(43): require_once('/home/emerling/...')
#4 {main}
CRITICAL - 2021-12-01 00:53:31 --> Class 'App\Filters\AlreadyLoggedInfilter' not found
#0 /home/emerling/Proyectos/glab/system/CodeIgniter.php(384): CodeIgniter\Filters\Filters->run()
#1 /home/emerling/Proyectos/glab/system/CodeIgniter.php(318): CodeIgniter\CodeIgniter->handleRequest()
#2 /home/emerling/Proyectos/glab/public/index.php(37): CodeIgniter\CodeIgniter->run()
#3 /home/emerling/Proyectos/glab/system/Commands/Server/rewrite.php(43): require_once('/home/emerling/...')
#4 {main}
CRITICAL - 2021-12-01 00:53:32 --> Class 'App\Filters\AlreadyLoggedInfilter' not found
#0 /home/emerling/Proyectos/glab/system/CodeIgniter.php(384): CodeIgniter\Filters\Filters->run()
#1 /home/emerling/Proyectos/glab/system/CodeIgniter.php(318): CodeIgniter\CodeIgniter->handleRequest()
#2 /home/emerling/Proyectos/glab/public/index.php(37): CodeIgniter\CodeIgniter->run()
#3 /home/emerling/Proyectos/glab/system/Commands/Server/rewrite.php(43): require_once('/home/emerling/...')
#4 {main}
CRITICAL - 2021-12-01 00:53:32 --> Class 'App\Filters\AlreadyLoggedInfilter' not found
#0 /home/emerling/Proyectos/glab/system/CodeIgniter.php(384): CodeIgniter\Filters\Filters->run()
#1 /home/emerling/Proyectos/glab/system/CodeIgniter.php(318): CodeIgniter\CodeIgniter->handleRequest()
#2 /home/emerling/Proyectos/glab/public/index.php(37): CodeIgniter\CodeIgniter->run()
#3 /home/emerling/Proyectos/glab/system/Commands/Server/rewrite.php(43): require_once('/home/emerling/...')
#4 {main}
CRITICAL - 2021-12-01 00:53:44 --> Class 'App\Filters\AlreadyLoggedInfilter' not found
#0 /home/emerling/Proyectos/glab/system/CodeIgniter.php(384): CodeIgniter\Filters\Filters->run()
#1 /home/emerling/Proyectos/glab/system/CodeIgniter.php(318): CodeIgniter\CodeIgniter->handleRequest()
#2 /home/emerling/Proyectos/glab/public/index.php(37): CodeIgniter\CodeIgniter->run()
#3 /home/emerling/Proyectos/glab/system/Commands/Server/rewrite.php(43): require_once('/home/emerling/...')
#4 {main}
CRITICAL - 2021-12-01 00:53:45 --> Class 'App\Filters\AlreadyLoggedInfilter' not found
#0 /home/emerling/Proyectos/glab/system/CodeIgniter.php(384): CodeIgniter\Filters\Filters->run()
#1 /home/emerling/Proyectos/glab/system/CodeIgniter.php(318): CodeIgniter\CodeIgniter->handleRequest()
#2 /home/emerling/Proyectos/glab/public/index.php(37): CodeIgniter\CodeIgniter->run()
#3 /home/emerling/Proyectos/glab/system/Commands/Server/rewrite.php(43): require_once('/home/emerling/...')
#4 {main}
CRITICAL - 2021-12-01 00:53:45 --> Class 'App\Filters\AlreadyLoggedInfilter' not found
#0 /home/emerling/Proyectos/glab/system/CodeIgniter.php(384): CodeIgniter\Filters\Filters->run()
#1 /home/emerling/Proyectos/glab/system/CodeIgniter.php(318): CodeIgniter\CodeIgniter->handleRequest()
#2 /home/emerling/Proyectos/glab/public/index.php(37): CodeIgniter\CodeIgniter->run()
#3 /home/emerling/Proyectos/glab/system/Commands/Server/rewrite.php(43): require_once('/home/emerling/...')
#4 {main}
CRITICAL - 2021-12-01 00:53:45 --> Class 'App\Filters\AlreadyLoggedInfilter' not found
#0 /home/emerling/Proyectos/glab/system/CodeIgniter.php(384): CodeIgniter\Filters\Filters->run()
#1 /home/emerling/Proyectos/glab/system/CodeIgniter.php(318): CodeIgniter\CodeIgniter->handleRequest()
#2 /home/emerling/Proyectos/glab/public/index.php(37): CodeIgniter\CodeIgniter->run()
#3 /home/emerling/Proyectos/glab/system/Commands/Server/rewrite.php(43): require_once('/home/emerling/...')
#4 {main}
CRITICAL - 2021-12-01 00:53:46 --> Class 'App\Filters\AlreadyLoggedInfilter' not found
#0 /home/emerling/Proyectos/glab/system/CodeIgniter.php(384): CodeIgniter\Filters\Filters->run()
#1 /home/emerling/Proyectos/glab/system/CodeIgniter.php(318): CodeIgniter\CodeIgniter->handleRequest()
#2 /home/emerling/Proyectos/glab/public/index.php(37): CodeIgniter\CodeIgniter->run()
#3 /home/emerling/Proyectos/glab/system/Commands/Server/rewrite.php(43): require_once('/home/emerling/...')
#4 {main}
CRITICAL - 2021-12-01 00:53:46 --> Class 'App\Filters\AlreadyLoggedInfilter' not found
#0 /home/emerling/Proyectos/glab/system/CodeIgniter.php(384): CodeIgniter\Filters\Filters->run()
#1 /home/emerling/Proyectos/glab/system/CodeIgniter.php(318): CodeIgniter\CodeIgniter->handleRequest()
#2 /home/emerling/Proyectos/glab/public/index.php(37): CodeIgniter\CodeIgniter->run()
#3 /home/emerling/Proyectos/glab/system/Commands/Server/rewrite.php(43): require_once('/home/emerling/...')
#4 {main}
CRITICAL - 2021-12-01 00:53:46 --> Class 'App\Filters\AlreadyLoggedInfilter' not found
#0 /home/emerling/Proyectos/glab/system/CodeIgniter.php(384): CodeIgniter\Filters\Filters->run()
#1 /home/emerling/Proyectos/glab/system/CodeIgniter.php(318): CodeIgniter\CodeIgniter->handleRequest()
#2 /home/emerling/Proyectos/glab/public/index.php(37): CodeIgniter\CodeIgniter->run()
#3 /home/emerling/Proyectos/glab/system/Commands/Server/rewrite.php(43): require_once('/home/emerling/...')
#4 {main}
CRITICAL - 2021-12-01 00:53:47 --> Class 'App\Filters\AlreadyLoggedInfilter' not found
#0 /home/emerling/Proyectos/glab/system/CodeIgniter.php(384): CodeIgniter\Filters\Filters->run()
#1 /home/emerling/Proyectos/glab/system/CodeIgniter.php(318): CodeIgniter\CodeIgniter->handleRequest()
#2 /home/emerling/Proyectos/glab/public/index.php(37): CodeIgniter\CodeIgniter->run()
#3 /home/emerling/Proyectos/glab/system/Commands/Server/rewrite.php(43): require_once('/home/emerling/...')
#4 {main}
CRITICAL - 2021-12-01 00:53:47 --> Class 'App\Filters\AlreadyLoggedInfilter' not found
#0 /home/emerling/Proyectos/glab/system/CodeIgniter.php(384): CodeIgniter\Filters\Filters->run()
#1 /home/emerling/Proyectos/glab/system/CodeIgniter.php(318): CodeIgniter\CodeIgniter->handleRequest()
#2 /home/emerling/Proyectos/glab/public/index.php(37): CodeIgniter\CodeIgniter->run()
#3 /home/emerling/Proyectos/glab/system/Commands/Server/rewrite.php(43): require_once('/home/emerling/...')
#4 {main}
CRITICAL - 2021-12-01 00:54:03 --> Class 'App\Filters\AlreadyLoggedInfilter' not found
#0 /home/emerling/Proyectos/glab/system/CodeIgniter.php(384): CodeIgniter\Filters\Filters->run()
#1 /home/emerling/Proyectos/glab/system/CodeIgniter.php(318): CodeIgniter\CodeIgniter->handleRequest()
#2 /home/emerling/Proyectos/glab/public/index.php(37): CodeIgniter\CodeIgniter->run()
#3 /home/emerling/Proyectos/glab/system/Commands/Server/rewrite.php(43): require_once('/home/emerling/...')
#4 {main}
CRITICAL - 2021-12-01 00:54:04 --> Class 'App\Filters\AlreadyLoggedInfilter' not found
#0 /home/emerling/Proyectos/glab/system/CodeIgniter.php(384): CodeIgniter\Filters\Filters->run()
#1 /home/emerling/Proyectos/glab/system/CodeIgniter.php(318): CodeIgniter\CodeIgniter->handleRequest()
#2 /home/emerling/Proyectos/glab/public/index.php(37): CodeIgniter\CodeIgniter->run()
#3 /home/emerling/Proyectos/glab/system/Commands/Server/rewrite.php(43): require_once('/home/emerling/...')
#4 {main}
CRITICAL - 2021-12-01 00:54:04 --> Class 'App\Filters\AlreadyLoggedInfilter' not found
#0 /home/emerling/Proyectos/glab/system/CodeIgniter.php(384): CodeIgniter\Filters\Filters->run()
#1 /home/emerling/Proyectos/glab/system/CodeIgniter.php(318): CodeIgniter\CodeIgniter->handleRequest()
#2 /home/emerling/Proyectos/glab/public/index.php(37): CodeIgniter\CodeIgniter->run()
#3 /home/emerling/Proyectos/glab/system/Commands/Server/rewrite.php(43): require_once('/home/emerling/...')
#4 {main}
CRITICAL - 2021-12-01 00:54:04 --> Class 'App\Filters\AlreadyLoggedInfilter' not found
#0 /home/emerling/Proyectos/glab/system/CodeIgniter.php(384): CodeIgniter\Filters\Filters->run()
#1 /home/emerling/Proyectos/glab/system/CodeIgniter.php(318): CodeIgniter\CodeIgniter->handleRequest()
#2 /home/emerling/Proyectos/glab/public/index.php(37): CodeIgniter\CodeIgniter->run()
#3 /home/emerling/Proyectos/glab/system/Commands/Server/rewrite.php(43): require_once('/home/emerling/...')
#4 {main}
CRITICAL - 2021-12-01 00:54:04 --> Class 'App\Filters\AlreadyLoggedInfilter' not found
#0 /home/emerling/Proyectos/glab/system/CodeIgniter.php(384): CodeIgniter\Filters\Filters->run()
#1 /home/emerling/Proyectos/glab/system/CodeIgniter.php(318): CodeIgniter\CodeIgniter->handleRequest()
#2 /home/emerling/Proyectos/glab/public/index.php(37): CodeIgniter\CodeIgniter->run()
#3 /home/emerling/Proyectos/glab/system/Commands/Server/rewrite.php(43): require_once('/home/emerling/...')
#4 {main}
CRITICAL - 2021-12-01 00:55:01 --> Class 'App\Filters\AlreadyLoggedInfilter' not found
#0 /home/emerling/Proyectos/glab/system/CodeIgniter.php(384): CodeIgniter\Filters\Filters->run()
#1 /home/emerling/Proyectos/glab/system/CodeIgniter.php(318): CodeIgniter\CodeIgniter->handleRequest()
#2 /home/emerling/Proyectos/glab/public/index.php(37): CodeIgniter\CodeIgniter->run()
#3 /home/emerling/Proyectos/glab/system/Commands/Server/rewrite.php(43): require_once('/home/emerling/...')
#4 {main}
CRITICAL - 2021-12-01 00:55:32 --> Class 'App\Filters\AlreadyLoggedInfilter' not found
#0 /home/emerling/Proyectos/glab/system/CodeIgniter.php(384): CodeIgniter\Filters\Filters->run()
#1 /home/emerling/Proyectos/glab/system/CodeIgniter.php(318): CodeIgniter\CodeIgniter->handleRequest()
#2 /home/emerling/Proyectos/glab/public/index.php(37): CodeIgniter\CodeIgniter->run()
#3 /home/emerling/Proyectos/glab/system/Commands/Server/rewrite.php(43): require_once('/home/emerling/...')
#4 {main}
CRITICAL - 2021-12-01 00:55:57 --> Class 'App\Filters\AlreadyLoggedInfilter' not found
#0 /home/emerling/Proyectos/glab/system/CodeIgniter.php(384): CodeIgniter\Filters\Filters->run()
#1 /home/emerling/Proyectos/glab/system/CodeIgniter.php(318): CodeIgniter\CodeIgniter->handleRequest()
#2 /home/emerling/Proyectos/glab/public/index.php(37): CodeIgniter\CodeIgniter->run()
#3 /home/emerling/Proyectos/glab/system/Commands/Server/rewrite.php(43): require_once('/home/emerling/...')
#4 {main}
CRITICAL - 2021-12-01 00:55:58 --> Class 'App\Filters\AlreadyLoggedInfilter' not found
#0 /home/emerling/Proyectos/glab/system/CodeIgniter.php(384): CodeIgniter\Filters\Filters->run()
#1 /home/emerling/Proyectos/glab/system/CodeIgniter.php(318): CodeIgniter\CodeIgniter->handleRequest()
#2 /home/emerling/Proyectos/glab/public/index.php(37): CodeIgniter\CodeIgniter->run()
#3 /home/emerling/Proyectos/glab/system/Commands/Server/rewrite.php(43): require_once('/home/emerling/...')
#4 {main}
CRITICAL - 2021-12-01 00:56:00 --> Class 'App\Filters\AlreadyLoggedInfilter' not found
#0 /home/emerling/Proyectos/glab/system/CodeIgniter.php(384): CodeIgniter\Filters\Filters->run()
#1 /home/emerling/Proyectos/glab/system/CodeIgniter.php(318): CodeIgniter\CodeIgniter->handleRequest()
#2 /home/emerling/Proyectos/glab/public/index.php(37): CodeIgniter\CodeIgniter->run()
#3 /home/emerling/Proyectos/glab/system/Commands/Server/rewrite.php(43): require_once('/home/emerling/...')
#4 {main}
CRITICAL - 2021-12-01 00:56:28 --> Class 'App\Filters\AlreadyLoggedInfilter' not found
#0 /home/emerling/Proyectos/glab/system/CodeIgniter.php(384): CodeIgniter\Filters\Filters->run()
#1 /home/emerling/Proyectos/glab/system/CodeIgniter.php(318): CodeIgniter\CodeIgniter->handleRequest()
#2 /home/emerling/Proyectos/glab/public/index.php(37): CodeIgniter\CodeIgniter->run()
#3 /home/emerling/Proyectos/glab/system/Commands/Server/rewrite.php(43): require_once('/home/emerling/...')
#4 {main}
CRITICAL - 2021-12-01 00:56:44 --> Class 'App\Filters\AlreadyLoggedInfilter' not found
#0 /home/emerling/Proyectos/glab/system/CodeIgniter.php(384): CodeIgniter\Filters\Filters->run()
#1 /home/emerling/Proyectos/glab/system/CodeIgniter.php(318): CodeIgniter\CodeIgniter->handleRequest()
#2 /home/emerling/Proyectos/glab/public/index.php(37): CodeIgniter\CodeIgniter->run()
#3 /home/emerling/Proyectos/glab/system/Commands/Server/rewrite.php(43): require_once('/home/emerling/...')
#4 {main}
CRITICAL - 2021-12-01 00:56:47 --> Class 'App\Filters\AlreadyLoggedInfilter' not found
#0 /home/emerling/Proyectos/glab/system/CodeIgniter.php(384): CodeIgniter\Filters\Filters->run()
#1 /home/emerling/Proyectos/glab/system/CodeIgniter.php(318): CodeIgniter\CodeIgniter->handleRequest()
#2 /home/emerling/Proyectos/glab/public/index.php(37): CodeIgniter\CodeIgniter->run()
#3 /home/emerling/Proyectos/glab/system/Commands/Server/rewrite.php(43): require_once('/home/emerling/...')
#4 {main}
CRITICAL - 2021-12-01 00:56:55 --> Class 'App\Filters\AlreadyLoggedInfilter' not found
#0 /home/emerling/Proyectos/glab/system/CodeIgniter.php(384): CodeIgniter\Filters\Filters->run()
#1 /home/emerling/Proyectos/glab/system/CodeIgniter.php(318): CodeIgniter\CodeIgniter->handleRequest()
#2 /home/emerling/Proyectos/glab/public/index.php(37): CodeIgniter\CodeIgniter->run()
#3 /home/emerling/Proyectos/glab/system/Commands/Server/rewrite.php(43): require_once('/home/emerling/...')
#4 {main}
